[0.021s] Invoking command in '/home/lemon/Documents/detect_ros2_ws/build/detection_launch': CMAKE_PREFIX_PATH=/opt/ros/humble /usr/bin/cmake --build /home/lemon/Documents/detect_ros2_ws/build/detection_launch -- -j2 -l2
[0.082s] Invoked command in '/home/lemon/Documents/detect_ros2_ws/build/detection_launch' returned '0': CMAKE_PREFIX_PATH=/opt/ros/humble /usr/bin/cmake --build /home/lemon/Documents/detect_ros2_ws/build/detection_launch -- -j2 -l2
[0.105s] Invoking command in '/home/lemon/Documents/detect_ros2_ws/build/detection_launch': CMAKE_PREFIX_PATH=/opt/ros/humble /usr/bin/cmake --install /home/lemon/Documents/detect_ros2_ws/build/detection_launch
[0.137s] -- Install configuration: ""
[0.137s] -- Up-to-date: /home/lemon/Documents/detect_ros2_ws/install/detection_launch/share/detection_launch/launch
[0.137s] -- Up-to-date: /home/lemon/Documents/detect_ros2_ws/install/detection_launch/share/detection_launch/launch/detection.launch.py
[0.138s] -- Up-to-date: /home/lemon/Documents/detect_ros2_ws/install/detection_launch/share/ament_index/resource_index/package_run_dependencies/detection_launch
[0.138s] -- Up-to-date: /home/lemon/Documents/detect_ros2_ws/install/detection_launch/share/ament_index/resource_index/parent_prefix_path/detection_launch
[0.138s] -- Up-to-date: /home/lemon/Documents/detect_ros2_ws/install/detection_launch/share/detection_launch/environment/ament_prefix_path.sh
[0.139s] -- Up-to-date: /home/lemon/Documents/detect_ros2_ws/install/detection_launch/share/detection_launch/environment/ament_prefix_path.dsv
[0.140s] -- Up-to-date: /home/lemon/Documents/detect_ros2_ws/install/detection_launch/share/detection_launch/environment/path.sh
[0.141s] -- Up-to-date: /home/lemon/Documents/detect_ros2_ws/install/detection_launch/share/detection_launch/environment/path.dsv
[0.141s] -- Up-to-date: /home/lemon/Documents/detect_ros2_ws/install/detection_launch/share/detection_launch/local_setup.bash
[0.144s] -- Up-to-date: /home/lemon/Documents/detect_ros2_ws/install/detection_launch/share/detection_launch/local_setup.sh
[0.148s] -- Up-to-date: /home/lemon/Documents/detect_ros2_ws/install/detection_launch/share/detection_launch/local_setup.zsh
[0.151s] -- Up-to-date: /home/lemon/Documents/detect_ros2_ws/install/detection_launch/share/detection_launch/local_setup.dsv
[0.151s] -- Installing: /home/lemon/Documents/detect_ros2_ws/install/detection_launch/share/detection_launch/package.dsv
[0.154s] -- Up-to-date: /home/lemon/Documents/detect_ros2_ws/install/detection_launch/share/ament_index/resource_index/packages/detection_launch
[0.154s] -- Up-to-date: /home/lemon/Documents/detect_ros2_ws/install/detection_launch/share/detection_launch/cmake/detection_launchConfig.cmake
[0.154s] -- Up-to-date: /home/lemon/Documents/detect_ros2_ws/install/detection_launch/share/detection_launch/cmake/detection_launchConfig-version.cmake
[0.159s] -- Up-to-date: /home/lemon/Documents/detect_ros2_ws/install/detection_launch/share/detection_launch/package.xml
[0.166s] Invoked command in '/home/lemon/Documents/detect_ros2_ws/build/detection_launch' returned '0': CMAKE_PREFIX_PATH=/opt/ros/humble /usr/bin/cmake --install /home/lemon/Documents/detect_ros2_ws/build/detection_launch
