[0.031s] Invoking command in '/home/lemon/Documents/detect_ros2_ws/build/video_publisher': CMAKE_PREFIX_PATH=${CMAKE_PREFIX_PATH}:/opt/ros/humble /usr/bin/cmake --build /home/lemon/Documents/detect_ros2_ws/build/video_publisher -- -j2 -l2
[0.163s] [35m[1mConsolidate compiler generated dependencies of target video_publisher_node[0m
[0.221s] [100%] Built target video_publisher_node
[0.259s] Invoked command in '/home/lemon/Documents/detect_ros2_ws/build/video_publisher' returned '0': CMAKE_PREFIX_PATH=${CMAKE_PREFIX_PATH}:/opt/ros/humble /usr/bin/cmake --build /home/lemon/Documents/detect_ros2_ws/build/video_publisher -- -j2 -l2
[0.270s] Invoking command in '/home/lemon/Documents/detect_ros2_ws/build/video_publisher': CMAKE_PREFIX_PATH=${CMAKE_PREFIX_PATH}:/opt/ros/humble /usr/bin/cmake --install /home/lemon/Documents/detect_ros2_ws/build/video_publisher
[0.301s] -- Install configuration: ""
[0.301s] -- Up-to-date: /home/lemon/Documents/detect_ros2_ws/install/video_publisher/lib/video_publisher/video_publisher_node
[0.301s] -- Up-to-date: /home/lemon/Documents/detect_ros2_ws/install/video_publisher/share/ament_index/resource_index/package_run_dependencies/video_publisher
[0.302s] -- Up-to-date: /home/lemon/Documents/detect_ros2_ws/install/video_publisher/share/ament_index/resource_index/parent_prefix_path/video_publisher
[0.302s] -- Up-to-date: /home/lemon/Documents/detect_ros2_ws/install/video_publisher/share/video_publisher/environment/ament_prefix_path.sh
[0.302s] -- Up-to-date: /home/lemon/Documents/detect_ros2_ws/install/video_publisher/share/video_publisher/environment/ament_prefix_path.dsv
[0.302s] -- Up-to-date: /home/lemon/Documents/detect_ros2_ws/install/video_publisher/share/video_publisher/environment/path.sh
[0.302s] -- Up-to-date: /home/lemon/Documents/detect_ros2_ws/install/video_publisher/share/video_publisher/environment/path.dsv
[0.302s] -- Up-to-date: /home/lemon/Documents/detect_ros2_ws/install/video_publisher/share/video_publisher/local_setup.bash
[0.302s] -- Up-to-date: /home/lemon/Documents/detect_ros2_ws/install/video_publisher/share/video_publisher/local_setup.sh
[0.302s] -- Up-to-date: /home/lemon/Documents/detect_ros2_ws/install/video_publisher/share/video_publisher/local_setup.zsh
[0.302s] -- Up-to-date: /home/lemon/Documents/detect_ros2_ws/install/video_publisher/share/video_publisher/local_setup.dsv
[0.303s] -- Installing: /home/lemon/Documents/detect_ros2_ws/install/video_publisher/share/video_publisher/package.dsv
[0.303s] -- Up-to-date: /home/lemon/Documents/detect_ros2_ws/install/video_publisher/share/ament_index/resource_index/packages/video_publisher
[0.303s] -- Up-to-date: /home/lemon/Documents/detect_ros2_ws/install/video_publisher/share/video_publisher/cmake/video_publisherConfig.cmake
[0.303s] -- Up-to-date: /home/lemon/Documents/detect_ros2_ws/install/video_publisher/share/video_publisher/cmake/video_publisherConfig-version.cmake
[0.303s] -- Up-to-date: /home/lemon/Documents/detect_ros2_ws/install/video_publisher/share/video_publisher/package.xml
[0.303s] Invoked command in '/home/lemon/Documents/detect_ros2_ws/build/video_publisher' returned '0': CMAKE_PREFIX_PATH=${CMAKE_PREFIX_PATH}:/opt/ros/humble /usr/bin/cmake --install /home/lemon/Documents/detect_ros2_ws/build/video_publisher
