[0.048s] Invoking command in '/home/lemon/Documents/detect_ros2_ws/build/video_publisher': CMAKE_PREFIX_PATH=${CMAKE_PREFIX_PATH}:/opt/ros/humble /usr/bin/cmake --build /home/lemon/Documents/detect_ros2_ws/build/video_publisher -- -j2 -l2
[0.209s] [100%] Built target video_publisher_node
[0.252s] Invoked command in '/home/lemon/Documents/detect_ros2_ws/build/video_publisher' returned '0': CMAKE_PREFIX_PATH=${CMAKE_PREFIX_PATH}:/opt/ros/humble /usr/bin/cmake --build /home/lemon/Documents/detect_ros2_ws/build/video_publisher -- -j2 -l2
[0.256s] Invoking command in '/home/lemon/Documents/detect_ros2_ws/build/video_publisher': CMAKE_PREFIX_PATH=${CMAKE_PREFIX_PATH}:/opt/ros/humble /usr/bin/cmake --install /home/lemon/Documents/detect_ros2_ws/build/video_publisher
[0.275s] -- Install configuration: ""
[0.275s] -- Up-to-date: /home/lemon/Documents/detect_ros2_ws/install/video_publisher/lib/video_publisher/video_publisher_node
[0.275s] -- Up-to-date: /home/lemon/Documents/detect_ros2_ws/install/video_publisher/share/ament_index/resource_index/package_run_dependencies/video_publisher
[0.275s] -- Up-to-date: /home/lemon/Documents/detect_ros2_ws/install/video_publisher/share/ament_index/resource_index/parent_prefix_path/video_publisher
[0.276s] -- Up-to-date: /home/lemon/Documents/detect_ros2_ws/install/video_publisher/share/video_publisher/environment/ament_prefix_path.sh
[0.276s] -- Up-to-date: /home/lemon/Documents/detect_ros2_ws/install/video_publisher/share/video_publisher/environment/ament_prefix_path.dsv
[0.276s] -- Up-to-date: /home/lemon/Documents/detect_ros2_ws/install/video_publisher/share/video_publisher/environment/path.sh
[0.276s] -- Up-to-date: /home/lemon/Documents/detect_ros2_ws/install/video_publisher/share/video_publisher/environment/path.dsv
[0.276s] -- Up-to-date: /home/lemon/Documents/detect_ros2_ws/install/video_publisher/share/video_publisher/local_setup.bash
[0.276s] -- Up-to-date: /home/lemon/Documents/detect_ros2_ws/install/video_publisher/share/video_publisher/local_setup.sh
[0.277s] -- Up-to-date: /home/lemon/Documents/detect_ros2_ws/install/video_publisher/share/video_publisher/local_setup.zsh
[0.277s] -- Up-to-date: /home/lemon/Documents/detect_ros2_ws/install/video_publisher/share/video_publisher/local_setup.dsv
[0.291s] -- Installing: /home/lemon/Documents/detect_ros2_ws/install/video_publisher/share/video_publisher/package.dsv
[0.292s] -- Up-to-date: /home/lemon/Documents/detect_ros2_ws/install/video_publisher/share/ament_index/resource_index/packages/video_publisher
[0.292s] -- Up-to-date: /home/lemon/Documents/detect_ros2_ws/install/video_publisher/share/video_publisher/cmake/video_publisherConfig.cmake
[0.292s] -- Up-to-date: /home/lemon/Documents/detect_ros2_ws/install/video_publisher/share/video_publisher/cmake/video_publisherConfig-version.cmake
[0.293s] -- Up-to-date: /home/lemon/Documents/detect_ros2_ws/install/video_publisher/share/video_publisher/package.xml
[0.295s] Invoked command in '/home/lemon/Documents/detect_ros2_ws/build/video_publisher' returned '0': CMAKE_PREFIX_PATH=${CMAKE_PREFIX_PATH}:/opt/ros/humble /usr/bin/cmake --install /home/lemon/Documents/detect_ros2_ws/build/video_publisher
