[0.032s] Invoking command in '/home/lemon/Documents/detect_ros2_ws/build/result_viewer': CMAKE_PREFIX_PATH=/opt/ros/humble /usr/bin/cmake /home/lemon/Documents/detect_ros2_ws/src/result_viewer -DCMAKE_INSTALL_PREFIX=/home/lemon/Documents/detect_ros2_ws/install/result_viewer
[0.171s] -- The C compiler identification is GNU 11.4.0
[0.297s] -- The CXX compiler identification is GNU 11.4.0
[0.308s] -- Detecting C compiler ABI info
[0.443s] -- Detecting C compiler ABI info - done
[0.458s] -- Check for working C compiler: /usr/bin/cc - skipped
[0.458s] -- Detecting C compile features
[0.459s] -- Detecting C compile features - done
[0.465s] -- Detecting CXX compiler ABI info
[0.587s] -- Detecting CXX compiler ABI info - done
[0.634s] -- Check for working CXX compiler: /usr/bin/c++ - skipped
[0.635s] -- Detecting CXX compile features
[0.638s] -- Detecting CXX compile features - done
[0.645s] -- Found ament_cmake: 1.3.11 (/opt/ros/humble/share/ament_cmake/cmake)
[0.919s] -- Found Python3: /usr/bin/python3 (found version "3.10.12") found components: Interpreter 
[1.043s] -- Found rclcpp: 16.0.12 (/opt/ros/humble/share/rclcpp/cmake)
[1.101s] -- Found rosidl_generator_c: 3.1.6 (/opt/ros/humble/share/rosidl_generator_c/cmake)
[1.108s] -- Found rosidl_adapter: 3.1.6 (/opt/ros/humble/share/rosidl_adapter/cmake)
[1.122s] -- Found rosidl_generator_cpp: 3.1.6 (/opt/ros/humble/share/rosidl_generator_cpp/cmake)
[1.138s] -- Using all available rosidl_typesupport_c: rosidl_typesupport_fastrtps_c;rosidl_typesupport_introspection_c
[1.162s] -- Using all available rosidl_typesupport_cpp: rosidl_typesupport_fastrtps_cpp;rosidl_typesupport_introspection_cpp
[1.246s] -- Found rmw_implementation_cmake: 6.1.2 (/opt/ros/humble/share/rmw_implementation_cmake/cmake)
[1.253s] -- Found rmw_fastrtps_cpp: 6.2.7 (/opt/ros/humble/share/rmw_fastrtps_cpp/cmake)
[1.492s] -- Found OpenSSL: /usr/lib/x86_64-linux-gnu/libcrypto.so (found version "3.0.2")  
[1.529s] -- Found FastRTPS: /opt/ros/humble/include  
[1.586s] -- Using RMW implementation 'rmw_fastrtps_cpp' as default
[1.597s] -- Looking for pthread.h
[1.723s] -- Looking for pthread.h - found
[1.726s] -- Performing Test CMAKE_HAVE_LIBC_PTHREAD
[1.866s] -- Performing Test CMAKE_HAVE_LIBC_PTHREAD - Success
[1.868s] -- Found Threads: TRUE  
[1.955s] -- Found cv_bridge: 3.2.1 (/opt/ros/humble/share/cv_bridge/cmake)
[2.034s] -- Found image_transport: 3.1.12 (/opt/ros/humble/share/image_transport/cmake)
[2.083s] -- Found OpenCV: /usr (found version "4.5.4") 
[2.088s] -- Found vision_msgs: 4.1.1 (/opt/ros/humble/share/vision_msgs/cmake)
[2.226s] -- Configuring done
[2.257s] -- Generating done
[2.268s] -- Build files have been written to: /home/lemon/Documents/detect_ros2_ws/build/result_viewer
[2.293s] Invoked command in '/home/lemon/Documents/detect_ros2_ws/build/result_viewer' returned '0': CMAKE_PREFIX_PATH=/opt/ros/humble /usr/bin/cmake /home/lemon/Documents/detect_ros2_ws/src/result_viewer -DCMAKE_INSTALL_PREFIX=/home/lemon/Documents/detect_ros2_ws/install/result_viewer
[2.297s] Invoking command in '/home/lemon/Documents/detect_ros2_ws/build/result_viewer': CMAKE_PREFIX_PATH=/opt/ros/humble /usr/bin/cmake --build /home/lemon/Documents/detect_ros2_ws/build/result_viewer -- -j2 -l2
[2.389s] [ 50%] [32mBuilding CXX object CMakeFiles/result_viewer_node.dir/src/result_viewer_node.cpp.o[0m
[15.946s] [100%] [32m[1mLinking CXX executable result_viewer_node[0m
[17.711s] [100%] Built target result_viewer_node
[17.731s] Invoked command in '/home/lemon/Documents/detect_ros2_ws/build/result_viewer' returned '0': CMAKE_PREFIX_PATH=/opt/ros/humble /usr/bin/cmake --build /home/lemon/Documents/detect_ros2_ws/build/result_viewer -- -j2 -l2
[17.732s] Invoking command in '/home/lemon/Documents/detect_ros2_ws/build/result_viewer': CMAKE_PREFIX_PATH=/opt/ros/humble /usr/bin/cmake --install /home/lemon/Documents/detect_ros2_ws/build/result_viewer
[17.746s] -- Install configuration: ""
[17.746s] -- Installing: /home/lemon/Documents/detect_ros2_ws/install/result_viewer/lib/result_viewer/result_viewer_node
[17.752s] -- Set runtime path of "/home/lemon/Documents/detect_ros2_ws/install/result_viewer/lib/result_viewer/result_viewer_node" to ""
[17.753s] -- Installing: /home/lemon/Documents/detect_ros2_ws/install/result_viewer/share/ament_index/resource_index/package_run_dependencies/result_viewer
[17.753s] -- Installing: /home/lemon/Documents/detect_ros2_ws/install/result_viewer/share/ament_index/resource_index/parent_prefix_path/result_viewer
[17.753s] -- Installing: /home/lemon/Documents/detect_ros2_ws/install/result_viewer/share/result_viewer/environment/ament_prefix_path.sh
[17.755s] -- Installing: /home/lemon/Documents/detect_ros2_ws/install/result_viewer/share/result_viewer/environment/ament_prefix_path.dsv
[17.756s] -- Installing: /home/lemon/Documents/detect_ros2_ws/install/result_viewer/share/result_viewer/environment/path.sh
[17.757s] -- Installing: /home/lemon/Documents/detect_ros2_ws/install/result_viewer/share/result_viewer/environment/path.dsv
[17.758s] -- Installing: /home/lemon/Documents/detect_ros2_ws/install/result_viewer/share/result_viewer/local_setup.bash
[17.758s] -- Installing: /home/lemon/Documents/detect_ros2_ws/install/result_viewer/share/result_viewer/local_setup.sh
[17.758s] -- Installing: /home/lemon/Documents/detect_ros2_ws/install/result_viewer/share/result_viewer/local_setup.zsh
[17.758s] -- Installing: /home/lemon/Documents/detect_ros2_ws/install/result_viewer/share/result_viewer/local_setup.dsv
[17.758s] -- Installing: /home/lemon/Documents/detect_ros2_ws/install/result_viewer/share/result_viewer/package.dsv
[17.759s] -- Installing: /home/lemon/Documents/detect_ros2_ws/install/result_viewer/share/ament_index/resource_index/packages/result_viewer
[17.760s] -- Installing: /home/lemon/Documents/detect_ros2_ws/install/result_viewer/share/result_viewer/cmake/result_viewerConfig.cmake
[17.760s] -- Installing: /home/lemon/Documents/detect_ros2_ws/install/result_viewer/share/result_viewer/cmake/result_viewerConfig-version.cmake
[17.761s] -- Installing: /home/lemon/Documents/detect_ros2_ws/install/result_viewer/share/result_viewer/package.xml
[17.763s] Invoked command in '/home/lemon/Documents/detect_ros2_ws/build/result_viewer' returned '0': CMAKE_PREFIX_PATH=/opt/ros/humble /usr/bin/cmake --install /home/lemon/Documents/detect_ros2_ws/build/result_viewer
