[0.022s] Invoking command in '/home/lemon/Documents/detect_ros2_ws/build/video_publisher': CMAKE_PREFIX_PATH=/opt/ros/humble /usr/bin/cmake /home/lemon/Documents/detect_ros2_ws/src/video_publisher -DCMAKE_INSTALL_PREFIX=/home/lemon/Documents/detect_ros2_ws/install/video_publisher
[0.198s] -- The C compiler identification is GNU 11.4.0
[0.329s] -- The CXX compiler identification is GNU 11.4.0
[0.346s] -- Detecting C compiler ABI info
[0.472s] -- Detecting C compiler ABI info - done
[0.503s] -- Check for working C compiler: /usr/bin/cc - skipped
[0.504s] -- Detecting C compile features
[0.508s] -- Detecting C compile features - done
[0.515s] -- Detecting CXX compiler ABI info
[0.714s] -- Detecting CXX compiler ABI info - done
[0.728s] -- Check for working CXX compiler: /usr/bin/c++ - skipped
[0.729s] -- Detecting CXX compile features
[0.729s] -- Detecting CXX compile features - done
[0.732s] -- Found ament_cmake: 1.3.11 (/opt/ros/humble/share/ament_cmake/cmake)
[0.951s] -- Found Python3: /usr/bin/python3 (found version "3.10.12") found components: Interpreter 
[1.089s] -- Found rclcpp: 16.0.12 (/opt/ros/humble/share/rclcpp/cmake)
[1.158s] -- Found rosidl_generator_c: 3.1.6 (/opt/ros/humble/share/rosidl_generator_c/cmake)
[1.164s] -- Found rosidl_adapter: 3.1.6 (/opt/ros/humble/share/rosidl_adapter/cmake)
[1.176s] -- Found rosidl_generator_cpp: 3.1.6 (/opt/ros/humble/share/rosidl_generator_cpp/cmake)
[1.192s] -- Using all available rosidl_typesupport_c: rosidl_typesupport_fastrtps_c;rosidl_typesupport_introspection_c
[1.219s] -- Using all available rosidl_typesupport_cpp: rosidl_typesupport_fastrtps_cpp;rosidl_typesupport_introspection_cpp
[1.286s] -- Found rmw_implementation_cmake: 6.1.2 (/opt/ros/humble/share/rmw_implementation_cmake/cmake)
[1.292s] -- Found rmw_fastrtps_cpp: 6.2.7 (/opt/ros/humble/share/rmw_fastrtps_cpp/cmake)
[1.432s] -- Found OpenSSL: /usr/lib/x86_64-linux-gnu/libcrypto.so (found version "3.0.2")  
[1.469s] -- Found FastRTPS: /opt/ros/humble/include  
[1.534s] -- Using RMW implementation 'rmw_fastrtps_cpp' as default
[1.544s] -- Looking for pthread.h
[1.705s] -- Looking for pthread.h - found
[1.716s] -- Performing Test CMAKE_HAVE_LIBC_PTHREAD
[1.924s] -- Performing Test CMAKE_HAVE_LIBC_PTHREAD - Success
[1.924s] -- Found Threads: TRUE  
[2.058s] -- Found cv_bridge: 3.2.1 (/opt/ros/humble/share/cv_bridge/cmake)
[2.168s] -- Found image_transport: 3.1.12 (/opt/ros/humble/share/image_transport/cmake)
[2.221s] -- Found OpenCV: /usr (found version "4.5.4") 
[2.340s] -- Configuring done
[2.375s] -- Generating done
[2.386s] -- Build files have been written to: /home/lemon/Documents/detect_ros2_ws/build/video_publisher
[2.408s] Invoked command in '/home/lemon/Documents/detect_ros2_ws/build/video_publisher' returned '0': CMAKE_PREFIX_PATH=/opt/ros/humble /usr/bin/cmake /home/lemon/Documents/detect_ros2_ws/src/video_publisher -DCMAKE_INSTALL_PREFIX=/home/lemon/Documents/detect_ros2_ws/install/video_publisher
[2.409s] Invoking command in '/home/lemon/Documents/detect_ros2_ws/build/video_publisher': CMAKE_PREFIX_PATH=/opt/ros/humble /usr/bin/cmake --build /home/lemon/Documents/detect_ros2_ws/build/video_publisher -- -j2 -l2
[2.542s] [ 50%] [32mBuilding CXX object CMakeFiles/video_publisher_node.dir/src/video_publisher_node.cpp.o[0m
[8.654s] [100%] [32m[1mLinking CXX executable video_publisher_node[0m
[9.619s] [100%] Built target video_publisher_node
[9.634s] Invoked command in '/home/lemon/Documents/detect_ros2_ws/build/video_publisher' returned '0': CMAKE_PREFIX_PATH=/opt/ros/humble /usr/bin/cmake --build /home/lemon/Documents/detect_ros2_ws/build/video_publisher -- -j2 -l2
[9.637s] Invoking command in '/home/lemon/Documents/detect_ros2_ws/build/video_publisher': CMAKE_PREFIX_PATH=/opt/ros/humble /usr/bin/cmake --install /home/lemon/Documents/detect_ros2_ws/build/video_publisher
[9.645s] -- Install configuration: ""
[9.645s] -- Installing: /home/lemon/Documents/detect_ros2_ws/install/video_publisher/lib/video_publisher/video_publisher_node
[9.646s] -- Set runtime path of "/home/lemon/Documents/detect_ros2_ws/install/video_publisher/lib/video_publisher/video_publisher_node" to ""
[9.646s] -- Installing: /home/lemon/Documents/detect_ros2_ws/install/video_publisher/share/ament_index/resource_index/package_run_dependencies/video_publisher
[9.646s] -- Installing: /home/lemon/Documents/detect_ros2_ws/install/video_publisher/share/ament_index/resource_index/parent_prefix_path/video_publisher
[9.646s] -- Installing: /home/lemon/Documents/detect_ros2_ws/install/video_publisher/share/video_publisher/environment/ament_prefix_path.sh
[9.646s] -- Installing: /home/lemon/Documents/detect_ros2_ws/install/video_publisher/share/video_publisher/environment/ament_prefix_path.dsv
[9.647s] -- Installing: /home/lemon/Documents/detect_ros2_ws/install/video_publisher/share/video_publisher/environment/path.sh
[9.647s] -- Installing: /home/lemon/Documents/detect_ros2_ws/install/video_publisher/share/video_publisher/environment/path.dsv
[9.647s] -- Installing: /home/lemon/Documents/detect_ros2_ws/install/video_publisher/share/video_publisher/local_setup.bash
[9.647s] -- Installing: /home/lemon/Documents/detect_ros2_ws/install/video_publisher/share/video_publisher/local_setup.sh
[9.647s] -- Installing: /home/lemon/Documents/detect_ros2_ws/install/video_publisher/share/video_publisher/local_setup.zsh
[9.648s] -- Installing: /home/lemon/Documents/detect_ros2_ws/install/video_publisher/share/video_publisher/local_setup.dsv
[9.648s] -- Installing: /home/lemon/Documents/detect_ros2_ws/install/video_publisher/share/video_publisher/package.dsv
[9.648s] -- Installing: /home/lemon/Documents/detect_ros2_ws/install/video_publisher/share/ament_index/resource_index/packages/video_publisher
[9.648s] -- Installing: /home/lemon/Documents/detect_ros2_ws/install/video_publisher/share/video_publisher/cmake/video_publisherConfig.cmake
[9.649s] -- Installing: /home/lemon/Documents/detect_ros2_ws/install/video_publisher/share/video_publisher/cmake/video_publisherConfig-version.cmake
[9.649s] -- Installing: /home/lemon/Documents/detect_ros2_ws/install/video_publisher/share/video_publisher/package.xml
[9.653s] Invoked command in '/home/lemon/Documents/detect_ros2_ws/build/video_publisher' returned '0': CMAKE_PREFIX_PATH=/opt/ros/humble /usr/bin/cmake --install /home/lemon/Documents/detect_ros2_ws/build/video_publisher
