[0.020s] Invoking command in '/home/lemon/Documents/detect_ros2_ws/build/result_viewer': CMAKE_PREFIX_PATH=${CMAKE_PREFIX_PATH}:/opt/ros/humble /usr/bin/cmake --build /home/lemon/Documents/detect_ros2_ws/build/result_viewer -- -j2 -l2
[0.173s] [35m[1mConsolidate compiler generated dependencies of target result_viewer_node[0m
[0.234s] [ 50%] [32mBuilding CXX object CMakeFiles/result_viewer_node.dir/src/result_viewer_node.cpp.o[0m
[11.207s] [100%] [32m[1mLinking CXX executable result_viewer_node[0m
[12.730s] [100%] Built target result_viewer_node
[12.743s] Invoked command in '/home/lemon/Documents/detect_ros2_ws/build/result_viewer' returned '0': CMAKE_PREFIX_PATH=${CMAKE_PREFIX_PATH}:/opt/ros/humble /usr/bin/cmake --build /home/lemon/Documents/detect_ros2_ws/build/result_viewer -- -j2 -l2
[12.746s] Invoking command in '/home/lemon/Documents/detect_ros2_ws/build/result_viewer': CMAKE_PREFIX_PATH=${CMAKE_PREFIX_PATH}:/opt/ros/humble /usr/bin/cmake --install /home/lemon/Documents/detect_ros2_ws/build/result_viewer
[12.754s] -- Install configuration: ""
[12.755s] -- Installing: /home/lemon/Documents/detect_ros2_ws/install/result_viewer/lib/result_viewer/result_viewer_node
[12.762s] -- Set runtime path of "/home/lemon/Documents/detect_ros2_ws/install/result_viewer/lib/result_viewer/result_viewer_node" to ""
[12.762s] -- Up-to-date: /home/lemon/Documents/detect_ros2_ws/install/result_viewer/share/ament_index/resource_index/package_run_dependencies/result_viewer
[12.762s] -- Up-to-date: /home/lemon/Documents/detect_ros2_ws/install/result_viewer/share/ament_index/resource_index/parent_prefix_path/result_viewer
[12.763s] -- Up-to-date: /home/lemon/Documents/detect_ros2_ws/install/result_viewer/share/result_viewer/environment/ament_prefix_path.sh
[12.763s] -- Up-to-date: /home/lemon/Documents/detect_ros2_ws/install/result_viewer/share/result_viewer/environment/ament_prefix_path.dsv
[12.763s] -- Up-to-date: /home/lemon/Documents/detect_ros2_ws/install/result_viewer/share/result_viewer/environment/path.sh
[12.764s] -- Up-to-date: /home/lemon/Documents/detect_ros2_ws/install/result_viewer/share/result_viewer/environment/path.dsv
[12.764s] -- Up-to-date: /home/lemon/Documents/detect_ros2_ws/install/result_viewer/share/result_viewer/local_setup.bash
[12.764s] -- Up-to-date: /home/lemon/Documents/detect_ros2_ws/install/result_viewer/share/result_viewer/local_setup.sh
[12.764s] -- Up-to-date: /home/lemon/Documents/detect_ros2_ws/install/result_viewer/share/result_viewer/local_setup.zsh
[12.764s] -- Up-to-date: /home/lemon/Documents/detect_ros2_ws/install/result_viewer/share/result_viewer/local_setup.dsv
[12.764s] -- Installing: /home/lemon/Documents/detect_ros2_ws/install/result_viewer/share/result_viewer/package.dsv
[12.764s] -- Up-to-date: /home/lemon/Documents/detect_ros2_ws/install/result_viewer/share/ament_index/resource_index/packages/result_viewer
[12.764s] -- Up-to-date: /home/lemon/Documents/detect_ros2_ws/install/result_viewer/share/result_viewer/cmake/result_viewerConfig.cmake
[12.764s] -- Up-to-date: /home/lemon/Documents/detect_ros2_ws/install/result_viewer/share/result_viewer/cmake/result_viewerConfig-version.cmake
[12.764s] -- Up-to-date: /home/lemon/Documents/detect_ros2_ws/install/result_viewer/share/result_viewer/package.xml
[12.766s] Invoked command in '/home/lemon/Documents/detect_ros2_ws/build/result_viewer' returned '0': CMAKE_PREFIX_PATH=${CMAKE_PREFIX_PATH}:/opt/ros/humble /usr/bin/cmake --install /home/lemon/Documents/detect_ros2_ws/build/result_viewer
