[0.031s] Invoking command in '/home/lemon/Documents/detect_ros2_ws/build/object_detector': CMAKE_PREFIX_PATH=${CMAKE_PREFIX_PATH}:/opt/ros/humble /usr/bin/cmake --build /home/lemon/Documents/detect_ros2_ws/build/object_detector -- -j2 -l2
[0.121s] [100%] Built target object_detection_node
[0.152s] Invoked command in '/home/lemon/Documents/detect_ros2_ws/build/object_detector' returned '0': CMAKE_PREFIX_PATH=${CMAKE_PREFIX_PATH}:/opt/ros/humble /usr/bin/cmake --build /home/lemon/Documents/detect_ros2_ws/build/object_detector -- -j2 -l2
[0.156s] Invoking command in '/home/lemon/Documents/detect_ros2_ws/build/object_detector': CMAKE_PREFIX_PATH=${CMAKE_PREFIX_PATH}:/opt/ros/humble /usr/bin/cmake --install /home/lemon/Documents/detect_ros2_ws/build/object_detector
[0.172s] -- Install configuration: ""
[0.172s] -- Up-to-date: /home/lemon/Documents/detect_ros2_ws/install/object_detector/lib/object_detector/object_detection_node
[0.172s] -- Up-to-date: /home/lemon/Documents/detect_ros2_ws/install/object_detector/share/ament_index/resource_index/package_run_dependencies/object_detector
[0.172s] -- Up-to-date: /home/lemon/Documents/detect_ros2_ws/install/object_detector/share/ament_index/resource_index/parent_prefix_path/object_detector
[0.172s] -- Up-to-date: /home/lemon/Documents/detect_ros2_ws/install/object_detector/share/object_detector/environment/ament_prefix_path.sh
[0.172s] -- Up-to-date: /home/lemon/Documents/detect_ros2_ws/install/object_detector/share/object_detector/environment/ament_prefix_path.dsv
[0.173s] -- Up-to-date: /home/lemon/Documents/detect_ros2_ws/install/object_detector/share/object_detector/environment/path.sh
[0.173s] -- Up-to-date: /home/lemon/Documents/detect_ros2_ws/install/object_detector/share/object_detector/environment/path.dsv
[0.173s] -- Up-to-date: /home/lemon/Documents/detect_ros2_ws/install/object_detector/share/object_detector/local_setup.bash
[0.173s] -- Up-to-date: /home/lemon/Documents/detect_ros2_ws/install/object_detector/share/object_detector/local_setup.sh
[0.173s] -- Up-to-date: /home/lemon/Documents/detect_ros2_ws/install/object_detector/share/object_detector/local_setup.zsh
[0.173s] -- Up-to-date: /home/lemon/Documents/detect_ros2_ws/install/object_detector/share/object_detector/local_setup.dsv
[0.173s] -- Installing: /home/lemon/Documents/detect_ros2_ws/install/object_detector/share/object_detector/package.dsv
[0.173s] -- Up-to-date: /home/lemon/Documents/detect_ros2_ws/install/object_detector/share/ament_index/resource_index/packages/object_detector
[0.173s] -- Up-to-date: /home/lemon/Documents/detect_ros2_ws/install/object_detector/share/object_detector/cmake/object_detectorConfig.cmake
[0.173s] -- Up-to-date: /home/lemon/Documents/detect_ros2_ws/install/object_detector/share/object_detector/cmake/object_detectorConfig-version.cmake
[0.174s] -- Up-to-date: /home/lemon/Documents/detect_ros2_ws/install/object_detector/share/object_detector/package.xml
[0.178s] Invoked command in '/home/lemon/Documents/detect_ros2_ws/build/object_detector' returned '0': CMAKE_PREFIX_PATH=${CMAKE_PREFIX_PATH}:/opt/ros/humble /usr/bin/cmake --install /home/lemon/Documents/detect_ros2_ws/build/object_detector
