[0.539s] DEBUG:colcon:Command line arguments: ['/usr/bin/colcon', 'build']
[0.539s] DEBUG:colcon:Parsed command line arguments: Namespace(log_base=None, log_level=None, verb_name='build', build_base='build', install_base='install', merge_install=False, symlink_install=False, test_result_base=None, continue_on_error=False, executor='parallel', parallel_workers=2, event_handlers=None, ignore_user_meta=False, metas=['./colcon.meta'], base_paths=['.'], packages_ignore=None, packages_ignore_regex=None, paths=None, packages_up_to=None, packages_up_to_regex=None, packages_above=None, packages_above_and_dependencies=None, packages_above_depth=None, packages_select_by_dep=None, packages_skip_by_dep=None, packages_skip_up_to=None, packages_select_build_failed=False, packages_skip_build_finished=False, packages_select_test_failures=False, packages_skip_test_passed=False, packages_select=None, packages_skip=None, packages_select_regex=None, packages_skip_regex=None, packages_start=None, packages_end=None, allow_overriding=[], cmake_args=None, cmake_target=None, cmake_target_skip_unavailable=False, cmake_clean_cache=False, cmake_clean_first=False, cmake_force_configure=False, ament_cmake_args=None, catkin_cmake_args=None, catkin_skip_building_tests=False, verb_parser=<colcon_defaults.argument_parser.defaults.DefaultArgumentsDecorator object at 0x77d27f0e78e0>, verb_extension=<colcon_core.verb.build.BuildVerb object at 0x77d27f234ca0>, main=<bound method BuildVerb.main of <colcon_core.verb.build.BuildVerb object at 0x77d27f234ca0>>)
[1.019s] Level 1:colcon.colcon_core.package_discovery:discover_packages(colcon_meta) check parameters
[1.019s] Level 1:colcon.colcon_core.package_discovery:discover_packages(recursive) check parameters
[1.020s] Level 1:colcon.colcon_core.package_discovery:discover_packages(ignore) check parameters
[1.020s] Level 1:colcon.colcon_core.package_discovery:discover_packages(path) check parameters
[1.020s] Level 1:colcon.colcon_core.package_discovery:discover_packages(colcon_meta) discover
[1.020s] Level 1:colcon.colcon_core.package_discovery:discover_packages(recursive) discover
[1.020s] INFO:colcon.colcon_core.package_discovery:Crawling recursively for packages in '/home/lemon/Documents/detect_ros2_ws'
[1.020s] Level 1:colcon.colcon_core.package_identification:_identify(.) by extensions ['ignore', 'ignore_ament_install']
[1.020s] Level 1:colcon.colcon_core.package_identification:_identify(.) by extension 'ignore'
[1.020s] Level 1:colcon.colcon_core.package_identification:_identify(.) by extension 'ignore_ament_install'
[1.020s] Level 1:colcon.colcon_core.package_identification:_identify(.) by extensions ['colcon_pkg']
[1.020s] Level 1:colcon.colcon_core.package_identification:_identify(.) by extension 'colcon_pkg'
[1.020s] Level 1:colcon.colcon_core.package_identification:_identify(.) by extensions ['colcon_meta']
[1.020s] Level 1:colcon.colcon_core.package_identification:_identify(.) by extension 'colcon_meta'
[1.021s] Level 1:colcon.colcon_core.package_identification:_identify(.) by extensions ['ros']
[1.021s] Level 1:colcon.colcon_core.package_identification:_identify(.) by extension 'ros'
[1.053s] Level 1:colcon.colcon_core.package_identification:_identify(.) by extensions ['cmake', 'python']
[1.053s] Level 1:colcon.colcon_core.package_identification:_identify(.) by extension 'cmake'
[1.053s] Level 1:colcon.colcon_core.package_identification:_identify(.) by extension 'python'
[1.053s] Level 1:colcon.colcon_core.package_identification:_identify(.) by extensions ['python_setup_py']
[1.053s] Level 1:colcon.colcon_core.package_identification:_identify(.) by extension 'python_setup_py'
[1.053s] Level 1:colcon.colcon_core.package_identification:_identify(build) by extensions ['ignore', 'ignore_ament_install']
[1.053s] Level 1:colcon.colcon_core.package_identification:_identify(build) by extension 'ignore'
[1.053s] Level 1:colcon.colcon_core.package_identification:_identify(build) ignored
[1.053s] Level 1:colcon.colcon_core.package_identification:_identify(install) by extensions ['ignore', 'ignore_ament_install']
[1.053s] Level 1:colcon.colcon_core.package_identification:_identify(install) by extension 'ignore'
[1.053s] Level 1:colcon.colcon_core.package_identification:_identify(install) ignored
[1.054s] Level 1:colcon.colcon_core.package_identification:_identify(log) by extensions ['ignore', 'ignore_ament_install']
[1.054s] Level 1:colcon.colcon_core.package_identification:_identify(log) by extension 'ignore'
[1.054s] Level 1:colcon.colcon_core.package_identification:_identify(log) ignored
[1.054s] Level 1:colcon.colcon_core.package_identification:_identify(src) by extensions ['ignore', 'ignore_ament_install']
[1.054s] Level 1:colcon.colcon_core.package_identification:_identify(src) by extension 'ignore'
[1.054s] Level 1:colcon.colcon_core.package_identification:_identify(src) by extension 'ignore_ament_install'
[1.054s] Level 1:colcon.colcon_core.package_identification:_identify(src) by extensions ['colcon_pkg']
[1.054s] Level 1:colcon.colcon_core.package_identification:_identify(src) by extension 'colcon_pkg'
[1.054s] Level 1:colcon.colcon_core.package_identification:_identify(src) by extensions ['colcon_meta']
[1.054s] Level 1:colcon.colcon_core.package_identification:_identify(src) by extension 'colcon_meta'
[1.054s] Level 1:colcon.colcon_core.package_identification:_identify(src) by extensions ['ros']
[1.054s] Level 1:colcon.colcon_core.package_identification:_identify(src) by extension 'ros'
[1.054s] Level 1:colcon.colcon_core.package_identification:_identify(src) by extensions ['cmake', 'python']
[1.054s] Level 1:colcon.colcon_core.package_identification:_identify(src) by extension 'cmake'
[1.054s] Level 1:colcon.colcon_core.package_identification:_identify(src) by extension 'python'
[1.055s] Level 1:colcon.colcon_core.package_identification:_identify(src) by extensions ['python_setup_py']
[1.055s] Level 1:colcon.colcon_core.package_identification:_identify(src) by extension 'python_setup_py'
[1.055s] Level 1:colcon.colcon_core.package_identification:_identify(src/detection_launch) by extensions ['ignore', 'ignore_ament_install']
[1.055s] Level 1:colcon.colcon_core.package_identification:_identify(src/detection_launch) by extension 'ignore'
[1.055s] Level 1:colcon.colcon_core.package_identification:_identify(src/detection_launch) by extension 'ignore_ament_install'
[1.055s] Level 1:colcon.colcon_core.package_identification:_identify(src/detection_launch) by extensions ['colcon_pkg']
[1.055s] Level 1:colcon.colcon_core.package_identification:_identify(src/detection_launch) by extension 'colcon_pkg'
[1.055s] Level 1:colcon.colcon_core.package_identification:_identify(src/detection_launch) by extensions ['colcon_meta']
[1.055s] Level 1:colcon.colcon_core.package_identification:_identify(src/detection_launch) by extension 'colcon_meta'
[1.055s] Level 1:colcon.colcon_core.package_identification:_identify(src/detection_launch) by extensions ['ros']
[1.055s] Level 1:colcon.colcon_core.package_identification:_identify(src/detection_launch) by extension 'ros'
[1.062s] DEBUG:colcon.colcon_core.package_identification:Package 'src/detection_launch' with type 'ros.ament_cmake' and name 'detection_launch'
[1.062s] Level 1:colcon.colcon_core.package_identification:_identify(src/object_detector) by extensions ['ignore', 'ignore_ament_install']
[1.062s] Level 1:colcon.colcon_core.package_identification:_identify(src/object_detector) by extension 'ignore'
[1.062s] Level 1:colcon.colcon_core.package_identification:_identify(src/object_detector) by extension 'ignore_ament_install'
[1.062s] Level 1:colcon.colcon_core.package_identification:_identify(src/object_detector) by extensions ['colcon_pkg']
[1.062s] Level 1:colcon.colcon_core.package_identification:_identify(src/object_detector) by extension 'colcon_pkg'
[1.063s] Level 1:colcon.colcon_core.package_identification:_identify(src/object_detector) by extensions ['colcon_meta']
[1.063s] Level 1:colcon.colcon_core.package_identification:_identify(src/object_detector) by extension 'colcon_meta'
[1.063s] Level 1:colcon.colcon_core.package_identification:_identify(src/object_detector) by extensions ['ros']
[1.063s] Level 1:colcon.colcon_core.package_identification:_identify(src/object_detector) by extension 'ros'
[1.065s] DEBUG:colcon.colcon_core.package_identification:Package 'src/object_detector' with type 'ros.ament_cmake' and name 'object_detector'
[1.065s] Level 1:colcon.colcon_core.package_identification:_identify(src/result_viewer) by extensions ['ignore', 'ignore_ament_install']
[1.065s] Level 1:colcon.colcon_core.package_identification:_identify(src/result_viewer) by extension 'ignore'
[1.066s] Level 1:colcon.colcon_core.package_identification:_identify(src/result_viewer) by extension 'ignore_ament_install'
[1.066s] Level 1:colcon.colcon_core.package_identification:_identify(src/result_viewer) by extensions ['colcon_pkg']
[1.066s] Level 1:colcon.colcon_core.package_identification:_identify(src/result_viewer) by extension 'colcon_pkg'
[1.066s] Level 1:colcon.colcon_core.package_identification:_identify(src/result_viewer) by extensions ['colcon_meta']
[1.066s] Level 1:colcon.colcon_core.package_identification:_identify(src/result_viewer) by extension 'colcon_meta'
[1.066s] Level 1:colcon.colcon_core.package_identification:_identify(src/result_viewer) by extensions ['ros']
[1.066s] Level 1:colcon.colcon_core.package_identification:_identify(src/result_viewer) by extension 'ros'
[1.068s] DEBUG:colcon.colcon_core.package_identification:Package 'src/result_viewer' with type 'ros.ament_cmake' and name 'result_viewer'
[1.069s] Level 1:colcon.colcon_core.package_identification:_identify(src/video_publisher) by extensions ['ignore', 'ignore_ament_install']
[1.069s] Level 1:colcon.colcon_core.package_identification:_identify(src/video_publisher) by extension 'ignore'
[1.069s] Level 1:colcon.colcon_core.package_identification:_identify(src/video_publisher) by extension 'ignore_ament_install'
[1.069s] Level 1:colcon.colcon_core.package_identification:_identify(src/video_publisher) by extensions ['colcon_pkg']
[1.069s] Level 1:colcon.colcon_core.package_identification:_identify(src/video_publisher) by extension 'colcon_pkg'
[1.069s] Level 1:colcon.colcon_core.package_identification:_identify(src/video_publisher) by extensions ['colcon_meta']
[1.069s] Level 1:colcon.colcon_core.package_identification:_identify(src/video_publisher) by extension 'colcon_meta'
[1.069s] Level 1:colcon.colcon_core.package_identification:_identify(src/video_publisher) by extensions ['ros']
[1.069s] Level 1:colcon.colcon_core.package_identification:_identify(src/video_publisher) by extension 'ros'
[1.071s] DEBUG:colcon.colcon_core.package_identification:Package 'src/video_publisher' with type 'ros.ament_cmake' and name 'video_publisher'
[1.071s] Level 1:colcon.colcon_core.package_discovery:discover_packages(recursive) using defaults
[1.071s] Level 1:colcon.colcon_core.package_discovery:discover_packages(ignore) discover
[1.072s] Level 1:colcon.colcon_core.package_discovery:discover_packages(ignore) using defaults
[1.072s] Level 1:colcon.colcon_core.package_discovery:discover_packages(path) discover
[1.072s] Level 1:colcon.colcon_core.package_discovery:discover_packages(path) using defaults
[1.142s] Level 1:colcon.colcon_core.package_discovery:discover_packages(prefix_path) check parameters
[1.142s] Level 1:colcon.colcon_core.package_discovery:discover_packages(prefix_path) discover
[1.150s] DEBUG:colcon.colcon_installed_package_information.package_discovery:Found 340 installed packages in /opt/ros/humble
[1.170s] Level 1:colcon.colcon_core.package_discovery:discover_packages(prefix_path) using defaults
[1.253s] Level 5:colcon.colcon_core.verb:set package 'detection_launch' build argument 'cmake_args' from command line to 'None'
[1.254s] Level 5:colcon.colcon_core.verb:set package 'detection_launch' build argument 'cmake_target' from command line to 'None'
[1.254s] Level 5:colcon.colcon_core.verb:set package 'detection_launch' build argument 'cmake_target_skip_unavailable' from command line to 'False'
[1.254s] Level 5:colcon.colcon_core.verb:set package 'detection_launch' build argument 'cmake_clean_cache' from command line to 'False'
[1.254s] Level 5:colcon.colcon_core.verb:set package 'detection_launch' build argument 'cmake_clean_first' from command line to 'False'
[1.254s] Level 5:colcon.colcon_core.verb:set package 'detection_launch' build argument 'cmake_force_configure' from command line to 'False'
[1.254s] Level 5:colcon.colcon_core.verb:set package 'detection_launch' build argument 'ament_cmake_args' from command line to 'None'
[1.254s] Level 5:colcon.colcon_core.verb:set package 'detection_launch' build argument 'catkin_cmake_args' from command line to 'None'
[1.254s] Level 5:colcon.colcon_core.verb:set package 'detection_launch' build argument 'catkin_skip_building_tests' from command line to 'False'
[1.254s] DEBUG:colcon.colcon_core.verb:Building package 'detection_launch' with the following arguments: {'ament_cmake_args': None, 'build_base': '/home/lemon/Documents/detect_ros2_ws/build/detection_launch', 'catkin_cmake_args': None, 'catkin_skip_building_tests': False, 'cmake_args': None, 'cmake_clean_cache': False, 'cmake_clean_first': False, 'cmake_force_configure': False, 'cmake_target': None, 'cmake_target_skip_unavailable': False, 'install_base': '/home/lemon/Documents/detect_ros2_ws/install/detection_launch', 'merge_install': False, 'path': '/home/lemon/Documents/detect_ros2_ws/src/detection_launch', 'symlink_install': False, 'test_result_base': None}
[1.254s] Level 5:colcon.colcon_core.verb:set package 'object_detector' build argument 'cmake_args' from command line to 'None'
[1.254s] Level 5:colcon.colcon_core.verb:set package 'object_detector' build argument 'cmake_target' from command line to 'None'
[1.254s] Level 5:colcon.colcon_core.verb:set package 'object_detector' build argument 'cmake_target_skip_unavailable' from command line to 'False'
[1.254s] Level 5:colcon.colcon_core.verb:set package 'object_detector' build argument 'cmake_clean_cache' from command line to 'False'
[1.255s] Level 5:colcon.colcon_core.verb:set package 'object_detector' build argument 'cmake_clean_first' from command line to 'False'
[1.255s] Level 5:colcon.colcon_core.verb:set package 'object_detector' build argument 'cmake_force_configure' from command line to 'False'
[1.255s] Level 5:colcon.colcon_core.verb:set package 'object_detector' build argument 'ament_cmake_args' from command line to 'None'
[1.255s] Level 5:colcon.colcon_core.verb:set package 'object_detector' build argument 'catkin_cmake_args' from command line to 'None'
[1.255s] Level 5:colcon.colcon_core.verb:set package 'object_detector' build argument 'catkin_skip_building_tests' from command line to 'False'
[1.255s] DEBUG:colcon.colcon_core.verb:Building package 'object_detector' with the following arguments: {'ament_cmake_args': None, 'build_base': '/home/lemon/Documents/detect_ros2_ws/build/object_detector', 'catkin_cmake_args': None, 'catkin_skip_building_tests': False, 'cmake_args': None, 'cmake_clean_cache': False, 'cmake_clean_first': False, 'cmake_force_configure': False, 'cmake_target': None, 'cmake_target_skip_unavailable': False, 'install_base': '/home/lemon/Documents/detect_ros2_ws/install/object_detector', 'merge_install': False, 'path': '/home/lemon/Documents/detect_ros2_ws/src/object_detector', 'symlink_install': False, 'test_result_base': None}
[1.255s] Level 5:colcon.colcon_core.verb:set package 'result_viewer' build argument 'cmake_args' from command line to 'None'
[1.255s] Level 5:colcon.colcon_core.verb:set package 'result_viewer' build argument 'cmake_target' from command line to 'None'
[1.255s] Level 5:colcon.colcon_core.verb:set package 'result_viewer' build argument 'cmake_target_skip_unavailable' from command line to 'False'
[1.255s] Level 5:colcon.colcon_core.verb:set package 'result_viewer' build argument 'cmake_clean_cache' from command line to 'False'
[1.255s] Level 5:colcon.colcon_core.verb:set package 'result_viewer' build argument 'cmake_clean_first' from command line to 'False'
[1.255s] Level 5:colcon.colcon_core.verb:set package 'result_viewer' build argument 'cmake_force_configure' from command line to 'False'
[1.255s] Level 5:colcon.colcon_core.verb:set package 'result_viewer' build argument 'ament_cmake_args' from command line to 'None'
[1.255s] Level 5:colcon.colcon_core.verb:set package 'result_viewer' build argument 'catkin_cmake_args' from command line to 'None'
[1.255s] Level 5:colcon.colcon_core.verb:set package 'result_viewer' build argument 'catkin_skip_building_tests' from command line to 'False'
[1.255s] DEBUG:colcon.colcon_core.verb:Building package 'result_viewer' with the following arguments: {'ament_cmake_args': None, 'build_base': '/home/lemon/Documents/detect_ros2_ws/build/result_viewer', 'catkin_cmake_args': None, 'catkin_skip_building_tests': False, 'cmake_args': None, 'cmake_clean_cache': False, 'cmake_clean_first': False, 'cmake_force_configure': False, 'cmake_target': None, 'cmake_target_skip_unavailable': False, 'install_base': '/home/lemon/Documents/detect_ros2_ws/install/result_viewer', 'merge_install': False, 'path': '/home/lemon/Documents/detect_ros2_ws/src/result_viewer', 'symlink_install': False, 'test_result_base': None}
[1.256s] Level 5:colcon.colcon_core.verb:set package 'video_publisher' build argument 'cmake_args' from command line to 'None'
[1.256s] Level 5:colcon.colcon_core.verb:set package 'video_publisher' build argument 'cmake_target' from command line to 'None'
[1.256s] Level 5:colcon.colcon_core.verb:set package 'video_publisher' build argument 'cmake_target_skip_unavailable' from command line to 'False'
[1.256s] Level 5:colcon.colcon_core.verb:set package 'video_publisher' build argument 'cmake_clean_cache' from command line to 'False'
[1.256s] Level 5:colcon.colcon_core.verb:set package 'video_publisher' build argument 'cmake_clean_first' from command line to 'False'
[1.256s] Level 5:colcon.colcon_core.verb:set package 'video_publisher' build argument 'cmake_force_configure' from command line to 'False'
[1.256s] Level 5:colcon.colcon_core.verb:set package 'video_publisher' build argument 'ament_cmake_args' from command line to 'None'
[1.256s] Level 5:colcon.colcon_core.verb:set package 'video_publisher' build argument 'catkin_cmake_args' from command line to 'None'
[1.256s] Level 5:colcon.colcon_core.verb:set package 'video_publisher' build argument 'catkin_skip_building_tests' from command line to 'False'
[1.256s] DEBUG:colcon.colcon_core.verb:Building package 'video_publisher' with the following arguments: {'ament_cmake_args': None, 'build_base': '/home/lemon/Documents/detect_ros2_ws/build/video_publisher', 'catkin_cmake_args': None, 'catkin_skip_building_tests': False, 'cmake_args': None, 'cmake_clean_cache': False, 'cmake_clean_first': False, 'cmake_force_configure': False, 'cmake_target': None, 'cmake_target_skip_unavailable': False, 'install_base': '/home/lemon/Documents/detect_ros2_ws/install/video_publisher', 'merge_install': False, 'path': '/home/lemon/Documents/detect_ros2_ws/src/video_publisher', 'symlink_install': False, 'test_result_base': None}
[1.256s] INFO:colcon.colcon_core.executor:Executing jobs using 'parallel' executor
[1.258s] DEBUG:colcon.colcon_parallel_executor.executor.parallel:run_until_complete
[1.259s] INFO:colcon.colcon_ros.task.ament_cmake.build:Building ROS package in '/home/lemon/Documents/detect_ros2_ws/src/detection_launch' with build type 'ament_cmake'
[1.259s] INFO:colcon.colcon_cmake.task.cmake.build:Building CMake package in '/home/lemon/Documents/detect_ros2_ws/src/detection_launch'
[1.270s] INFO:colcon.colcon_core.plugin_system:Skipping extension 'colcon_core.shell.bat': Not used on non-Windows systems
[1.271s] INFO:colcon.colcon_core.shell:Skip shell extension 'powershell' for command environment: Not usable outside of PowerShell
[1.272s] DEBUG:colcon.colcon_core.shell:Skip shell extension 'dsv' for command environment
[1.279s] INFO:colcon.colcon_ros.task.ament_cmake.build:Building ROS package in '/home/lemon/Documents/detect_ros2_ws/src/object_detector' with build type 'ament_cmake'
[1.279s] INFO:colcon.colcon_cmake.task.cmake.build:Building CMake package in '/home/lemon/Documents/detect_ros2_ws/src/object_detector'
[1.280s] INFO:colcon.colcon_core.shell:Skip shell extension 'powershell' for command environment: Not usable outside of PowerShell
[1.280s] DEBUG:colcon.colcon_core.shell:Skip shell extension 'dsv' for command environment
[1.297s] DEBUG:colcon.colcon_core.event_handler.log_command:Invoking command in '/home/lemon/Documents/detect_ros2_ws/build/detection_launch': CMAKE_PREFIX_PATH=/opt/ros/humble /usr/bin/cmake --build /home/lemon/Documents/detect_ros2_ws/build/detection_launch -- -j2 -l2
[1.314s] DEBUG:colcon.colcon_core.event_handler.log_command:Invoking command in '/home/lemon/Documents/detect_ros2_ws/build/object_detector': CMAKE_PREFIX_PATH=/opt/ros/humble /usr/bin/cmake --build /home/lemon/Documents/detect_ros2_ws/build/object_detector -- -j2 -l2
[1.585s] DEBUG:colcon.colcon_core.event_handler.log_command:Invoked command in '/home/lemon/Documents/detect_ros2_ws/build/detection_launch' returned '0': CMAKE_PREFIX_PATH=/opt/ros/humble /usr/bin/cmake --build /home/lemon/Documents/detect_ros2_ws/build/detection_launch -- -j2 -l2
[1.606s] DEBUG:colcon.colcon_core.event_handler.log_command:Invoking command in '/home/lemon/Documents/detect_ros2_ws/build/detection_launch': CMAKE_PREFIX_PATH=/opt/ros/humble /usr/bin/cmake --install /home/lemon/Documents/detect_ros2_ws/build/detection_launch
[1.622s] Level 1:colcon.colcon_core.environment:create_environment_scripts_only(detection_launch)
[1.626s] DEBUG:colcon.colcon_core.event_handler.log_command:Invoked command in '/home/lemon/Documents/detect_ros2_ws/build/detection_launch' returned '0': CMAKE_PREFIX_PATH=/opt/ros/humble /usr/bin/cmake --install /home/lemon/Documents/detect_ros2_ws/build/detection_launch
[1.641s] Level 1:colcon.colcon_core.environment:checking '/home/lemon/Documents/detect_ros2_ws/install/detection_launch' for CMake module files
[1.642s] Level 1:colcon.colcon_core.environment:checking '/home/lemon/Documents/detect_ros2_ws/install/detection_launch' for CMake config files
[1.642s] Level 1:colcon.colcon_core.shell:create_environment_hook('detection_launch', 'cmake_prefix_path')
[1.643s] INFO:colcon.colcon_core.shell:Creating environment hook '/home/lemon/Documents/detect_ros2_ws/install/detection_launch/share/detection_launch/hook/cmake_prefix_path.ps1'
[1.645s] INFO:colcon.colcon_core.shell:Creating environment descriptor '/home/lemon/Documents/detect_ros2_ws/install/detection_launch/share/detection_launch/hook/cmake_prefix_path.dsv'
[1.647s] INFO:colcon.colcon_core.shell:Creating environment hook '/home/lemon/Documents/detect_ros2_ws/install/detection_launch/share/detection_launch/hook/cmake_prefix_path.sh'
[1.650s] Level 1:colcon.colcon_core.environment:checking '/home/lemon/Documents/detect_ros2_ws/install/detection_launch/bin'
[1.650s] Level 1:colcon.colcon_core.environment:checking '/home/lemon/Documents/detect_ros2_ws/install/detection_launch/lib/pkgconfig/detection_launch.pc'
[1.651s] Level 1:colcon.colcon_core.environment:checking '/home/lemon/Documents/detect_ros2_ws/install/detection_launch/lib/python3.10/site-packages'
[1.651s] Level 1:colcon.colcon_core.environment:checking '/home/lemon/Documents/detect_ros2_ws/install/detection_launch/bin'
[1.652s] INFO:colcon.colcon_core.shell:Creating package script '/home/lemon/Documents/detect_ros2_ws/install/detection_launch/share/detection_launch/package.ps1'
[1.654s] INFO:colcon.colcon_core.shell:Creating package descriptor '/home/lemon/Documents/detect_ros2_ws/install/detection_launch/share/detection_launch/package.dsv'
[1.657s] INFO:colcon.colcon_core.shell:Creating package script '/home/lemon/Documents/detect_ros2_ws/install/detection_launch/share/detection_launch/package.sh'
[1.659s] INFO:colcon.colcon_core.shell:Creating package script '/home/lemon/Documents/detect_ros2_ws/install/detection_launch/share/detection_launch/package.bash'
[1.662s] INFO:colcon.colcon_core.shell:Creating package script '/home/lemon/Documents/detect_ros2_ws/install/detection_launch/share/detection_launch/package.zsh'
[1.667s] Level 1:colcon.colcon_core.environment:create_file_with_runtime_dependencies(/home/lemon/Documents/detect_ros2_ws/install/detection_launch/share/colcon-core/packages/detection_launch)
[1.671s] Level 1:colcon.colcon_core.environment:create_environment_scripts_only(detection_launch)
[1.671s] Level 1:colcon.colcon_core.environment:checking '/home/lemon/Documents/detect_ros2_ws/install/detection_launch' for CMake module files
[1.673s] Level 1:colcon.colcon_core.environment:checking '/home/lemon/Documents/detect_ros2_ws/install/detection_launch' for CMake config files
[1.674s] Level 1:colcon.colcon_core.shell:create_environment_hook('detection_launch', 'cmake_prefix_path')
[1.674s] INFO:colcon.colcon_core.shell:Creating environment hook '/home/lemon/Documents/detect_ros2_ws/install/detection_launch/share/detection_launch/hook/cmake_prefix_path.ps1'
[1.679s] INFO:colcon.colcon_core.shell:Creating environment descriptor '/home/lemon/Documents/detect_ros2_ws/install/detection_launch/share/detection_launch/hook/cmake_prefix_path.dsv'
[1.682s] INFO:colcon.colcon_core.shell:Creating environment hook '/home/lemon/Documents/detect_ros2_ws/install/detection_launch/share/detection_launch/hook/cmake_prefix_path.sh'
[1.686s] Level 1:colcon.colcon_core.environment:checking '/home/lemon/Documents/detect_ros2_ws/install/detection_launch/bin'
[1.686s] Level 1:colcon.colcon_core.environment:checking '/home/lemon/Documents/detect_ros2_ws/install/detection_launch/lib/pkgconfig/detection_launch.pc'
[1.687s] Level 1:colcon.colcon_core.environment:checking '/home/lemon/Documents/detect_ros2_ws/install/detection_launch/lib/python3.10/site-packages'
[1.687s] Level 1:colcon.colcon_core.environment:checking '/home/lemon/Documents/detect_ros2_ws/install/detection_launch/bin'
[1.688s] INFO:colcon.colcon_core.shell:Creating package script '/home/lemon/Documents/detect_ros2_ws/install/detection_launch/share/detection_launch/package.ps1'
[1.696s] INFO:colcon.colcon_core.shell:Creating package descriptor '/home/lemon/Documents/detect_ros2_ws/install/detection_launch/share/detection_launch/package.dsv'
[1.697s] INFO:colcon.colcon_core.shell:Creating package script '/home/lemon/Documents/detect_ros2_ws/install/detection_launch/share/detection_launch/package.sh'
[1.699s] INFO:colcon.colcon_core.shell:Creating package script '/home/lemon/Documents/detect_ros2_ws/install/detection_launch/share/detection_launch/package.bash'
[1.700s] INFO:colcon.colcon_core.shell:Creating package script '/home/lemon/Documents/detect_ros2_ws/install/detection_launch/share/detection_launch/package.zsh'
[1.701s] Level 1:colcon.colcon_core.environment:create_file_with_runtime_dependencies(/home/lemon/Documents/detect_ros2_ws/install/detection_launch/share/colcon-core/packages/detection_launch)
[1.703s] INFO:colcon.colcon_ros.task.ament_cmake.build:Building ROS package in '/home/lemon/Documents/detect_ros2_ws/src/result_viewer' with build type 'ament_cmake'
[1.704s] INFO:colcon.colcon_cmake.task.cmake.build:Building CMake package in '/home/lemon/Documents/detect_ros2_ws/src/result_viewer'
[1.705s] INFO:colcon.colcon_core.shell:Skip shell extension 'powershell' for command environment: Not usable outside of PowerShell
[1.706s] DEBUG:colcon.colcon_core.shell:Skip shell extension 'dsv' for command environment
[1.726s] DEBUG:colcon.colcon_core.event_handler.log_command:Invoking command in '/home/lemon/Documents/detect_ros2_ws/build/result_viewer': CMAKE_PREFIX_PATH=/opt/ros/humble /usr/bin/cmake --build /home/lemon/Documents/detect_ros2_ws/build/result_viewer -- -j2 -l2
[15.856s] DEBUG:colcon.colcon_core.event_handler.log_command:Invoked command in '/home/lemon/Documents/detect_ros2_ws/build/object_detector' returned '0': CMAKE_PREFIX_PATH=/opt/ros/humble /usr/bin/cmake --build /home/lemon/Documents/detect_ros2_ws/build/object_detector -- -j2 -l2
[15.862s] DEBUG:colcon.colcon_core.event_handler.log_command:Invoking command in '/home/lemon/Documents/detect_ros2_ws/build/object_detector': CMAKE_PREFIX_PATH=/opt/ros/humble /usr/bin/cmake --install /home/lemon/Documents/detect_ros2_ws/build/object_detector
[15.904s] Level 1:colcon.colcon_core.environment:create_environment_scripts_only(object_detector)
[15.906s] Level 1:colcon.colcon_core.environment:checking '/home/lemon/Documents/detect_ros2_ws/install/object_detector' for CMake module files
[15.907s] Level 1:colcon.colcon_core.environment:checking '/home/lemon/Documents/detect_ros2_ws/install/object_detector' for CMake config files
[15.908s] Level 1:colcon.colcon_core.shell:create_environment_hook('object_detector', 'cmake_prefix_path')
[15.906s] DEBUG:colcon.colcon_core.event_handler.log_command:Invoked command in '/home/lemon/Documents/detect_ros2_ws/build/object_detector' returned '0': CMAKE_PREFIX_PATH=/opt/ros/humble /usr/bin/cmake --install /home/lemon/Documents/detect_ros2_ws/build/object_detector
[15.908s] INFO:colcon.colcon_core.shell:Creating environment hook '/home/lemon/Documents/detect_ros2_ws/install/object_detector/share/object_detector/hook/cmake_prefix_path.ps1'
[15.914s] INFO:colcon.colcon_core.shell:Creating environment descriptor '/home/lemon/Documents/detect_ros2_ws/install/object_detector/share/object_detector/hook/cmake_prefix_path.dsv'
[15.920s] INFO:colcon.colcon_core.shell:Creating environment hook '/home/lemon/Documents/detect_ros2_ws/install/object_detector/share/object_detector/hook/cmake_prefix_path.sh'
[15.924s] Level 1:colcon.colcon_core.environment:checking '/home/lemon/Documents/detect_ros2_ws/install/object_detector/lib'
[15.925s] Level 1:colcon.colcon_core.environment:checking '/home/lemon/Documents/detect_ros2_ws/install/object_detector/bin'
[15.926s] Level 1:colcon.colcon_core.environment:checking '/home/lemon/Documents/detect_ros2_ws/install/object_detector/lib/pkgconfig/object_detector.pc'
[15.927s] Level 1:colcon.colcon_core.environment:checking '/home/lemon/Documents/detect_ros2_ws/install/object_detector/lib/python3.10/site-packages'
[15.927s] Level 1:colcon.colcon_core.environment:checking '/home/lemon/Documents/detect_ros2_ws/install/object_detector/bin'
[15.927s] INFO:colcon.colcon_core.shell:Creating package script '/home/lemon/Documents/detect_ros2_ws/install/object_detector/share/object_detector/package.ps1'
[15.929s] INFO:colcon.colcon_core.shell:Creating package descriptor '/home/lemon/Documents/detect_ros2_ws/install/object_detector/share/object_detector/package.dsv'
[15.930s] INFO:colcon.colcon_core.shell:Creating package script '/home/lemon/Documents/detect_ros2_ws/install/object_detector/share/object_detector/package.sh'
[15.932s] INFO:colcon.colcon_core.shell:Creating package script '/home/lemon/Documents/detect_ros2_ws/install/object_detector/share/object_detector/package.bash'
[15.933s] INFO:colcon.colcon_core.shell:Creating package script '/home/lemon/Documents/detect_ros2_ws/install/object_detector/share/object_detector/package.zsh'
[15.938s] Level 1:colcon.colcon_core.environment:create_file_with_runtime_dependencies(/home/lemon/Documents/detect_ros2_ws/install/object_detector/share/colcon-core/packages/object_detector)
[15.941s] Level 1:colcon.colcon_core.environment:create_environment_scripts_only(object_detector)
[15.942s] Level 1:colcon.colcon_core.environment:checking '/home/lemon/Documents/detect_ros2_ws/install/object_detector' for CMake module files
[15.946s] Level 1:colcon.colcon_core.environment:checking '/home/lemon/Documents/detect_ros2_ws/install/object_detector' for CMake config files
[15.947s] Level 1:colcon.colcon_core.shell:create_environment_hook('object_detector', 'cmake_prefix_path')
[15.951s] INFO:colcon.colcon_core.shell:Creating environment hook '/home/lemon/Documents/detect_ros2_ws/install/object_detector/share/object_detector/hook/cmake_prefix_path.ps1'
[15.952s] INFO:colcon.colcon_core.shell:Creating environment descriptor '/home/lemon/Documents/detect_ros2_ws/install/object_detector/share/object_detector/hook/cmake_prefix_path.dsv'
[15.954s] INFO:colcon.colcon_core.shell:Creating environment hook '/home/lemon/Documents/detect_ros2_ws/install/object_detector/share/object_detector/hook/cmake_prefix_path.sh'
[15.959s] Level 1:colcon.colcon_core.environment:checking '/home/lemon/Documents/detect_ros2_ws/install/object_detector/lib'
[15.959s] Level 1:colcon.colcon_core.environment:checking '/home/lemon/Documents/detect_ros2_ws/install/object_detector/bin'
[15.959s] Level 1:colcon.colcon_core.environment:checking '/home/lemon/Documents/detect_ros2_ws/install/object_detector/lib/pkgconfig/object_detector.pc'
[15.961s] Level 1:colcon.colcon_core.environment:checking '/home/lemon/Documents/detect_ros2_ws/install/object_detector/lib/python3.10/site-packages'
[15.961s] Level 1:colcon.colcon_core.environment:checking '/home/lemon/Documents/detect_ros2_ws/install/object_detector/bin'
[15.962s] INFO:colcon.colcon_core.shell:Creating package script '/home/lemon/Documents/detect_ros2_ws/install/object_detector/share/object_detector/package.ps1'
[15.964s] INFO:colcon.colcon_core.shell:Creating package descriptor '/home/lemon/Documents/detect_ros2_ws/install/object_detector/share/object_detector/package.dsv'
[15.965s] INFO:colcon.colcon_core.shell:Creating package script '/home/lemon/Documents/detect_ros2_ws/install/object_detector/share/object_detector/package.sh'
[15.967s] INFO:colcon.colcon_core.shell:Creating package script '/home/lemon/Documents/detect_ros2_ws/install/object_detector/share/object_detector/package.bash'
[15.970s] INFO:colcon.colcon_core.shell:Creating package script '/home/lemon/Documents/detect_ros2_ws/install/object_detector/share/object_detector/package.zsh'
[15.972s] Level 1:colcon.colcon_core.environment:create_file_with_runtime_dependencies(/home/lemon/Documents/detect_ros2_ws/install/object_detector/share/colcon-core/packages/object_detector)
[15.980s] INFO:colcon.colcon_ros.task.ament_cmake.build:Building ROS package in '/home/lemon/Documents/detect_ros2_ws/src/video_publisher' with build type 'ament_cmake'
[15.980s] INFO:colcon.colcon_cmake.task.cmake.build:Building CMake package in '/home/lemon/Documents/detect_ros2_ws/src/video_publisher'
[15.981s] INFO:colcon.colcon_core.shell:Skip shell extension 'powershell' for command environment: Not usable outside of PowerShell
[15.981s] DEBUG:colcon.colcon_core.shell:Skip shell extension 'dsv' for command environment
[15.998s] DEBUG:colcon.colcon_core.event_handler.log_command:Invoking command in '/home/lemon/Documents/detect_ros2_ws/build/video_publisher': CMAKE_PREFIX_PATH=/opt/ros/humble /usr/bin/cmake --build /home/lemon/Documents/detect_ros2_ws/build/video_publisher -- -j2 -l2
[20.416s] DEBUG:colcon.colcon_core.event_handler.log_command:Invoked command in '/home/lemon/Documents/detect_ros2_ws/build/result_viewer' returned '0': CMAKE_PREFIX_PATH=/opt/ros/humble /usr/bin/cmake --build /home/lemon/Documents/detect_ros2_ws/build/result_viewer -- -j2 -l2
[20.425s] DEBUG:colcon.colcon_core.event_handler.log_command:Invoking command in '/home/lemon/Documents/detect_ros2_ws/build/result_viewer': CMAKE_PREFIX_PATH=/opt/ros/humble /usr/bin/cmake --install /home/lemon/Documents/detect_ros2_ws/build/result_viewer
[20.482s] Level 1:colcon.colcon_core.environment:create_environment_scripts_only(result_viewer)
[20.482s] Level 1:colcon.colcon_core.environment:checking '/home/lemon/Documents/detect_ros2_ws/install/result_viewer' for CMake module files
[20.484s] DEBUG:colcon.colcon_core.event_handler.log_command:Invoked command in '/home/lemon/Documents/detect_ros2_ws/build/result_viewer' returned '0': CMAKE_PREFIX_PATH=/opt/ros/humble /usr/bin/cmake --install /home/lemon/Documents/detect_ros2_ws/build/result_viewer
[20.484s] Level 1:colcon.colcon_core.environment:checking '/home/lemon/Documents/detect_ros2_ws/install/result_viewer' for CMake config files
[20.485s] Level 1:colcon.colcon_core.shell:create_environment_hook('result_viewer', 'cmake_prefix_path')
[20.487s] INFO:colcon.colcon_core.shell:Creating environment hook '/home/lemon/Documents/detect_ros2_ws/install/result_viewer/share/result_viewer/hook/cmake_prefix_path.ps1'
[20.489s] INFO:colcon.colcon_core.shell:Creating environment descriptor '/home/lemon/Documents/detect_ros2_ws/install/result_viewer/share/result_viewer/hook/cmake_prefix_path.dsv'
[20.494s] INFO:colcon.colcon_core.shell:Creating environment hook '/home/lemon/Documents/detect_ros2_ws/install/result_viewer/share/result_viewer/hook/cmake_prefix_path.sh'
[20.496s] Level 1:colcon.colcon_core.environment:checking '/home/lemon/Documents/detect_ros2_ws/install/result_viewer/lib'
[20.498s] Level 1:colcon.colcon_core.environment:checking '/home/lemon/Documents/detect_ros2_ws/install/result_viewer/bin'
[20.498s] Level 1:colcon.colcon_core.environment:checking '/home/lemon/Documents/detect_ros2_ws/install/result_viewer/lib/pkgconfig/result_viewer.pc'
[20.498s] Level 1:colcon.colcon_core.environment:checking '/home/lemon/Documents/detect_ros2_ws/install/result_viewer/lib/python3.10/site-packages'
[20.499s] Level 1:colcon.colcon_core.environment:checking '/home/lemon/Documents/detect_ros2_ws/install/result_viewer/bin'
[20.499s] INFO:colcon.colcon_core.shell:Creating package script '/home/lemon/Documents/detect_ros2_ws/install/result_viewer/share/result_viewer/package.ps1'
[20.501s] INFO:colcon.colcon_core.shell:Creating package descriptor '/home/lemon/Documents/detect_ros2_ws/install/result_viewer/share/result_viewer/package.dsv'
[20.503s] INFO:colcon.colcon_core.shell:Creating package script '/home/lemon/Documents/detect_ros2_ws/install/result_viewer/share/result_viewer/package.sh'
[20.505s] INFO:colcon.colcon_core.shell:Creating package script '/home/lemon/Documents/detect_ros2_ws/install/result_viewer/share/result_viewer/package.bash'
[20.506s] INFO:colcon.colcon_core.shell:Creating package script '/home/lemon/Documents/detect_ros2_ws/install/result_viewer/share/result_viewer/package.zsh'
[20.507s] Level 1:colcon.colcon_core.environment:create_file_with_runtime_dependencies(/home/lemon/Documents/detect_ros2_ws/install/result_viewer/share/colcon-core/packages/result_viewer)
[20.508s] Level 1:colcon.colcon_core.environment:create_environment_scripts_only(result_viewer)
[20.509s] Level 1:colcon.colcon_core.environment:checking '/home/lemon/Documents/detect_ros2_ws/install/result_viewer' for CMake module files
[20.510s] Level 1:colcon.colcon_core.environment:checking '/home/lemon/Documents/detect_ros2_ws/install/result_viewer' for CMake config files
[20.510s] Level 1:colcon.colcon_core.shell:create_environment_hook('result_viewer', 'cmake_prefix_path')
[20.511s] INFO:colcon.colcon_core.shell:Creating environment hook '/home/lemon/Documents/detect_ros2_ws/install/result_viewer/share/result_viewer/hook/cmake_prefix_path.ps1'
[20.512s] INFO:colcon.colcon_core.shell:Creating environment descriptor '/home/lemon/Documents/detect_ros2_ws/install/result_viewer/share/result_viewer/hook/cmake_prefix_path.dsv'
[20.513s] INFO:colcon.colcon_core.shell:Creating environment hook '/home/lemon/Documents/detect_ros2_ws/install/result_viewer/share/result_viewer/hook/cmake_prefix_path.sh'
[20.515s] Level 1:colcon.colcon_core.environment:checking '/home/lemon/Documents/detect_ros2_ws/install/result_viewer/lib'
[20.515s] Level 1:colcon.colcon_core.environment:checking '/home/lemon/Documents/detect_ros2_ws/install/result_viewer/bin'
[20.515s] Level 1:colcon.colcon_core.environment:checking '/home/lemon/Documents/detect_ros2_ws/install/result_viewer/lib/pkgconfig/result_viewer.pc'
[20.516s] Level 1:colcon.colcon_core.environment:checking '/home/lemon/Documents/detect_ros2_ws/install/result_viewer/lib/python3.10/site-packages'
[20.516s] Level 1:colcon.colcon_core.environment:checking '/home/lemon/Documents/detect_ros2_ws/install/result_viewer/bin'
[20.517s] INFO:colcon.colcon_core.shell:Creating package script '/home/lemon/Documents/detect_ros2_ws/install/result_viewer/share/result_viewer/package.ps1'
[20.518s] INFO:colcon.colcon_core.shell:Creating package descriptor '/home/lemon/Documents/detect_ros2_ws/install/result_viewer/share/result_viewer/package.dsv'
[20.519s] INFO:colcon.colcon_core.shell:Creating package script '/home/lemon/Documents/detect_ros2_ws/install/result_viewer/share/result_viewer/package.sh'
[20.520s] INFO:colcon.colcon_core.shell:Creating package script '/home/lemon/Documents/detect_ros2_ws/install/result_viewer/share/result_viewer/package.bash'
[20.522s] INFO:colcon.colcon_core.shell:Creating package script '/home/lemon/Documents/detect_ros2_ws/install/result_viewer/share/result_viewer/package.zsh'
[20.523s] Level 1:colcon.colcon_core.environment:create_file_with_runtime_dependencies(/home/lemon/Documents/detect_ros2_ws/install/result_viewer/share/colcon-core/packages/result_viewer)
[23.762s] DEBUG:colcon.colcon_core.event_handler.log_command:Invoked command in '/home/lemon/Documents/detect_ros2_ws/build/video_publisher' returned '0': CMAKE_PREFIX_PATH=/opt/ros/humble /usr/bin/cmake --build /home/lemon/Documents/detect_ros2_ws/build/video_publisher -- -j2 -l2
[23.767s] DEBUG:colcon.colcon_core.event_handler.log_command:Invoking command in '/home/lemon/Documents/detect_ros2_ws/build/video_publisher': CMAKE_PREFIX_PATH=/opt/ros/humble /usr/bin/cmake --install /home/lemon/Documents/detect_ros2_ws/build/video_publisher
[23.791s] Level 1:colcon.colcon_core.environment:create_environment_scripts_only(video_publisher)
[23.792s] Level 1:colcon.colcon_core.environment:checking '/home/lemon/Documents/detect_ros2_ws/install/video_publisher' for CMake module files
[23.793s] DEBUG:colcon.colcon_core.event_handler.log_command:Invoked command in '/home/lemon/Documents/detect_ros2_ws/build/video_publisher' returned '0': CMAKE_PREFIX_PATH=/opt/ros/humble /usr/bin/cmake --install /home/lemon/Documents/detect_ros2_ws/build/video_publisher
[23.794s] Level 1:colcon.colcon_core.environment:checking '/home/lemon/Documents/detect_ros2_ws/install/video_publisher' for CMake config files
[23.794s] Level 1:colcon.colcon_core.shell:create_environment_hook('video_publisher', 'cmake_prefix_path')
[23.795s] INFO:colcon.colcon_core.shell:Creating environment hook '/home/lemon/Documents/detect_ros2_ws/install/video_publisher/share/video_publisher/hook/cmake_prefix_path.ps1'
[23.796s] INFO:colcon.colcon_core.shell:Creating environment descriptor '/home/lemon/Documents/detect_ros2_ws/install/video_publisher/share/video_publisher/hook/cmake_prefix_path.dsv'
[23.796s] INFO:colcon.colcon_core.shell:Creating environment hook '/home/lemon/Documents/detect_ros2_ws/install/video_publisher/share/video_publisher/hook/cmake_prefix_path.sh'
[23.798s] Level 1:colcon.colcon_core.environment:checking '/home/lemon/Documents/detect_ros2_ws/install/video_publisher/lib'
[23.798s] Level 1:colcon.colcon_core.environment:checking '/home/lemon/Documents/detect_ros2_ws/install/video_publisher/bin'
[23.798s] Level 1:colcon.colcon_core.environment:checking '/home/lemon/Documents/detect_ros2_ws/install/video_publisher/lib/pkgconfig/video_publisher.pc'
[23.798s] Level 1:colcon.colcon_core.environment:checking '/home/lemon/Documents/detect_ros2_ws/install/video_publisher/lib/python3.10/site-packages'
[23.798s] Level 1:colcon.colcon_core.environment:checking '/home/lemon/Documents/detect_ros2_ws/install/video_publisher/bin'
[23.799s] INFO:colcon.colcon_core.shell:Creating package script '/home/lemon/Documents/detect_ros2_ws/install/video_publisher/share/video_publisher/package.ps1'
[23.800s] INFO:colcon.colcon_core.shell:Creating package descriptor '/home/lemon/Documents/detect_ros2_ws/install/video_publisher/share/video_publisher/package.dsv'
[23.801s] INFO:colcon.colcon_core.shell:Creating package script '/home/lemon/Documents/detect_ros2_ws/install/video_publisher/share/video_publisher/package.sh'
[23.801s] INFO:colcon.colcon_core.shell:Creating package script '/home/lemon/Documents/detect_ros2_ws/install/video_publisher/share/video_publisher/package.bash'
[23.802s] INFO:colcon.colcon_core.shell:Creating package script '/home/lemon/Documents/detect_ros2_ws/install/video_publisher/share/video_publisher/package.zsh'
[23.803s] Level 1:colcon.colcon_core.environment:create_file_with_runtime_dependencies(/home/lemon/Documents/detect_ros2_ws/install/video_publisher/share/colcon-core/packages/video_publisher)
[23.804s] Level 1:colcon.colcon_core.environment:create_environment_scripts_only(video_publisher)
[23.804s] Level 1:colcon.colcon_core.environment:checking '/home/lemon/Documents/detect_ros2_ws/install/video_publisher' for CMake module files
[23.805s] Level 1:colcon.colcon_core.environment:checking '/home/lemon/Documents/detect_ros2_ws/install/video_publisher' for CMake config files
[23.805s] Level 1:colcon.colcon_core.shell:create_environment_hook('video_publisher', 'cmake_prefix_path')
[23.806s] INFO:colcon.colcon_core.shell:Creating environment hook '/home/lemon/Documents/detect_ros2_ws/install/video_publisher/share/video_publisher/hook/cmake_prefix_path.ps1'
[23.806s] INFO:colcon.colcon_core.shell:Creating environment descriptor '/home/lemon/Documents/detect_ros2_ws/install/video_publisher/share/video_publisher/hook/cmake_prefix_path.dsv'
[23.807s] INFO:colcon.colcon_core.shell:Creating environment hook '/home/lemon/Documents/detect_ros2_ws/install/video_publisher/share/video_publisher/hook/cmake_prefix_path.sh'
[23.808s] Level 1:colcon.colcon_core.environment:checking '/home/lemon/Documents/detect_ros2_ws/install/video_publisher/lib'
[23.808s] Level 1:colcon.colcon_core.environment:checking '/home/lemon/Documents/detect_ros2_ws/install/video_publisher/bin'
[23.808s] Level 1:colcon.colcon_core.environment:checking '/home/lemon/Documents/detect_ros2_ws/install/video_publisher/lib/pkgconfig/video_publisher.pc'
[23.809s] Level 1:colcon.colcon_core.environment:checking '/home/lemon/Documents/detect_ros2_ws/install/video_publisher/lib/python3.10/site-packages'
[23.809s] Level 1:colcon.colcon_core.environment:checking '/home/lemon/Documents/detect_ros2_ws/install/video_publisher/bin'
[23.809s] INFO:colcon.colcon_core.shell:Creating package script '/home/lemon/Documents/detect_ros2_ws/install/video_publisher/share/video_publisher/package.ps1'
[23.810s] INFO:colcon.colcon_core.shell:Creating package descriptor '/home/lemon/Documents/detect_ros2_ws/install/video_publisher/share/video_publisher/package.dsv'
[23.811s] INFO:colcon.colcon_core.shell:Creating package script '/home/lemon/Documents/detect_ros2_ws/install/video_publisher/share/video_publisher/package.sh'
[23.812s] INFO:colcon.colcon_core.shell:Creating package script '/home/lemon/Documents/detect_ros2_ws/install/video_publisher/share/video_publisher/package.bash'
[23.813s] INFO:colcon.colcon_core.shell:Creating package script '/home/lemon/Documents/detect_ros2_ws/install/video_publisher/share/video_publisher/package.zsh'
[23.814s] Level 1:colcon.colcon_core.environment:create_file_with_runtime_dependencies(/home/lemon/Documents/detect_ros2_ws/install/video_publisher/share/colcon-core/packages/video_publisher)
[23.814s] DEBUG:colcon.colcon_parallel_executor.executor.parallel:closing loop
[23.814s] DEBUG:colcon.colcon_parallel_executor.executor.parallel:loop closed
[23.814s] DEBUG:colcon.colcon_parallel_executor.executor.parallel:run_until_complete finished with '0'
[23.814s] DEBUG:colcon.colcon_core.event_reactor:joining thread
[23.826s] INFO:colcon.colcon_core.plugin_system:Skipping extension 'colcon_notification.desktop_notification.terminal_notifier': Not used on non-Darwin systems
[23.826s] INFO:colcon.colcon_core.plugin_system:Skipping extension 'colcon_notification.desktop_notification.win32': Not used on non-Windows systems
[23.826s] INFO:colcon.colcon_notification.desktop_notification:Sending desktop notification using 'notify2'
[23.896s] DEBUG:colcon.colcon_core.event_reactor:joined thread
[23.897s] INFO:colcon.colcon_core.shell:Creating prefix script '/home/lemon/Documents/detect_ros2_ws/install/local_setup.ps1'
[23.901s] INFO:colcon.colcon_core.shell:Creating prefix util module '/home/lemon/Documents/detect_ros2_ws/install/_local_setup_util_ps1.py'
[23.910s] INFO:colcon.colcon_core.shell:Creating prefix chain script '/home/lemon/Documents/detect_ros2_ws/install/setup.ps1'
[23.917s] INFO:colcon.colcon_core.shell:Creating prefix script '/home/lemon/Documents/detect_ros2_ws/install/local_setup.sh'
[23.921s] INFO:colcon.colcon_core.shell:Creating prefix util module '/home/lemon/Documents/detect_ros2_ws/install/_local_setup_util_sh.py'
[23.925s] INFO:colcon.colcon_core.shell:Creating prefix chain script '/home/lemon/Documents/detect_ros2_ws/install/setup.sh'
[23.930s] INFO:colcon.colcon_core.shell:Creating prefix script '/home/lemon/Documents/detect_ros2_ws/install/local_setup.bash'
[23.933s] INFO:colcon.colcon_core.shell:Creating prefix chain script '/home/lemon/Documents/detect_ros2_ws/install/setup.bash'
[23.938s] INFO:colcon.colcon_core.shell:Creating prefix script '/home/lemon/Documents/detect_ros2_ws/install/local_setup.zsh'
[23.940s] INFO:colcon.colcon_core.shell:Creating prefix chain script '/home/lemon/Documents/detect_ros2_ws/install/setup.zsh'
