[0.098s] DEBUG:colcon:Command line arguments: ['/usr/bin/colcon', 'build']
[0.098s] DEBUG:colcon:Parsed command line arguments: Namespace(log_base=None, log_level=None, verb_name='build', build_base='build', install_base='install', merge_install=False, symlink_install=False, test_result_base=None, continue_on_error=False, executor='parallel', parallel_workers=2, event_handlers=None, ignore_user_meta=False, metas=['./colcon.meta'], base_paths=['.'], packages_ignore=None, packages_ignore_regex=None, paths=None, packages_up_to=None, packages_up_to_regex=None, packages_above=None, packages_above_and_dependencies=None, packages_above_depth=None, packages_select_by_dep=None, packages_skip_by_dep=None, packages_skip_up_to=None, packages_select_build_failed=False, packages_skip_build_finished=False, packages_select_test_failures=False, packages_skip_test_passed=False, packages_select=None, packages_skip=None, packages_select_regex=None, packages_skip_regex=None, packages_start=None, packages_end=None, allow_overriding=[], cmake_args=None, cmake_target=None, cmake_target_skip_unavailable=False, cmake_clean_cache=False, cmake_clean_first=False, cmake_force_configure=False, ament_cmake_args=None, catkin_cmake_args=None, catkin_skip_building_tests=False, verb_parser=<colcon_defaults.argument_parser.defaults.DefaultArgumentsDecorator object at 0x7066bf8178b0>, verb_extension=<colcon_core.verb.build.BuildVerb object at 0x7066bf968c70>, main=<bound method BuildVerb.main of <colcon_core.verb.build.BuildVerb object at 0x7066bf968c70>>)
[0.256s] Level 1:colcon.colcon_core.package_discovery:discover_packages(colcon_meta) check parameters
[0.256s] Level 1:colcon.colcon_core.package_discovery:discover_packages(recursive) check parameters
[0.256s] Level 1:colcon.colcon_core.package_discovery:discover_packages(ignore) check parameters
[0.256s] Level 1:colcon.colcon_core.package_discovery:discover_packages(path) check parameters
[0.256s] Level 1:colcon.colcon_core.package_discovery:discover_packages(colcon_meta) discover
[0.256s] Level 1:colcon.colcon_core.package_discovery:discover_packages(recursive) discover
[0.256s] INFO:colcon.colcon_core.package_discovery:Crawling recursively for packages in '/home/lemon/Documents/detect_ros2_ws'
[0.256s] Level 1:colcon.colcon_core.package_identification:_identify(.) by extensions ['ignore', 'ignore_ament_install']
[0.256s] Level 1:colcon.colcon_core.package_identification:_identify(.) by extension 'ignore'
[0.256s] Level 1:colcon.colcon_core.package_identification:_identify(.) by extension 'ignore_ament_install'
[0.256s] Level 1:colcon.colcon_core.package_identification:_identify(.) by extensions ['colcon_pkg']
[0.257s] Level 1:colcon.colcon_core.package_identification:_identify(.) by extension 'colcon_pkg'
[0.257s] Level 1:colcon.colcon_core.package_identification:_identify(.) by extensions ['colcon_meta']
[0.257s] Level 1:colcon.colcon_core.package_identification:_identify(.) by extension 'colcon_meta'
[0.257s] Level 1:colcon.colcon_core.package_identification:_identify(.) by extensions ['ros']
[0.257s] Level 1:colcon.colcon_core.package_identification:_identify(.) by extension 'ros'
[0.267s] Level 1:colcon.colcon_core.package_identification:_identify(.) by extensions ['cmake', 'python']
[0.267s] Level 1:colcon.colcon_core.package_identification:_identify(.) by extension 'cmake'
[0.267s] Level 1:colcon.colcon_core.package_identification:_identify(.) by extension 'python'
[0.267s] Level 1:colcon.colcon_core.package_identification:_identify(.) by extensions ['python_setup_py']
[0.267s] Level 1:colcon.colcon_core.package_identification:_identify(.) by extension 'python_setup_py'
[0.267s] Level 1:colcon.colcon_core.package_identification:_identify(build) by extensions ['ignore', 'ignore_ament_install']
[0.267s] Level 1:colcon.colcon_core.package_identification:_identify(build) by extension 'ignore'
[0.267s] Level 1:colcon.colcon_core.package_identification:_identify(build) ignored
[0.268s] Level 1:colcon.colcon_core.package_identification:_identify(install) by extensions ['ignore', 'ignore_ament_install']
[0.268s] Level 1:colcon.colcon_core.package_identification:_identify(install) by extension 'ignore'
[0.268s] Level 1:colcon.colcon_core.package_identification:_identify(install) ignored
[0.268s] Level 1:colcon.colcon_core.package_identification:_identify(log) by extensions ['ignore', 'ignore_ament_install']
[0.268s] Level 1:colcon.colcon_core.package_identification:_identify(log) by extension 'ignore'
[0.268s] Level 1:colcon.colcon_core.package_identification:_identify(log) ignored
[0.268s] Level 1:colcon.colcon_core.package_identification:_identify(src) by extensions ['ignore', 'ignore_ament_install']
[0.268s] Level 1:colcon.colcon_core.package_identification:_identify(src) by extension 'ignore'
[0.268s] Level 1:colcon.colcon_core.package_identification:_identify(src) by extension 'ignore_ament_install'
[0.268s] Level 1:colcon.colcon_core.package_identification:_identify(src) by extensions ['colcon_pkg']
[0.268s] Level 1:colcon.colcon_core.package_identification:_identify(src) by extension 'colcon_pkg'
[0.268s] Level 1:colcon.colcon_core.package_identification:_identify(src) by extensions ['colcon_meta']
[0.268s] Level 1:colcon.colcon_core.package_identification:_identify(src) by extension 'colcon_meta'
[0.268s] Level 1:colcon.colcon_core.package_identification:_identify(src) by extensions ['ros']
[0.268s] Level 1:colcon.colcon_core.package_identification:_identify(src) by extension 'ros'
[0.268s] Level 1:colcon.colcon_core.package_identification:_identify(src) by extensions ['cmake', 'python']
[0.268s] Level 1:colcon.colcon_core.package_identification:_identify(src) by extension 'cmake'
[0.268s] Level 1:colcon.colcon_core.package_identification:_identify(src) by extension 'python'
[0.269s] Level 1:colcon.colcon_core.package_identification:_identify(src) by extensions ['python_setup_py']
[0.269s] Level 1:colcon.colcon_core.package_identification:_identify(src) by extension 'python_setup_py'
[0.269s] Level 1:colcon.colcon_core.package_identification:_identify(src/detection_launch) by extensions ['ignore', 'ignore_ament_install']
[0.269s] Level 1:colcon.colcon_core.package_identification:_identify(src/detection_launch) by extension 'ignore'
[0.269s] Level 1:colcon.colcon_core.package_identification:_identify(src/detection_launch) by extension 'ignore_ament_install'
[0.269s] Level 1:colcon.colcon_core.package_identification:_identify(src/detection_launch) by extensions ['colcon_pkg']
[0.269s] Level 1:colcon.colcon_core.package_identification:_identify(src/detection_launch) by extension 'colcon_pkg'
[0.269s] Level 1:colcon.colcon_core.package_identification:_identify(src/detection_launch) by extensions ['colcon_meta']
[0.269s] Level 1:colcon.colcon_core.package_identification:_identify(src/detection_launch) by extension 'colcon_meta'
[0.269s] Level 1:colcon.colcon_core.package_identification:_identify(src/detection_launch) by extensions ['ros']
[0.269s] Level 1:colcon.colcon_core.package_identification:_identify(src/detection_launch) by extension 'ros'
[0.271s] DEBUG:colcon.colcon_core.package_identification:Package 'src/detection_launch' with type 'ros.ament_cmake' and name 'detection_launch'
[0.272s] Level 1:colcon.colcon_core.package_identification:_identify(src/object_detector) by extensions ['ignore', 'ignore_ament_install']
[0.272s] Level 1:colcon.colcon_core.package_identification:_identify(src/object_detector) by extension 'ignore'
[0.272s] Level 1:colcon.colcon_core.package_identification:_identify(src/object_detector) by extension 'ignore_ament_install'
[0.272s] Level 1:colcon.colcon_core.package_identification:_identify(src/object_detector) by extensions ['colcon_pkg']
[0.272s] Level 1:colcon.colcon_core.package_identification:_identify(src/object_detector) by extension 'colcon_pkg'
[0.272s] Level 1:colcon.colcon_core.package_identification:_identify(src/object_detector) by extensions ['colcon_meta']
[0.272s] Level 1:colcon.colcon_core.package_identification:_identify(src/object_detector) by extension 'colcon_meta'
[0.272s] Level 1:colcon.colcon_core.package_identification:_identify(src/object_detector) by extensions ['ros']
[0.272s] Level 1:colcon.colcon_core.package_identification:_identify(src/object_detector) by extension 'ros'
[0.273s] DEBUG:colcon.colcon_core.package_identification:Package 'src/object_detector' with type 'ros.ament_cmake' and name 'object_detector'
[0.273s] Level 1:colcon.colcon_core.package_identification:_identify(src/result_viewer) by extensions ['ignore', 'ignore_ament_install']
[0.273s] Level 1:colcon.colcon_core.package_identification:_identify(src/result_viewer) by extension 'ignore'
[0.274s] Level 1:colcon.colcon_core.package_identification:_identify(src/result_viewer) by extension 'ignore_ament_install'
[0.274s] Level 1:colcon.colcon_core.package_identification:_identify(src/result_viewer) by extensions ['colcon_pkg']
[0.274s] Level 1:colcon.colcon_core.package_identification:_identify(src/result_viewer) by extension 'colcon_pkg'
[0.274s] Level 1:colcon.colcon_core.package_identification:_identify(src/result_viewer) by extensions ['colcon_meta']
[0.274s] Level 1:colcon.colcon_core.package_identification:_identify(src/result_viewer) by extension 'colcon_meta'
[0.274s] Level 1:colcon.colcon_core.package_identification:_identify(src/result_viewer) by extensions ['ros']
[0.274s] Level 1:colcon.colcon_core.package_identification:_identify(src/result_viewer) by extension 'ros'
[0.275s] DEBUG:colcon.colcon_core.package_identification:Package 'src/result_viewer' with type 'ros.ament_cmake' and name 'result_viewer'
[0.275s] Level 1:colcon.colcon_core.package_identification:_identify(src/video_publisher) by extensions ['ignore', 'ignore_ament_install']
[0.275s] Level 1:colcon.colcon_core.package_identification:_identify(src/video_publisher) by extension 'ignore'
[0.275s] Level 1:colcon.colcon_core.package_identification:_identify(src/video_publisher) by extension 'ignore_ament_install'
[0.275s] Level 1:colcon.colcon_core.package_identification:_identify(src/video_publisher) by extensions ['colcon_pkg']
[0.275s] Level 1:colcon.colcon_core.package_identification:_identify(src/video_publisher) by extension 'colcon_pkg'
[0.275s] Level 1:colcon.colcon_core.package_identification:_identify(src/video_publisher) by extensions ['colcon_meta']
[0.275s] Level 1:colcon.colcon_core.package_identification:_identify(src/video_publisher) by extension 'colcon_meta'
[0.275s] Level 1:colcon.colcon_core.package_identification:_identify(src/video_publisher) by extensions ['ros']
[0.275s] Level 1:colcon.colcon_core.package_identification:_identify(src/video_publisher) by extension 'ros'
[0.276s] DEBUG:colcon.colcon_core.package_identification:Package 'src/video_publisher' with type 'ros.ament_cmake' and name 'video_publisher'
[0.276s] Level 1:colcon.colcon_core.package_discovery:discover_packages(recursive) using defaults
[0.276s] Level 1:colcon.colcon_core.package_discovery:discover_packages(ignore) discover
[0.276s] Level 1:colcon.colcon_core.package_discovery:discover_packages(ignore) using defaults
[0.276s] Level 1:colcon.colcon_core.package_discovery:discover_packages(path) discover
[0.276s] Level 1:colcon.colcon_core.package_discovery:discover_packages(path) using defaults
[0.296s] Level 1:colcon.colcon_core.package_discovery:discover_packages(prefix_path) check parameters
[0.296s] Level 1:colcon.colcon_core.package_discovery:discover_packages(prefix_path) discover
[0.298s] DEBUG:colcon.colcon_installed_package_information.package_discovery:Found 4 installed packages in /home/lemon/Documents/detect_ros2_ws/install
[0.299s] DEBUG:colcon.colcon_installed_package_information.package_discovery:Found 340 installed packages in /opt/ros/humble
[0.314s] Level 1:colcon.colcon_core.package_discovery:discover_packages(prefix_path) using defaults
[0.373s] Level 5:colcon.colcon_core.verb:set package 'detection_launch' build argument 'cmake_args' from command line to 'None'
[0.373s] Level 5:colcon.colcon_core.verb:set package 'detection_launch' build argument 'cmake_target' from command line to 'None'
[0.373s] Level 5:colcon.colcon_core.verb:set package 'detection_launch' build argument 'cmake_target_skip_unavailable' from command line to 'False'
[0.373s] Level 5:colcon.colcon_core.verb:set package 'detection_launch' build argument 'cmake_clean_cache' from command line to 'False'
[0.373s] Level 5:colcon.colcon_core.verb:set package 'detection_launch' build argument 'cmake_clean_first' from command line to 'False'
[0.373s] Level 5:colcon.colcon_core.verb:set package 'detection_launch' build argument 'cmake_force_configure' from command line to 'False'
[0.373s] Level 5:colcon.colcon_core.verb:set package 'detection_launch' build argument 'ament_cmake_args' from command line to 'None'
[0.374s] Level 5:colcon.colcon_core.verb:set package 'detection_launch' build argument 'catkin_cmake_args' from command line to 'None'
[0.374s] Level 5:colcon.colcon_core.verb:set package 'detection_launch' build argument 'catkin_skip_building_tests' from command line to 'False'
[0.374s] DEBUG:colcon.colcon_core.verb:Building package 'detection_launch' with the following arguments: {'ament_cmake_args': None, 'build_base': '/home/lemon/Documents/detect_ros2_ws/build/detection_launch', 'catkin_cmake_args': None, 'catkin_skip_building_tests': False, 'cmake_args': None, 'cmake_clean_cache': False, 'cmake_clean_first': False, 'cmake_force_configure': False, 'cmake_target': None, 'cmake_target_skip_unavailable': False, 'install_base': '/home/lemon/Documents/detect_ros2_ws/install/detection_launch', 'merge_install': False, 'path': '/home/lemon/Documents/detect_ros2_ws/src/detection_launch', 'symlink_install': False, 'test_result_base': None}
[0.374s] Level 5:colcon.colcon_core.verb:set package 'object_detector' build argument 'cmake_args' from command line to 'None'
[0.374s] Level 5:colcon.colcon_core.verb:set package 'object_detector' build argument 'cmake_target' from command line to 'None'
[0.374s] Level 5:colcon.colcon_core.verb:set package 'object_detector' build argument 'cmake_target_skip_unavailable' from command line to 'False'
[0.374s] Level 5:colcon.colcon_core.verb:set package 'object_detector' build argument 'cmake_clean_cache' from command line to 'False'
[0.374s] Level 5:colcon.colcon_core.verb:set package 'object_detector' build argument 'cmake_clean_first' from command line to 'False'
[0.374s] Level 5:colcon.colcon_core.verb:set package 'object_detector' build argument 'cmake_force_configure' from command line to 'False'
[0.374s] Level 5:colcon.colcon_core.verb:set package 'object_detector' build argument 'ament_cmake_args' from command line to 'None'
[0.374s] Level 5:colcon.colcon_core.verb:set package 'object_detector' build argument 'catkin_cmake_args' from command line to 'None'
[0.374s] Level 5:colcon.colcon_core.verb:set package 'object_detector' build argument 'catkin_skip_building_tests' from command line to 'False'
[0.374s] DEBUG:colcon.colcon_core.verb:Building package 'object_detector' with the following arguments: {'ament_cmake_args': None, 'build_base': '/home/lemon/Documents/detect_ros2_ws/build/object_detector', 'catkin_cmake_args': None, 'catkin_skip_building_tests': False, 'cmake_args': None, 'cmake_clean_cache': False, 'cmake_clean_first': False, 'cmake_force_configure': False, 'cmake_target': None, 'cmake_target_skip_unavailable': False, 'install_base': '/home/lemon/Documents/detect_ros2_ws/install/object_detector', 'merge_install': False, 'path': '/home/lemon/Documents/detect_ros2_ws/src/object_detector', 'symlink_install': False, 'test_result_base': None}
[0.375s] Level 5:colcon.colcon_core.verb:set package 'result_viewer' build argument 'cmake_args' from command line to 'None'
[0.375s] Level 5:colcon.colcon_core.verb:set package 'result_viewer' build argument 'cmake_target' from command line to 'None'
[0.375s] Level 5:colcon.colcon_core.verb:set package 'result_viewer' build argument 'cmake_target_skip_unavailable' from command line to 'False'
[0.375s] Level 5:colcon.colcon_core.verb:set package 'result_viewer' build argument 'cmake_clean_cache' from command line to 'False'
[0.375s] Level 5:colcon.colcon_core.verb:set package 'result_viewer' build argument 'cmake_clean_first' from command line to 'False'
[0.375s] Level 5:colcon.colcon_core.verb:set package 'result_viewer' build argument 'cmake_force_configure' from command line to 'False'
[0.375s] Level 5:colcon.colcon_core.verb:set package 'result_viewer' build argument 'ament_cmake_args' from command line to 'None'
[0.375s] Level 5:colcon.colcon_core.verb:set package 'result_viewer' build argument 'catkin_cmake_args' from command line to 'None'
[0.375s] Level 5:colcon.colcon_core.verb:set package 'result_viewer' build argument 'catkin_skip_building_tests' from command line to 'False'
[0.375s] DEBUG:colcon.colcon_core.verb:Building package 'result_viewer' with the following arguments: {'ament_cmake_args': None, 'build_base': '/home/lemon/Documents/detect_ros2_ws/build/result_viewer', 'catkin_cmake_args': None, 'catkin_skip_building_tests': False, 'cmake_args': None, 'cmake_clean_cache': False, 'cmake_clean_first': False, 'cmake_force_configure': False, 'cmake_target': None, 'cmake_target_skip_unavailable': False, 'install_base': '/home/lemon/Documents/detect_ros2_ws/install/result_viewer', 'merge_install': False, 'path': '/home/lemon/Documents/detect_ros2_ws/src/result_viewer', 'symlink_install': False, 'test_result_base': None}
[0.376s] Level 5:colcon.colcon_core.verb:set package 'video_publisher' build argument 'cmake_args' from command line to 'None'
[0.376s] Level 5:colcon.colcon_core.verb:set package 'video_publisher' build argument 'cmake_target' from command line to 'None'
[0.376s] Level 5:colcon.colcon_core.verb:set package 'video_publisher' build argument 'cmake_target_skip_unavailable' from command line to 'False'
[0.376s] Level 5:colcon.colcon_core.verb:set package 'video_publisher' build argument 'cmake_clean_cache' from command line to 'False'
[0.376s] Level 5:colcon.colcon_core.verb:set package 'video_publisher' build argument 'cmake_clean_first' from command line to 'False'
[0.376s] Level 5:colcon.colcon_core.verb:set package 'video_publisher' build argument 'cmake_force_configure' from command line to 'False'
[0.376s] Level 5:colcon.colcon_core.verb:set package 'video_publisher' build argument 'ament_cmake_args' from command line to 'None'
[0.376s] Level 5:colcon.colcon_core.verb:set package 'video_publisher' build argument 'catkin_cmake_args' from command line to 'None'
[0.376s] Level 5:colcon.colcon_core.verb:set package 'video_publisher' build argument 'catkin_skip_building_tests' from command line to 'False'
[0.376s] DEBUG:colcon.colcon_core.verb:Building package 'video_publisher' with the following arguments: {'ament_cmake_args': None, 'build_base': '/home/lemon/Documents/detect_ros2_ws/build/video_publisher', 'catkin_cmake_args': None, 'catkin_skip_building_tests': False, 'cmake_args': None, 'cmake_clean_cache': False, 'cmake_clean_first': False, 'cmake_force_configure': False, 'cmake_target': None, 'cmake_target_skip_unavailable': False, 'install_base': '/home/lemon/Documents/detect_ros2_ws/install/video_publisher', 'merge_install': False, 'path': '/home/lemon/Documents/detect_ros2_ws/src/video_publisher', 'symlink_install': False, 'test_result_base': None}
[0.376s] INFO:colcon.colcon_core.executor:Executing jobs using 'parallel' executor
[0.378s] DEBUG:colcon.colcon_parallel_executor.executor.parallel:run_until_complete
[0.378s] INFO:colcon.colcon_ros.task.ament_cmake.build:Building ROS package in '/home/lemon/Documents/detect_ros2_ws/src/detection_launch' with build type 'ament_cmake'
[0.379s] INFO:colcon.colcon_cmake.task.cmake.build:Building CMake package in '/home/lemon/Documents/detect_ros2_ws/src/detection_launch'
[0.382s] INFO:colcon.colcon_core.plugin_system:Skipping extension 'colcon_core.shell.bat': Not used on non-Windows systems
[0.382s] INFO:colcon.colcon_core.shell:Skip shell extension 'powershell' for command environment: Not usable outside of PowerShell
[0.382s] DEBUG:colcon.colcon_core.shell:Skip shell extension 'dsv' for command environment
[0.389s] INFO:colcon.colcon_ros.task.ament_cmake.build:Building ROS package in '/home/lemon/Documents/detect_ros2_ws/src/object_detector' with build type 'ament_cmake'
[0.389s] INFO:colcon.colcon_cmake.task.cmake.build:Building CMake package in '/home/lemon/Documents/detect_ros2_ws/src/object_detector'
[0.390s] INFO:colcon.colcon_core.shell:Skip shell extension 'powershell' for command environment: Not usable outside of PowerShell
[0.390s] DEBUG:colcon.colcon_core.shell:Skip shell extension 'dsv' for command environment
[0.404s] DEBUG:colcon.colcon_core.event_handler.log_command:Invoking command in '/home/lemon/Documents/detect_ros2_ws/build/detection_launch': CMAKE_PREFIX_PATH=${CMAKE_PREFIX_PATH}:/opt/ros/humble /usr/bin/cmake --build /home/lemon/Documents/detect_ros2_ws/build/detection_launch -- -j2 -l2
[0.417s] DEBUG:colcon.colcon_core.event_handler.log_command:Invoking command in '/home/lemon/Documents/detect_ros2_ws/build/object_detector': CMAKE_PREFIX_PATH=${CMAKE_PREFIX_PATH}:/opt/ros/humble /usr/bin/cmake --build /home/lemon/Documents/detect_ros2_ws/build/object_detector -- -j2 -l2
[0.470s] DEBUG:colcon.colcon_core.event_handler.log_command:Invoked command in '/home/lemon/Documents/detect_ros2_ws/build/detection_launch' returned '0': CMAKE_PREFIX_PATH=${CMAKE_PREFIX_PATH}:/opt/ros/humble /usr/bin/cmake --build /home/lemon/Documents/detect_ros2_ws/build/detection_launch -- -j2 -l2
[0.513s] DEBUG:colcon.colcon_core.event_handler.log_command:Invoking command in '/home/lemon/Documents/detect_ros2_ws/build/detection_launch': CMAKE_PREFIX_PATH=${CMAKE_PREFIX_PATH}:/opt/ros/humble /usr/bin/cmake --install /home/lemon/Documents/detect_ros2_ws/build/detection_launch
[0.522s] DEBUG:colcon.colcon_core.event_handler.log_command:Invoked command in '/home/lemon/Documents/detect_ros2_ws/build/object_detector' returned '0': CMAKE_PREFIX_PATH=${CMAKE_PREFIX_PATH}:/opt/ros/humble /usr/bin/cmake --build /home/lemon/Documents/detect_ros2_ws/build/object_detector -- -j2 -l2
[0.523s] DEBUG:colcon.colcon_core.event_handler.log_command:Invoking command in '/home/lemon/Documents/detect_ros2_ws/build/object_detector': CMAKE_PREFIX_PATH=${CMAKE_PREFIX_PATH}:/opt/ros/humble /usr/bin/cmake --install /home/lemon/Documents/detect_ros2_ws/build/object_detector
[0.542s] Level 1:colcon.colcon_core.environment:create_environment_scripts_only(detection_launch)
[0.551s] DEBUG:colcon.colcon_core.event_handler.log_command:Invoked command in '/home/lemon/Documents/detect_ros2_ws/build/detection_launch' returned '0': CMAKE_PREFIX_PATH=${CMAKE_PREFIX_PATH}:/opt/ros/humble /usr/bin/cmake --install /home/lemon/Documents/detect_ros2_ws/build/detection_launch
[0.552s] Level 1:colcon.colcon_core.environment:checking '/home/lemon/Documents/detect_ros2_ws/install/detection_launch' for CMake module files
[0.555s] Level 1:colcon.colcon_core.environment:checking '/home/lemon/Documents/detect_ros2_ws/install/detection_launch' for CMake config files
[0.559s] Level 1:colcon.colcon_core.shell:create_environment_hook('detection_launch', 'cmake_prefix_path')
[0.561s] INFO:colcon.colcon_core.shell:Creating environment hook '/home/lemon/Documents/detect_ros2_ws/install/detection_launch/share/detection_launch/hook/cmake_prefix_path.ps1'
[0.562s] INFO:colcon.colcon_core.shell:Creating environment descriptor '/home/lemon/Documents/detect_ros2_ws/install/detection_launch/share/detection_launch/hook/cmake_prefix_path.dsv'
[0.564s] INFO:colcon.colcon_core.shell:Creating environment hook '/home/lemon/Documents/detect_ros2_ws/install/detection_launch/share/detection_launch/hook/cmake_prefix_path.sh'
[0.566s] Level 1:colcon.colcon_core.environment:checking '/home/lemon/Documents/detect_ros2_ws/install/detection_launch/bin'
[0.566s] Level 1:colcon.colcon_core.environment:checking '/home/lemon/Documents/detect_ros2_ws/install/detection_launch/lib/pkgconfig/detection_launch.pc'
[0.567s] Level 1:colcon.colcon_core.environment:checking '/home/lemon/Documents/detect_ros2_ws/install/detection_launch/lib/python3.10/site-packages'
[0.567s] Level 1:colcon.colcon_core.environment:checking '/home/lemon/Documents/detect_ros2_ws/install/detection_launch/bin'
[0.567s] INFO:colcon.colcon_core.shell:Creating package script '/home/lemon/Documents/detect_ros2_ws/install/detection_launch/share/detection_launch/package.ps1'
[0.569s] INFO:colcon.colcon_core.shell:Creating package descriptor '/home/lemon/Documents/detect_ros2_ws/install/detection_launch/share/detection_launch/package.dsv'
[0.571s] INFO:colcon.colcon_core.shell:Creating package script '/home/lemon/Documents/detect_ros2_ws/install/detection_launch/share/detection_launch/package.sh'
[0.573s] INFO:colcon.colcon_core.shell:Creating package script '/home/lemon/Documents/detect_ros2_ws/install/detection_launch/share/detection_launch/package.bash'
[0.575s] INFO:colcon.colcon_core.shell:Creating package script '/home/lemon/Documents/detect_ros2_ws/install/detection_launch/share/detection_launch/package.zsh'
[0.576s] Level 1:colcon.colcon_core.environment:create_file_with_runtime_dependencies(/home/lemon/Documents/detect_ros2_ws/install/detection_launch/share/colcon-core/packages/detection_launch)
[0.578s] Level 1:colcon.colcon_core.environment:create_environment_scripts_only(detection_launch)
[0.578s] Level 1:colcon.colcon_core.environment:checking '/home/lemon/Documents/detect_ros2_ws/install/detection_launch' for CMake module files
[0.579s] Level 1:colcon.colcon_core.environment:checking '/home/lemon/Documents/detect_ros2_ws/install/detection_launch' for CMake config files
[0.579s] Level 1:colcon.colcon_core.shell:create_environment_hook('detection_launch', 'cmake_prefix_path')
[0.580s] INFO:colcon.colcon_core.shell:Creating environment hook '/home/lemon/Documents/detect_ros2_ws/install/detection_launch/share/detection_launch/hook/cmake_prefix_path.ps1'
[0.581s] INFO:colcon.colcon_core.shell:Creating environment descriptor '/home/lemon/Documents/detect_ros2_ws/install/detection_launch/share/detection_launch/hook/cmake_prefix_path.dsv'
[0.583s] INFO:colcon.colcon_core.shell:Creating environment hook '/home/lemon/Documents/detect_ros2_ws/install/detection_launch/share/detection_launch/hook/cmake_prefix_path.sh'
[0.584s] Level 1:colcon.colcon_core.environment:checking '/home/lemon/Documents/detect_ros2_ws/install/detection_launch/bin'
[0.584s] Level 1:colcon.colcon_core.environment:checking '/home/lemon/Documents/detect_ros2_ws/install/detection_launch/lib/pkgconfig/detection_launch.pc'
[0.585s] Level 1:colcon.colcon_core.environment:checking '/home/lemon/Documents/detect_ros2_ws/install/detection_launch/lib/python3.10/site-packages'
[0.585s] Level 1:colcon.colcon_core.environment:checking '/home/lemon/Documents/detect_ros2_ws/install/detection_launch/bin'
[0.586s] INFO:colcon.colcon_core.shell:Creating package script '/home/lemon/Documents/detect_ros2_ws/install/detection_launch/share/detection_launch/package.ps1'
[0.587s] INFO:colcon.colcon_core.shell:Creating package descriptor '/home/lemon/Documents/detect_ros2_ws/install/detection_launch/share/detection_launch/package.dsv'
[0.589s] INFO:colcon.colcon_core.shell:Creating package script '/home/lemon/Documents/detect_ros2_ws/install/detection_launch/share/detection_launch/package.sh'
[0.590s] INFO:colcon.colcon_core.shell:Creating package script '/home/lemon/Documents/detect_ros2_ws/install/detection_launch/share/detection_launch/package.bash'
[0.591s] INFO:colcon.colcon_core.shell:Creating package script '/home/lemon/Documents/detect_ros2_ws/install/detection_launch/share/detection_launch/package.zsh'
[0.592s] Level 1:colcon.colcon_core.environment:create_file_with_runtime_dependencies(/home/lemon/Documents/detect_ros2_ws/install/detection_launch/share/colcon-core/packages/detection_launch)
[0.594s] INFO:colcon.colcon_ros.task.ament_cmake.build:Building ROS package in '/home/lemon/Documents/detect_ros2_ws/src/result_viewer' with build type 'ament_cmake'
[0.595s] INFO:colcon.colcon_cmake.task.cmake.build:Building CMake package in '/home/lemon/Documents/detect_ros2_ws/src/result_viewer'
[0.596s] INFO:colcon.colcon_core.shell:Skip shell extension 'powershell' for command environment: Not usable outside of PowerShell
[0.596s] DEBUG:colcon.colcon_core.shell:Skip shell extension 'dsv' for command environment
[0.603s] Level 1:colcon.colcon_core.environment:create_environment_scripts_only(object_detector)
[0.603s] Level 1:colcon.colcon_core.environment:checking '/home/lemon/Documents/detect_ros2_ws/install/object_detector' for CMake module files
[0.604s] Level 1:colcon.colcon_core.environment:checking '/home/lemon/Documents/detect_ros2_ws/install/object_detector' for CMake config files
[0.604s] Level 1:colcon.colcon_core.shell:create_environment_hook('object_detector', 'cmake_prefix_path')
[0.605s] INFO:colcon.colcon_core.shell:Creating environment hook '/home/lemon/Documents/detect_ros2_ws/install/object_detector/share/object_detector/hook/cmake_prefix_path.ps1'
[0.606s] INFO:colcon.colcon_core.shell:Creating environment descriptor '/home/lemon/Documents/detect_ros2_ws/install/object_detector/share/object_detector/hook/cmake_prefix_path.dsv'
[0.607s] INFO:colcon.colcon_core.shell:Creating environment hook '/home/lemon/Documents/detect_ros2_ws/install/object_detector/share/object_detector/hook/cmake_prefix_path.sh'
[0.608s] Level 1:colcon.colcon_core.environment:checking '/home/lemon/Documents/detect_ros2_ws/install/object_detector/lib'
[0.608s] Level 1:colcon.colcon_core.environment:checking '/home/lemon/Documents/detect_ros2_ws/install/object_detector/bin'
[0.608s] Level 1:colcon.colcon_core.environment:checking '/home/lemon/Documents/detect_ros2_ws/install/object_detector/lib/pkgconfig/object_detector.pc'
[0.609s] Level 1:colcon.colcon_core.environment:checking '/home/lemon/Documents/detect_ros2_ws/install/object_detector/lib/python3.10/site-packages'
[0.609s] Level 1:colcon.colcon_core.environment:checking '/home/lemon/Documents/detect_ros2_ws/install/object_detector/bin'
[0.609s] INFO:colcon.colcon_core.shell:Creating package script '/home/lemon/Documents/detect_ros2_ws/install/object_detector/share/object_detector/package.ps1'
[0.610s] INFO:colcon.colcon_core.shell:Creating package descriptor '/home/lemon/Documents/detect_ros2_ws/install/object_detector/share/object_detector/package.dsv'
[0.611s] INFO:colcon.colcon_core.shell:Creating package script '/home/lemon/Documents/detect_ros2_ws/install/object_detector/share/object_detector/package.sh'
[0.612s] INFO:colcon.colcon_core.shell:Creating package script '/home/lemon/Documents/detect_ros2_ws/install/object_detector/share/object_detector/package.bash'
[0.613s] INFO:colcon.colcon_core.shell:Creating package script '/home/lemon/Documents/detect_ros2_ws/install/object_detector/share/object_detector/package.zsh'
[0.614s] Level 1:colcon.colcon_core.environment:create_file_with_runtime_dependencies(/home/lemon/Documents/detect_ros2_ws/install/object_detector/share/colcon-core/packages/object_detector)
[0.615s] Level 1:colcon.colcon_core.environment:create_environment_scripts_only(object_detector)
[0.615s] Level 1:colcon.colcon_core.environment:checking '/home/lemon/Documents/detect_ros2_ws/install/object_detector' for CMake module files
[0.616s] Level 1:colcon.colcon_core.environment:checking '/home/lemon/Documents/detect_ros2_ws/install/object_detector' for CMake config files
[0.616s] Level 1:colcon.colcon_core.shell:create_environment_hook('object_detector', 'cmake_prefix_path')
[0.617s] INFO:colcon.colcon_core.shell:Creating environment hook '/home/lemon/Documents/detect_ros2_ws/install/object_detector/share/object_detector/hook/cmake_prefix_path.ps1'
[0.617s] INFO:colcon.colcon_core.shell:Creating environment descriptor '/home/lemon/Documents/detect_ros2_ws/install/object_detector/share/object_detector/hook/cmake_prefix_path.dsv'
[0.623s] DEBUG:colcon.colcon_core.event_handler.log_command:Invoked command in '/home/lemon/Documents/detect_ros2_ws/build/object_detector' returned '0': CMAKE_PREFIX_PATH=${CMAKE_PREFIX_PATH}:/opt/ros/humble /usr/bin/cmake --install /home/lemon/Documents/detect_ros2_ws/build/object_detector
[0.623s] INFO:colcon.colcon_core.shell:Creating environment hook '/home/lemon/Documents/detect_ros2_ws/install/object_detector/share/object_detector/hook/cmake_prefix_path.sh'
[0.624s] Level 1:colcon.colcon_core.environment:checking '/home/lemon/Documents/detect_ros2_ws/install/object_detector/lib'
[0.624s] Level 1:colcon.colcon_core.environment:checking '/home/lemon/Documents/detect_ros2_ws/install/object_detector/bin'
[0.624s] Level 1:colcon.colcon_core.environment:checking '/home/lemon/Documents/detect_ros2_ws/install/object_detector/lib/pkgconfig/object_detector.pc'
[0.625s] Level 1:colcon.colcon_core.environment:checking '/home/lemon/Documents/detect_ros2_ws/install/object_detector/lib/python3.10/site-packages'
[0.625s] Level 1:colcon.colcon_core.environment:checking '/home/lemon/Documents/detect_ros2_ws/install/object_detector/bin'
[0.630s] INFO:colcon.colcon_core.shell:Creating package script '/home/lemon/Documents/detect_ros2_ws/install/object_detector/share/object_detector/package.ps1'
[0.631s] INFO:colcon.colcon_core.shell:Creating package descriptor '/home/lemon/Documents/detect_ros2_ws/install/object_detector/share/object_detector/package.dsv'
[0.632s] INFO:colcon.colcon_core.shell:Creating package script '/home/lemon/Documents/detect_ros2_ws/install/object_detector/share/object_detector/package.sh'
[0.632s] INFO:colcon.colcon_core.shell:Creating package script '/home/lemon/Documents/detect_ros2_ws/install/object_detector/share/object_detector/package.bash'
[0.633s] INFO:colcon.colcon_core.shell:Creating package script '/home/lemon/Documents/detect_ros2_ws/install/object_detector/share/object_detector/package.zsh'
[0.634s] Level 1:colcon.colcon_core.environment:create_file_with_runtime_dependencies(/home/lemon/Documents/detect_ros2_ws/install/object_detector/share/colcon-core/packages/object_detector)
[0.635s] INFO:colcon.colcon_ros.task.ament_cmake.build:Building ROS package in '/home/lemon/Documents/detect_ros2_ws/src/video_publisher' with build type 'ament_cmake'
[0.635s] INFO:colcon.colcon_cmake.task.cmake.build:Building CMake package in '/home/lemon/Documents/detect_ros2_ws/src/video_publisher'
[0.636s] INFO:colcon.colcon_core.shell:Skip shell extension 'powershell' for command environment: Not usable outside of PowerShell
[0.636s] DEBUG:colcon.colcon_core.shell:Skip shell extension 'dsv' for command environment
[0.674s] DEBUG:colcon.colcon_core.event_handler.log_command:Invoking command in '/home/lemon/Documents/detect_ros2_ws/build/result_viewer': CMAKE_PREFIX_PATH=${CMAKE_PREFIX_PATH}:/opt/ros/humble /usr/bin/cmake --build /home/lemon/Documents/detect_ros2_ws/build/result_viewer -- -j2 -l2
[0.689s] DEBUG:colcon.colcon_core.event_handler.log_command:Invoking command in '/home/lemon/Documents/detect_ros2_ws/build/video_publisher': CMAKE_PREFIX_PATH=${CMAKE_PREFIX_PATH}:/opt/ros/humble /usr/bin/cmake --build /home/lemon/Documents/detect_ros2_ws/build/video_publisher -- -j2 -l2
[0.893s] DEBUG:colcon.colcon_core.event_handler.log_command:Invoked command in '/home/lemon/Documents/detect_ros2_ws/build/video_publisher' returned '0': CMAKE_PREFIX_PATH=${CMAKE_PREFIX_PATH}:/opt/ros/humble /usr/bin/cmake --build /home/lemon/Documents/detect_ros2_ws/build/video_publisher -- -j2 -l2
[0.897s] DEBUG:colcon.colcon_core.event_handler.log_command:Invoking command in '/home/lemon/Documents/detect_ros2_ws/build/video_publisher': CMAKE_PREFIX_PATH=${CMAKE_PREFIX_PATH}:/opt/ros/humble /usr/bin/cmake --install /home/lemon/Documents/detect_ros2_ws/build/video_publisher
[0.935s] Level 1:colcon.colcon_core.environment:create_environment_scripts_only(video_publisher)
[0.936s] Level 1:colcon.colcon_core.environment:checking '/home/lemon/Documents/detect_ros2_ws/install/video_publisher' for CMake module files
[0.936s] DEBUG:colcon.colcon_core.event_handler.log_command:Invoked command in '/home/lemon/Documents/detect_ros2_ws/build/video_publisher' returned '0': CMAKE_PREFIX_PATH=${CMAKE_PREFIX_PATH}:/opt/ros/humble /usr/bin/cmake --install /home/lemon/Documents/detect_ros2_ws/build/video_publisher
[0.938s] Level 1:colcon.colcon_core.environment:checking '/home/lemon/Documents/detect_ros2_ws/install/video_publisher' for CMake config files
[0.938s] Level 1:colcon.colcon_core.shell:create_environment_hook('video_publisher', 'cmake_prefix_path')
[0.939s] INFO:colcon.colcon_core.shell:Creating environment hook '/home/lemon/Documents/detect_ros2_ws/install/video_publisher/share/video_publisher/hook/cmake_prefix_path.ps1'
[0.940s] INFO:colcon.colcon_core.shell:Creating environment descriptor '/home/lemon/Documents/detect_ros2_ws/install/video_publisher/share/video_publisher/hook/cmake_prefix_path.dsv'
[0.941s] INFO:colcon.colcon_core.shell:Creating environment hook '/home/lemon/Documents/detect_ros2_ws/install/video_publisher/share/video_publisher/hook/cmake_prefix_path.sh'
[0.943s] Level 1:colcon.colcon_core.environment:checking '/home/lemon/Documents/detect_ros2_ws/install/video_publisher/lib'
[0.943s] Level 1:colcon.colcon_core.environment:checking '/home/lemon/Documents/detect_ros2_ws/install/video_publisher/bin'
[0.943s] Level 1:colcon.colcon_core.environment:checking '/home/lemon/Documents/detect_ros2_ws/install/video_publisher/lib/pkgconfig/video_publisher.pc'
[0.944s] Level 1:colcon.colcon_core.environment:checking '/home/lemon/Documents/detect_ros2_ws/install/video_publisher/lib/python3.10/site-packages'
[0.944s] Level 1:colcon.colcon_core.environment:checking '/home/lemon/Documents/detect_ros2_ws/install/video_publisher/bin'
[0.947s] INFO:colcon.colcon_core.shell:Creating package script '/home/lemon/Documents/detect_ros2_ws/install/video_publisher/share/video_publisher/package.ps1'
[0.948s] INFO:colcon.colcon_core.shell:Creating package descriptor '/home/lemon/Documents/detect_ros2_ws/install/video_publisher/share/video_publisher/package.dsv'
[0.949s] INFO:colcon.colcon_core.shell:Creating package script '/home/lemon/Documents/detect_ros2_ws/install/video_publisher/share/video_publisher/package.sh'
[0.951s] INFO:colcon.colcon_core.shell:Creating package script '/home/lemon/Documents/detect_ros2_ws/install/video_publisher/share/video_publisher/package.bash'
[0.953s] INFO:colcon.colcon_core.shell:Creating package script '/home/lemon/Documents/detect_ros2_ws/install/video_publisher/share/video_publisher/package.zsh'
[0.954s] Level 1:colcon.colcon_core.environment:create_file_with_runtime_dependencies(/home/lemon/Documents/detect_ros2_ws/install/video_publisher/share/colcon-core/packages/video_publisher)
[0.956s] Level 1:colcon.colcon_core.environment:create_environment_scripts_only(video_publisher)
[0.956s] Level 1:colcon.colcon_core.environment:checking '/home/lemon/Documents/detect_ros2_ws/install/video_publisher' for CMake module files
[0.957s] Level 1:colcon.colcon_core.environment:checking '/home/lemon/Documents/detect_ros2_ws/install/video_publisher' for CMake config files
[0.957s] Level 1:colcon.colcon_core.shell:create_environment_hook('video_publisher', 'cmake_prefix_path')
[0.957s] INFO:colcon.colcon_core.shell:Creating environment hook '/home/lemon/Documents/detect_ros2_ws/install/video_publisher/share/video_publisher/hook/cmake_prefix_path.ps1'
[0.959s] INFO:colcon.colcon_core.shell:Creating environment descriptor '/home/lemon/Documents/detect_ros2_ws/install/video_publisher/share/video_publisher/hook/cmake_prefix_path.dsv'
[0.960s] INFO:colcon.colcon_core.shell:Creating environment hook '/home/lemon/Documents/detect_ros2_ws/install/video_publisher/share/video_publisher/hook/cmake_prefix_path.sh'
[0.963s] Level 1:colcon.colcon_core.environment:checking '/home/lemon/Documents/detect_ros2_ws/install/video_publisher/lib'
[0.964s] Level 1:colcon.colcon_core.environment:checking '/home/lemon/Documents/detect_ros2_ws/install/video_publisher/bin'
[0.964s] Level 1:colcon.colcon_core.environment:checking '/home/lemon/Documents/detect_ros2_ws/install/video_publisher/lib/pkgconfig/video_publisher.pc'
[0.964s] Level 1:colcon.colcon_core.environment:checking '/home/lemon/Documents/detect_ros2_ws/install/video_publisher/lib/python3.10/site-packages'
[0.965s] Level 1:colcon.colcon_core.environment:checking '/home/lemon/Documents/detect_ros2_ws/install/video_publisher/bin'
[0.965s] INFO:colcon.colcon_core.shell:Creating package script '/home/lemon/Documents/detect_ros2_ws/install/video_publisher/share/video_publisher/package.ps1'
[0.969s] INFO:colcon.colcon_core.shell:Creating package descriptor '/home/lemon/Documents/detect_ros2_ws/install/video_publisher/share/video_publisher/package.dsv'
[0.972s] INFO:colcon.colcon_core.shell:Creating package script '/home/lemon/Documents/detect_ros2_ws/install/video_publisher/share/video_publisher/package.sh'
[0.973s] INFO:colcon.colcon_core.shell:Creating package script '/home/lemon/Documents/detect_ros2_ws/install/video_publisher/share/video_publisher/package.bash'
[0.975s] INFO:colcon.colcon_core.shell:Creating package script '/home/lemon/Documents/detect_ros2_ws/install/video_publisher/share/video_publisher/package.zsh'
[0.977s] Level 1:colcon.colcon_core.environment:create_file_with_runtime_dependencies(/home/lemon/Documents/detect_ros2_ws/install/video_publisher/share/colcon-core/packages/video_publisher)
[13.227s] DEBUG:colcon.colcon_core.event_handler.log_command:Invoked command in '/home/lemon/Documents/detect_ros2_ws/build/result_viewer' returned '0': CMAKE_PREFIX_PATH=${CMAKE_PREFIX_PATH}:/opt/ros/humble /usr/bin/cmake --build /home/lemon/Documents/detect_ros2_ws/build/result_viewer -- -j2 -l2
[13.228s] DEBUG:colcon.colcon_core.event_handler.log_command:Invoking command in '/home/lemon/Documents/detect_ros2_ws/build/result_viewer': CMAKE_PREFIX_PATH=${CMAKE_PREFIX_PATH}:/opt/ros/humble /usr/bin/cmake --install /home/lemon/Documents/detect_ros2_ws/build/result_viewer
[13.254s] Level 1:colcon.colcon_core.environment:create_environment_scripts_only(result_viewer)
[13.255s] Level 1:colcon.colcon_core.environment:checking '/home/lemon/Documents/detect_ros2_ws/install/result_viewer' for CMake module files
[13.256s] Level 1:colcon.colcon_core.environment:checking '/home/lemon/Documents/detect_ros2_ws/install/result_viewer' for CMake config files
[13.256s] Level 1:colcon.colcon_core.shell:create_environment_hook('result_viewer', 'cmake_prefix_path')
[13.257s] INFO:colcon.colcon_core.shell:Creating environment hook '/home/lemon/Documents/detect_ros2_ws/install/result_viewer/share/result_viewer/hook/cmake_prefix_path.ps1'
[13.257s] DEBUG:colcon.colcon_core.event_handler.log_command:Invoked command in '/home/lemon/Documents/detect_ros2_ws/build/result_viewer' returned '0': CMAKE_PREFIX_PATH=${CMAKE_PREFIX_PATH}:/opt/ros/humble /usr/bin/cmake --install /home/lemon/Documents/detect_ros2_ws/build/result_viewer
[13.261s] INFO:colcon.colcon_core.shell:Creating environment descriptor '/home/lemon/Documents/detect_ros2_ws/install/result_viewer/share/result_viewer/hook/cmake_prefix_path.dsv'
[13.263s] INFO:colcon.colcon_core.shell:Creating environment hook '/home/lemon/Documents/detect_ros2_ws/install/result_viewer/share/result_viewer/hook/cmake_prefix_path.sh'
[13.264s] Level 1:colcon.colcon_core.environment:checking '/home/lemon/Documents/detect_ros2_ws/install/result_viewer/lib'
[13.264s] Level 1:colcon.colcon_core.environment:checking '/home/lemon/Documents/detect_ros2_ws/install/result_viewer/bin'
[13.265s] Level 1:colcon.colcon_core.environment:checking '/home/lemon/Documents/detect_ros2_ws/install/result_viewer/lib/pkgconfig/result_viewer.pc'
[13.265s] Level 1:colcon.colcon_core.environment:checking '/home/lemon/Documents/detect_ros2_ws/install/result_viewer/lib/python3.10/site-packages'
[13.265s] Level 1:colcon.colcon_core.environment:checking '/home/lemon/Documents/detect_ros2_ws/install/result_viewer/bin'
[13.266s] INFO:colcon.colcon_core.shell:Creating package script '/home/lemon/Documents/detect_ros2_ws/install/result_viewer/share/result_viewer/package.ps1'
[13.267s] INFO:colcon.colcon_core.shell:Creating package descriptor '/home/lemon/Documents/detect_ros2_ws/install/result_viewer/share/result_viewer/package.dsv'
[13.267s] INFO:colcon.colcon_core.shell:Creating package script '/home/lemon/Documents/detect_ros2_ws/install/result_viewer/share/result_viewer/package.sh'
[13.268s] INFO:colcon.colcon_core.shell:Creating package script '/home/lemon/Documents/detect_ros2_ws/install/result_viewer/share/result_viewer/package.bash'
[13.269s] INFO:colcon.colcon_core.shell:Creating package script '/home/lemon/Documents/detect_ros2_ws/install/result_viewer/share/result_viewer/package.zsh'
[13.270s] Level 1:colcon.colcon_core.environment:create_file_with_runtime_dependencies(/home/lemon/Documents/detect_ros2_ws/install/result_viewer/share/colcon-core/packages/result_viewer)
[13.271s] Level 1:colcon.colcon_core.environment:create_environment_scripts_only(result_viewer)
[13.271s] Level 1:colcon.colcon_core.environment:checking '/home/lemon/Documents/detect_ros2_ws/install/result_viewer' for CMake module files
[13.272s] Level 1:colcon.colcon_core.environment:checking '/home/lemon/Documents/detect_ros2_ws/install/result_viewer' for CMake config files
[13.272s] Level 1:colcon.colcon_core.shell:create_environment_hook('result_viewer', 'cmake_prefix_path')
[13.273s] INFO:colcon.colcon_core.shell:Creating environment hook '/home/lemon/Documents/detect_ros2_ws/install/result_viewer/share/result_viewer/hook/cmake_prefix_path.ps1'
[13.273s] INFO:colcon.colcon_core.shell:Creating environment descriptor '/home/lemon/Documents/detect_ros2_ws/install/result_viewer/share/result_viewer/hook/cmake_prefix_path.dsv'
[13.274s] INFO:colcon.colcon_core.shell:Creating environment hook '/home/lemon/Documents/detect_ros2_ws/install/result_viewer/share/result_viewer/hook/cmake_prefix_path.sh'
[13.275s] Level 1:colcon.colcon_core.environment:checking '/home/lemon/Documents/detect_ros2_ws/install/result_viewer/lib'
[13.275s] Level 1:colcon.colcon_core.environment:checking '/home/lemon/Documents/detect_ros2_ws/install/result_viewer/bin'
[13.275s] Level 1:colcon.colcon_core.environment:checking '/home/lemon/Documents/detect_ros2_ws/install/result_viewer/lib/pkgconfig/result_viewer.pc'
[13.276s] Level 1:colcon.colcon_core.environment:checking '/home/lemon/Documents/detect_ros2_ws/install/result_viewer/lib/python3.10/site-packages'
[13.276s] Level 1:colcon.colcon_core.environment:checking '/home/lemon/Documents/detect_ros2_ws/install/result_viewer/bin'
[13.276s] INFO:colcon.colcon_core.shell:Creating package script '/home/lemon/Documents/detect_ros2_ws/install/result_viewer/share/result_viewer/package.ps1'
[13.277s] INFO:colcon.colcon_core.shell:Creating package descriptor '/home/lemon/Documents/detect_ros2_ws/install/result_viewer/share/result_viewer/package.dsv'
[13.278s] INFO:colcon.colcon_core.shell:Creating package script '/home/lemon/Documents/detect_ros2_ws/install/result_viewer/share/result_viewer/package.sh'
[13.279s] INFO:colcon.colcon_core.shell:Creating package script '/home/lemon/Documents/detect_ros2_ws/install/result_viewer/share/result_viewer/package.bash'
[13.280s] INFO:colcon.colcon_core.shell:Creating package script '/home/lemon/Documents/detect_ros2_ws/install/result_viewer/share/result_viewer/package.zsh'
[13.281s] Level 1:colcon.colcon_core.environment:create_file_with_runtime_dependencies(/home/lemon/Documents/detect_ros2_ws/install/result_viewer/share/colcon-core/packages/result_viewer)
[13.282s] DEBUG:colcon.colcon_parallel_executor.executor.parallel:closing loop
[13.282s] DEBUG:colcon.colcon_parallel_executor.executor.parallel:loop closed
[13.282s] DEBUG:colcon.colcon_parallel_executor.executor.parallel:run_until_complete finished with '0'
[13.283s] DEBUG:colcon.colcon_core.event_reactor:joining thread
[13.288s] INFO:colcon.colcon_core.plugin_system:Skipping extension 'colcon_notification.desktop_notification.terminal_notifier': Not used on non-Darwin systems
[13.289s] INFO:colcon.colcon_core.plugin_system:Skipping extension 'colcon_notification.desktop_notification.win32': Not used on non-Windows systems
[13.289s] INFO:colcon.colcon_notification.desktop_notification:Sending desktop notification using 'notify2'
[13.308s] DEBUG:colcon.colcon_core.event_reactor:joined thread
[13.308s] INFO:colcon.colcon_core.shell:Creating prefix script '/home/lemon/Documents/detect_ros2_ws/install/local_setup.ps1'
[13.310s] INFO:colcon.colcon_core.shell:Creating prefix util module '/home/lemon/Documents/detect_ros2_ws/install/_local_setup_util_ps1.py'
[13.313s] INFO:colcon.colcon_core.shell:Creating prefix chain script '/home/lemon/Documents/detect_ros2_ws/install/setup.ps1'
[13.315s] INFO:colcon.colcon_core.shell:Creating prefix script '/home/lemon/Documents/detect_ros2_ws/install/local_setup.sh'
[13.317s] INFO:colcon.colcon_core.shell:Creating prefix util module '/home/lemon/Documents/detect_ros2_ws/install/_local_setup_util_sh.py'
[13.319s] INFO:colcon.colcon_core.shell:Creating prefix chain script '/home/lemon/Documents/detect_ros2_ws/install/setup.sh'
[13.322s] INFO:colcon.colcon_core.shell:Creating prefix script '/home/lemon/Documents/detect_ros2_ws/install/local_setup.bash'
[13.323s] INFO:colcon.colcon_core.shell:Creating prefix chain script '/home/lemon/Documents/detect_ros2_ws/install/setup.bash'
[13.325s] INFO:colcon.colcon_core.shell:Creating prefix script '/home/lemon/Documents/detect_ros2_ws/install/local_setup.zsh'
[13.326s] INFO:colcon.colcon_core.shell:Creating prefix chain script '/home/lemon/Documents/detect_ros2_ws/install/setup.zsh'
