[0.186s] DEBUG:colcon:Command line arguments: ['/usr/bin/colcon', 'build']
[0.187s] DEBUG:colcon:Parsed command line arguments: Namespace(log_base=None, log_level=None, verb_name='build', build_base='build', install_base='install', merge_install=False, symlink_install=False, test_result_base=None, continue_on_error=False, executor='parallel', parallel_workers=2, event_handlers=None, ignore_user_meta=False, metas=['./colcon.meta'], base_paths=['.'], packages_ignore=None, packages_ignore_regex=None, paths=None, packages_up_to=None, packages_up_to_regex=None, packages_above=None, packages_above_and_dependencies=None, packages_above_depth=None, packages_select_by_dep=None, packages_skip_by_dep=None, packages_skip_up_to=None, packages_select_build_failed=False, packages_skip_build_finished=False, packages_select_test_failures=False, packages_skip_test_passed=False, packages_select=None, packages_skip=None, packages_select_regex=None, packages_skip_regex=None, packages_start=None, packages_end=None, allow_overriding=[], cmake_args=None, cmake_target=None, cmake_target_skip_unavailable=False, cmake_clean_cache=False, cmake_clean_first=False, cmake_force_configure=False, ament_cmake_args=None, catkin_cmake_args=None, catkin_skip_building_tests=False, verb_parser=<colcon_defaults.argument_parser.defaults.DefaultArgumentsDecorator object at 0x7abf838078b0>, verb_extension=<colcon_core.verb.build.BuildVerb object at 0x7abf83954c70>, main=<bound method BuildVerb.main of <colcon_core.verb.build.BuildVerb object at 0x7abf83954c70>>)
[0.543s] Level 1:colcon.colcon_core.package_discovery:discover_packages(colcon_meta) check parameters
[0.543s] Level 1:colcon.colcon_core.package_discovery:discover_packages(recursive) check parameters
[0.543s] Level 1:colcon.colcon_core.package_discovery:discover_packages(ignore) check parameters
[0.543s] Level 1:colcon.colcon_core.package_discovery:discover_packages(path) check parameters
[0.543s] Level 1:colcon.colcon_core.package_discovery:discover_packages(colcon_meta) discover
[0.543s] Level 1:colcon.colcon_core.package_discovery:discover_packages(recursive) discover
[0.543s] INFO:colcon.colcon_core.package_discovery:Crawling recursively for packages in '/home/lemon/Documents/detect_ros2_ws'
[0.543s] Level 1:colcon.colcon_core.package_identification:_identify(.) by extensions ['ignore', 'ignore_ament_install']
[0.544s] Level 1:colcon.colcon_core.package_identification:_identify(.) by extension 'ignore'
[0.544s] Level 1:colcon.colcon_core.package_identification:_identify(.) by extension 'ignore_ament_install'
[0.544s] Level 1:colcon.colcon_core.package_identification:_identify(.) by extensions ['colcon_pkg']
[0.544s] Level 1:colcon.colcon_core.package_identification:_identify(.) by extension 'colcon_pkg'
[0.544s] Level 1:colcon.colcon_core.package_identification:_identify(.) by extensions ['colcon_meta']
[0.544s] Level 1:colcon.colcon_core.package_identification:_identify(.) by extension 'colcon_meta'
[0.544s] Level 1:colcon.colcon_core.package_identification:_identify(.) by extensions ['ros']
[0.544s] Level 1:colcon.colcon_core.package_identification:_identify(.) by extension 'ros'
[0.563s] Level 1:colcon.colcon_core.package_identification:_identify(.) by extensions ['cmake', 'python']
[0.563s] Level 1:colcon.colcon_core.package_identification:_identify(.) by extension 'cmake'
[0.564s] Level 1:colcon.colcon_core.package_identification:_identify(.) by extension 'python'
[0.564s] Level 1:colcon.colcon_core.package_identification:_identify(.) by extensions ['python_setup_py']
[0.564s] Level 1:colcon.colcon_core.package_identification:_identify(.) by extension 'python_setup_py'
[0.564s] Level 1:colcon.colcon_core.package_identification:_identify(build) by extensions ['ignore', 'ignore_ament_install']
[0.564s] Level 1:colcon.colcon_core.package_identification:_identify(build) by extension 'ignore'
[0.564s] Level 1:colcon.colcon_core.package_identification:_identify(build) ignored
[0.564s] Level 1:colcon.colcon_core.package_identification:_identify(install) by extensions ['ignore', 'ignore_ament_install']
[0.564s] Level 1:colcon.colcon_core.package_identification:_identify(install) by extension 'ignore'
[0.564s] Level 1:colcon.colcon_core.package_identification:_identify(install) ignored
[0.564s] Level 1:colcon.colcon_core.package_identification:_identify(log) by extensions ['ignore', 'ignore_ament_install']
[0.565s] Level 1:colcon.colcon_core.package_identification:_identify(log) by extension 'ignore'
[0.565s] Level 1:colcon.colcon_core.package_identification:_identify(log) ignored
[0.565s] Level 1:colcon.colcon_core.package_identification:_identify(src) by extensions ['ignore', 'ignore_ament_install']
[0.565s] Level 1:colcon.colcon_core.package_identification:_identify(src) by extension 'ignore'
[0.565s] Level 1:colcon.colcon_core.package_identification:_identify(src) by extension 'ignore_ament_install'
[0.565s] Level 1:colcon.colcon_core.package_identification:_identify(src) by extensions ['colcon_pkg']
[0.565s] Level 1:colcon.colcon_core.package_identification:_identify(src) by extension 'colcon_pkg'
[0.565s] Level 1:colcon.colcon_core.package_identification:_identify(src) by extensions ['colcon_meta']
[0.565s] Level 1:colcon.colcon_core.package_identification:_identify(src) by extension 'colcon_meta'
[0.565s] Level 1:colcon.colcon_core.package_identification:_identify(src) by extensions ['ros']
[0.565s] Level 1:colcon.colcon_core.package_identification:_identify(src) by extension 'ros'
[0.565s] Level 1:colcon.colcon_core.package_identification:_identify(src) by extensions ['cmake', 'python']
[0.565s] Level 1:colcon.colcon_core.package_identification:_identify(src) by extension 'cmake'
[0.565s] Level 1:colcon.colcon_core.package_identification:_identify(src) by extension 'python'
[0.565s] Level 1:colcon.colcon_core.package_identification:_identify(src) by extensions ['python_setup_py']
[0.565s] Level 1:colcon.colcon_core.package_identification:_identify(src) by extension 'python_setup_py'
[0.566s] Level 1:colcon.colcon_core.package_identification:_identify(src/detection_launch) by extensions ['ignore', 'ignore_ament_install']
[0.566s] Level 1:colcon.colcon_core.package_identification:_identify(src/detection_launch) by extension 'ignore'
[0.566s] Level 1:colcon.colcon_core.package_identification:_identify(src/detection_launch) by extension 'ignore_ament_install'
[0.566s] Level 1:colcon.colcon_core.package_identification:_identify(src/detection_launch) by extensions ['colcon_pkg']
[0.566s] Level 1:colcon.colcon_core.package_identification:_identify(src/detection_launch) by extension 'colcon_pkg'
[0.566s] Level 1:colcon.colcon_core.package_identification:_identify(src/detection_launch) by extensions ['colcon_meta']
[0.566s] Level 1:colcon.colcon_core.package_identification:_identify(src/detection_launch) by extension 'colcon_meta'
[0.566s] Level 1:colcon.colcon_core.package_identification:_identify(src/detection_launch) by extensions ['ros']
[0.566s] Level 1:colcon.colcon_core.package_identification:_identify(src/detection_launch) by extension 'ros'
[0.571s] DEBUG:colcon.colcon_core.package_identification:Package 'src/detection_launch' with type 'ros.ament_cmake' and name 'detection_launch'
[0.571s] Level 1:colcon.colcon_core.package_identification:_identify(src/object_detector) by extensions ['ignore', 'ignore_ament_install']
[0.571s] Level 1:colcon.colcon_core.package_identification:_identify(src/object_detector) by extension 'ignore'
[0.571s] Level 1:colcon.colcon_core.package_identification:_identify(src/object_detector) by extension 'ignore_ament_install'
[0.571s] Level 1:colcon.colcon_core.package_identification:_identify(src/object_detector) by extensions ['colcon_pkg']
[0.571s] Level 1:colcon.colcon_core.package_identification:_identify(src/object_detector) by extension 'colcon_pkg'
[0.571s] Level 1:colcon.colcon_core.package_identification:_identify(src/object_detector) by extensions ['colcon_meta']
[0.571s] Level 1:colcon.colcon_core.package_identification:_identify(src/object_detector) by extension 'colcon_meta'
[0.571s] Level 1:colcon.colcon_core.package_identification:_identify(src/object_detector) by extensions ['ros']
[0.571s] Level 1:colcon.colcon_core.package_identification:_identify(src/object_detector) by extension 'ros'
[0.574s] DEBUG:colcon.colcon_core.package_identification:Package 'src/object_detector' with type 'ros.ament_cmake' and name 'object_detector'
[0.574s] Level 1:colcon.colcon_core.package_identification:_identify(src/result_viewer) by extensions ['ignore', 'ignore_ament_install']
[0.574s] Level 1:colcon.colcon_core.package_identification:_identify(src/result_viewer) by extension 'ignore'
[0.574s] Level 1:colcon.colcon_core.package_identification:_identify(src/result_viewer) by extension 'ignore_ament_install'
[0.574s] Level 1:colcon.colcon_core.package_identification:_identify(src/result_viewer) by extensions ['colcon_pkg']
[0.574s] Level 1:colcon.colcon_core.package_identification:_identify(src/result_viewer) by extension 'colcon_pkg'
[0.574s] Level 1:colcon.colcon_core.package_identification:_identify(src/result_viewer) by extensions ['colcon_meta']
[0.574s] Level 1:colcon.colcon_core.package_identification:_identify(src/result_viewer) by extension 'colcon_meta'
[0.574s] Level 1:colcon.colcon_core.package_identification:_identify(src/result_viewer) by extensions ['ros']
[0.574s] Level 1:colcon.colcon_core.package_identification:_identify(src/result_viewer) by extension 'ros'
[0.576s] DEBUG:colcon.colcon_core.package_identification:Package 'src/result_viewer' with type 'ros.ament_cmake' and name 'result_viewer'
[0.576s] Level 1:colcon.colcon_core.package_identification:_identify(src/video_publisher) by extensions ['ignore', 'ignore_ament_install']
[0.576s] Level 1:colcon.colcon_core.package_identification:_identify(src/video_publisher) by extension 'ignore'
[0.576s] Level 1:colcon.colcon_core.package_identification:_identify(src/video_publisher) by extension 'ignore_ament_install'
[0.577s] Level 1:colcon.colcon_core.package_identification:_identify(src/video_publisher) by extensions ['colcon_pkg']
[0.577s] Level 1:colcon.colcon_core.package_identification:_identify(src/video_publisher) by extension 'colcon_pkg'
[0.577s] Level 1:colcon.colcon_core.package_identification:_identify(src/video_publisher) by extensions ['colcon_meta']
[0.577s] Level 1:colcon.colcon_core.package_identification:_identify(src/video_publisher) by extension 'colcon_meta'
[0.577s] Level 1:colcon.colcon_core.package_identification:_identify(src/video_publisher) by extensions ['ros']
[0.577s] Level 1:colcon.colcon_core.package_identification:_identify(src/video_publisher) by extension 'ros'
[0.578s] DEBUG:colcon.colcon_core.package_identification:Package 'src/video_publisher' with type 'ros.ament_cmake' and name 'video_publisher'
[0.578s] Level 1:colcon.colcon_core.package_discovery:discover_packages(recursive) using defaults
[0.578s] Level 1:colcon.colcon_core.package_discovery:discover_packages(ignore) discover
[0.578s] Level 1:colcon.colcon_core.package_discovery:discover_packages(ignore) using defaults
[0.578s] Level 1:colcon.colcon_core.package_discovery:discover_packages(path) discover
[0.578s] Level 1:colcon.colcon_core.package_discovery:discover_packages(path) using defaults
[0.614s] Level 1:colcon.colcon_core.package_discovery:discover_packages(prefix_path) check parameters
[0.614s] Level 1:colcon.colcon_core.package_discovery:discover_packages(prefix_path) discover
[0.618s] DEBUG:colcon.colcon_installed_package_information.package_discovery:Found 4 installed packages in /home/lemon/Documents/detect_ros2_ws/install
[0.621s] DEBUG:colcon.colcon_installed_package_information.package_discovery:Found 340 installed packages in /opt/ros/humble
[0.646s] Level 1:colcon.colcon_core.package_discovery:discover_packages(prefix_path) using defaults
[0.712s] Level 5:colcon.colcon_core.verb:set package 'detection_launch' build argument 'cmake_args' from command line to 'None'
[0.713s] Level 5:colcon.colcon_core.verb:set package 'detection_launch' build argument 'cmake_target' from command line to 'None'
[0.713s] Level 5:colcon.colcon_core.verb:set package 'detection_launch' build argument 'cmake_target_skip_unavailable' from command line to 'False'
[0.713s] Level 5:colcon.colcon_core.verb:set package 'detection_launch' build argument 'cmake_clean_cache' from command line to 'False'
[0.713s] Level 5:colcon.colcon_core.verb:set package 'detection_launch' build argument 'cmake_clean_first' from command line to 'False'
[0.713s] Level 5:colcon.colcon_core.verb:set package 'detection_launch' build argument 'cmake_force_configure' from command line to 'False'
[0.713s] Level 5:colcon.colcon_core.verb:set package 'detection_launch' build argument 'ament_cmake_args' from command line to 'None'
[0.713s] Level 5:colcon.colcon_core.verb:set package 'detection_launch' build argument 'catkin_cmake_args' from command line to 'None'
[0.713s] Level 5:colcon.colcon_core.verb:set package 'detection_launch' build argument 'catkin_skip_building_tests' from command line to 'False'
[0.713s] DEBUG:colcon.colcon_core.verb:Building package 'detection_launch' with the following arguments: {'ament_cmake_args': None, 'build_base': '/home/lemon/Documents/detect_ros2_ws/build/detection_launch', 'catkin_cmake_args': None, 'catkin_skip_building_tests': False, 'cmake_args': None, 'cmake_clean_cache': False, 'cmake_clean_first': False, 'cmake_force_configure': False, 'cmake_target': None, 'cmake_target_skip_unavailable': False, 'install_base': '/home/lemon/Documents/detect_ros2_ws/install/detection_launch', 'merge_install': False, 'path': '/home/lemon/Documents/detect_ros2_ws/src/detection_launch', 'symlink_install': False, 'test_result_base': None}
[0.713s] Level 5:colcon.colcon_core.verb:set package 'object_detector' build argument 'cmake_args' from command line to 'None'
[0.713s] Level 5:colcon.colcon_core.verb:set package 'object_detector' build argument 'cmake_target' from command line to 'None'
[0.713s] Level 5:colcon.colcon_core.verb:set package 'object_detector' build argument 'cmake_target_skip_unavailable' from command line to 'False'
[0.713s] Level 5:colcon.colcon_core.verb:set package 'object_detector' build argument 'cmake_clean_cache' from command line to 'False'
[0.713s] Level 5:colcon.colcon_core.verb:set package 'object_detector' build argument 'cmake_clean_first' from command line to 'False'
[0.713s] Level 5:colcon.colcon_core.verb:set package 'object_detector' build argument 'cmake_force_configure' from command line to 'False'
[0.713s] Level 5:colcon.colcon_core.verb:set package 'object_detector' build argument 'ament_cmake_args' from command line to 'None'
[0.714s] Level 5:colcon.colcon_core.verb:set package 'object_detector' build argument 'catkin_cmake_args' from command line to 'None'
[0.714s] Level 5:colcon.colcon_core.verb:set package 'object_detector' build argument 'catkin_skip_building_tests' from command line to 'False'
[0.714s] DEBUG:colcon.colcon_core.verb:Building package 'object_detector' with the following arguments: {'ament_cmake_args': None, 'build_base': '/home/lemon/Documents/detect_ros2_ws/build/object_detector', 'catkin_cmake_args': None, 'catkin_skip_building_tests': False, 'cmake_args': None, 'cmake_clean_cache': False, 'cmake_clean_first': False, 'cmake_force_configure': False, 'cmake_target': None, 'cmake_target_skip_unavailable': False, 'install_base': '/home/lemon/Documents/detect_ros2_ws/install/object_detector', 'merge_install': False, 'path': '/home/lemon/Documents/detect_ros2_ws/src/object_detector', 'symlink_install': False, 'test_result_base': None}
[0.714s] Level 5:colcon.colcon_core.verb:set package 'result_viewer' build argument 'cmake_args' from command line to 'None'
[0.714s] Level 5:colcon.colcon_core.verb:set package 'result_viewer' build argument 'cmake_target' from command line to 'None'
[0.714s] Level 5:colcon.colcon_core.verb:set package 'result_viewer' build argument 'cmake_target_skip_unavailable' from command line to 'False'
[0.714s] Level 5:colcon.colcon_core.verb:set package 'result_viewer' build argument 'cmake_clean_cache' from command line to 'False'
[0.714s] Level 5:colcon.colcon_core.verb:set package 'result_viewer' build argument 'cmake_clean_first' from command line to 'False'
[0.714s] Level 5:colcon.colcon_core.verb:set package 'result_viewer' build argument 'cmake_force_configure' from command line to 'False'
[0.714s] Level 5:colcon.colcon_core.verb:set package 'result_viewer' build argument 'ament_cmake_args' from command line to 'None'
[0.714s] Level 5:colcon.colcon_core.verb:set package 'result_viewer' build argument 'catkin_cmake_args' from command line to 'None'
[0.714s] Level 5:colcon.colcon_core.verb:set package 'result_viewer' build argument 'catkin_skip_building_tests' from command line to 'False'
[0.714s] DEBUG:colcon.colcon_core.verb:Building package 'result_viewer' with the following arguments: {'ament_cmake_args': None, 'build_base': '/home/lemon/Documents/detect_ros2_ws/build/result_viewer', 'catkin_cmake_args': None, 'catkin_skip_building_tests': False, 'cmake_args': None, 'cmake_clean_cache': False, 'cmake_clean_first': False, 'cmake_force_configure': False, 'cmake_target': None, 'cmake_target_skip_unavailable': False, 'install_base': '/home/lemon/Documents/detect_ros2_ws/install/result_viewer', 'merge_install': False, 'path': '/home/lemon/Documents/detect_ros2_ws/src/result_viewer', 'symlink_install': False, 'test_result_base': None}
[0.715s] Level 5:colcon.colcon_core.verb:set package 'video_publisher' build argument 'cmake_args' from command line to 'None'
[0.715s] Level 5:colcon.colcon_core.verb:set package 'video_publisher' build argument 'cmake_target' from command line to 'None'
[0.715s] Level 5:colcon.colcon_core.verb:set package 'video_publisher' build argument 'cmake_target_skip_unavailable' from command line to 'False'
[0.715s] Level 5:colcon.colcon_core.verb:set package 'video_publisher' build argument 'cmake_clean_cache' from command line to 'False'
[0.715s] Level 5:colcon.colcon_core.verb:set package 'video_publisher' build argument 'cmake_clean_first' from command line to 'False'
[0.715s] Level 5:colcon.colcon_core.verb:set package 'video_publisher' build argument 'cmake_force_configure' from command line to 'False'
[0.715s] Level 5:colcon.colcon_core.verb:set package 'video_publisher' build argument 'ament_cmake_args' from command line to 'None'
[0.715s] Level 5:colcon.colcon_core.verb:set package 'video_publisher' build argument 'catkin_cmake_args' from command line to 'None'
[0.715s] Level 5:colcon.colcon_core.verb:set package 'video_publisher' build argument 'catkin_skip_building_tests' from command line to 'False'
[0.715s] DEBUG:colcon.colcon_core.verb:Building package 'video_publisher' with the following arguments: {'ament_cmake_args': None, 'build_base': '/home/lemon/Documents/detect_ros2_ws/build/video_publisher', 'catkin_cmake_args': None, 'catkin_skip_building_tests': False, 'cmake_args': None, 'cmake_clean_cache': False, 'cmake_clean_first': False, 'cmake_force_configure': False, 'cmake_target': None, 'cmake_target_skip_unavailable': False, 'install_base': '/home/lemon/Documents/detect_ros2_ws/install/video_publisher', 'merge_install': False, 'path': '/home/lemon/Documents/detect_ros2_ws/src/video_publisher', 'symlink_install': False, 'test_result_base': None}
[0.715s] INFO:colcon.colcon_core.executor:Executing jobs using 'parallel' executor
[0.717s] DEBUG:colcon.colcon_parallel_executor.executor.parallel:run_until_complete
[0.717s] INFO:colcon.colcon_ros.task.ament_cmake.build:Building ROS package in '/home/lemon/Documents/detect_ros2_ws/src/detection_launch' with build type 'ament_cmake'
[0.717s] INFO:colcon.colcon_cmake.task.cmake.build:Building CMake package in '/home/lemon/Documents/detect_ros2_ws/src/detection_launch'
[0.722s] INFO:colcon.colcon_core.plugin_system:Skipping extension 'colcon_core.shell.bat': Not used on non-Windows systems
[0.722s] INFO:colcon.colcon_core.shell:Skip shell extension 'powershell' for command environment: Not usable outside of PowerShell
[0.722s] DEBUG:colcon.colcon_core.shell:Skip shell extension 'dsv' for command environment
[0.730s] INFO:colcon.colcon_ros.task.ament_cmake.build:Building ROS package in '/home/lemon/Documents/detect_ros2_ws/src/object_detector' with build type 'ament_cmake'
[0.731s] INFO:colcon.colcon_cmake.task.cmake.build:Building CMake package in '/home/lemon/Documents/detect_ros2_ws/src/object_detector'
[0.731s] INFO:colcon.colcon_core.shell:Skip shell extension 'powershell' for command environment: Not usable outside of PowerShell
[0.731s] DEBUG:colcon.colcon_core.shell:Skip shell extension 'dsv' for command environment
[0.747s] DEBUG:colcon.colcon_core.event_handler.log_command:Invoking command in '/home/lemon/Documents/detect_ros2_ws/build/detection_launch': CMAKE_PREFIX_PATH=${CMAKE_PREFIX_PATH}:/opt/ros/humble /usr/bin/cmake --build /home/lemon/Documents/detect_ros2_ws/build/detection_launch -- -j2 -l2
[0.769s] DEBUG:colcon.colcon_core.event_handler.log_command:Invoking command in '/home/lemon/Documents/detect_ros2_ws/build/object_detector': CMAKE_PREFIX_PATH=${CMAKE_PREFIX_PATH}:/opt/ros/humble /usr/bin/cmake --build /home/lemon/Documents/detect_ros2_ws/build/object_detector -- -j2 -l2
[0.855s] DEBUG:colcon.colcon_core.event_handler.log_command:Invoked command in '/home/lemon/Documents/detect_ros2_ws/build/detection_launch' returned '0': CMAKE_PREFIX_PATH=${CMAKE_PREFIX_PATH}:/opt/ros/humble /usr/bin/cmake --build /home/lemon/Documents/detect_ros2_ws/build/detection_launch -- -j2 -l2
[0.867s] DEBUG:colcon.colcon_core.event_handler.log_command:Invoking command in '/home/lemon/Documents/detect_ros2_ws/build/detection_launch': CMAKE_PREFIX_PATH=${CMAKE_PREFIX_PATH}:/opt/ros/humble /usr/bin/cmake --install /home/lemon/Documents/detect_ros2_ws/build/detection_launch
[0.892s] Level 1:colcon.colcon_core.environment:create_environment_scripts_only(detection_launch)
[0.894s] DEBUG:colcon.colcon_core.event_handler.log_command:Invoked command in '/home/lemon/Documents/detect_ros2_ws/build/detection_launch' returned '0': CMAKE_PREFIX_PATH=${CMAKE_PREFIX_PATH}:/opt/ros/humble /usr/bin/cmake --install /home/lemon/Documents/detect_ros2_ws/build/detection_launch
[0.902s] Level 1:colcon.colcon_core.environment:checking '/home/lemon/Documents/detect_ros2_ws/install/detection_launch' for CMake module files
[0.903s] Level 1:colcon.colcon_core.environment:checking '/home/lemon/Documents/detect_ros2_ws/install/detection_launch' for CMake config files
[0.903s] Level 1:colcon.colcon_core.shell:create_environment_hook('detection_launch', 'cmake_prefix_path')
[0.904s] INFO:colcon.colcon_core.shell:Creating environment hook '/home/lemon/Documents/detect_ros2_ws/install/detection_launch/share/detection_launch/hook/cmake_prefix_path.ps1'
[0.905s] INFO:colcon.colcon_core.shell:Creating environment descriptor '/home/lemon/Documents/detect_ros2_ws/install/detection_launch/share/detection_launch/hook/cmake_prefix_path.dsv'
[0.906s] INFO:colcon.colcon_core.shell:Creating environment hook '/home/lemon/Documents/detect_ros2_ws/install/detection_launch/share/detection_launch/hook/cmake_prefix_path.sh'
[0.912s] Level 1:colcon.colcon_core.environment:checking '/home/lemon/Documents/detect_ros2_ws/install/detection_launch/bin'
[0.913s] Level 1:colcon.colcon_core.environment:checking '/home/lemon/Documents/detect_ros2_ws/install/detection_launch/lib/pkgconfig/detection_launch.pc'
[0.913s] Level 1:colcon.colcon_core.environment:checking '/home/lemon/Documents/detect_ros2_ws/install/detection_launch/lib/python3.10/site-packages'
[0.914s] Level 1:colcon.colcon_core.environment:checking '/home/lemon/Documents/detect_ros2_ws/install/detection_launch/bin'
[0.915s] INFO:colcon.colcon_core.shell:Creating package script '/home/lemon/Documents/detect_ros2_ws/install/detection_launch/share/detection_launch/package.ps1'
[0.920s] INFO:colcon.colcon_core.shell:Creating package descriptor '/home/lemon/Documents/detect_ros2_ws/install/detection_launch/share/detection_launch/package.dsv'
[0.924s] INFO:colcon.colcon_core.shell:Creating package script '/home/lemon/Documents/detect_ros2_ws/install/detection_launch/share/detection_launch/package.sh'
[0.928s] INFO:colcon.colcon_core.shell:Creating package script '/home/lemon/Documents/detect_ros2_ws/install/detection_launch/share/detection_launch/package.bash'
[0.935s] INFO:colcon.colcon_core.shell:Creating package script '/home/lemon/Documents/detect_ros2_ws/install/detection_launch/share/detection_launch/package.zsh'
[0.940s] Level 1:colcon.colcon_core.environment:create_file_with_runtime_dependencies(/home/lemon/Documents/detect_ros2_ws/install/detection_launch/share/colcon-core/packages/detection_launch)
[0.943s] Level 1:colcon.colcon_core.environment:create_environment_scripts_only(detection_launch)
[0.945s] Level 1:colcon.colcon_core.environment:checking '/home/lemon/Documents/detect_ros2_ws/install/detection_launch' for CMake module files
[0.945s] Level 1:colcon.colcon_core.environment:checking '/home/lemon/Documents/detect_ros2_ws/install/detection_launch' for CMake config files
[0.946s] Level 1:colcon.colcon_core.shell:create_environment_hook('detection_launch', 'cmake_prefix_path')
[0.946s] INFO:colcon.colcon_core.shell:Creating environment hook '/home/lemon/Documents/detect_ros2_ws/install/detection_launch/share/detection_launch/hook/cmake_prefix_path.ps1'
[0.948s] INFO:colcon.colcon_core.shell:Creating environment descriptor '/home/lemon/Documents/detect_ros2_ws/install/detection_launch/share/detection_launch/hook/cmake_prefix_path.dsv'
[0.950s] INFO:colcon.colcon_core.shell:Creating environment hook '/home/lemon/Documents/detect_ros2_ws/install/detection_launch/share/detection_launch/hook/cmake_prefix_path.sh'
[0.954s] Level 1:colcon.colcon_core.environment:checking '/home/lemon/Documents/detect_ros2_ws/install/detection_launch/bin'
[0.955s] Level 1:colcon.colcon_core.environment:checking '/home/lemon/Documents/detect_ros2_ws/install/detection_launch/lib/pkgconfig/detection_launch.pc'
[0.955s] Level 1:colcon.colcon_core.environment:checking '/home/lemon/Documents/detect_ros2_ws/install/detection_launch/lib/python3.10/site-packages'
[0.956s] Level 1:colcon.colcon_core.environment:checking '/home/lemon/Documents/detect_ros2_ws/install/detection_launch/bin'
[0.956s] INFO:colcon.colcon_core.shell:Creating package script '/home/lemon/Documents/detect_ros2_ws/install/detection_launch/share/detection_launch/package.ps1'
[0.957s] INFO:colcon.colcon_core.shell:Creating package descriptor '/home/lemon/Documents/detect_ros2_ws/install/detection_launch/share/detection_launch/package.dsv'
[0.959s] INFO:colcon.colcon_core.shell:Creating package script '/home/lemon/Documents/detect_ros2_ws/install/detection_launch/share/detection_launch/package.sh'
[0.960s] INFO:colcon.colcon_core.shell:Creating package script '/home/lemon/Documents/detect_ros2_ws/install/detection_launch/share/detection_launch/package.bash'
[0.961s] INFO:colcon.colcon_core.shell:Creating package script '/home/lemon/Documents/detect_ros2_ws/install/detection_launch/share/detection_launch/package.zsh'
[0.962s] Level 1:colcon.colcon_core.environment:create_file_with_runtime_dependencies(/home/lemon/Documents/detect_ros2_ws/install/detection_launch/share/colcon-core/packages/detection_launch)
[0.963s] INFO:colcon.colcon_ros.task.ament_cmake.build:Building ROS package in '/home/lemon/Documents/detect_ros2_ws/src/result_viewer' with build type 'ament_cmake'
[0.963s] INFO:colcon.colcon_cmake.task.cmake.build:Building CMake package in '/home/lemon/Documents/detect_ros2_ws/src/result_viewer'
[0.964s] INFO:colcon.colcon_core.shell:Skip shell extension 'powershell' for command environment: Not usable outside of PowerShell
[0.964s] DEBUG:colcon.colcon_core.shell:Skip shell extension 'dsv' for command environment
[0.974s] DEBUG:colcon.colcon_core.event_handler.log_command:Invoked command in '/home/lemon/Documents/detect_ros2_ws/build/object_detector' returned '0': CMAKE_PREFIX_PATH=${CMAKE_PREFIX_PATH}:/opt/ros/humble /usr/bin/cmake --build /home/lemon/Documents/detect_ros2_ws/build/object_detector -- -j2 -l2
[0.981s] DEBUG:colcon.colcon_core.event_handler.log_command:Invoking command in '/home/lemon/Documents/detect_ros2_ws/build/object_detector': CMAKE_PREFIX_PATH=${CMAKE_PREFIX_PATH}:/opt/ros/humble /usr/bin/cmake --install /home/lemon/Documents/detect_ros2_ws/build/object_detector
[0.986s] DEBUG:colcon.colcon_core.event_handler.log_command:Invoking command in '/home/lemon/Documents/detect_ros2_ws/build/result_viewer': CMAKE_PREFIX_PATH=${CMAKE_PREFIX_PATH}:/opt/ros/humble /usr/bin/cmake --build /home/lemon/Documents/detect_ros2_ws/build/result_viewer -- -j2 -l2
[1.026s] Level 1:colcon.colcon_core.environment:create_environment_scripts_only(object_detector)
[1.026s] Level 1:colcon.colcon_core.environment:checking '/home/lemon/Documents/detect_ros2_ws/install/object_detector' for CMake module files
[1.027s] Level 1:colcon.colcon_core.environment:checking '/home/lemon/Documents/detect_ros2_ws/install/object_detector' for CMake config files
[1.028s] DEBUG:colcon.colcon_core.event_handler.log_command:Invoked command in '/home/lemon/Documents/detect_ros2_ws/build/object_detector' returned '0': CMAKE_PREFIX_PATH=${CMAKE_PREFIX_PATH}:/opt/ros/humble /usr/bin/cmake --install /home/lemon/Documents/detect_ros2_ws/build/object_detector
[1.028s] Level 1:colcon.colcon_core.shell:create_environment_hook('object_detector', 'cmake_prefix_path')
[1.028s] INFO:colcon.colcon_core.shell:Creating environment hook '/home/lemon/Documents/detect_ros2_ws/install/object_detector/share/object_detector/hook/cmake_prefix_path.ps1'
[1.029s] INFO:colcon.colcon_core.shell:Creating environment descriptor '/home/lemon/Documents/detect_ros2_ws/install/object_detector/share/object_detector/hook/cmake_prefix_path.dsv'
[1.033s] INFO:colcon.colcon_core.shell:Creating environment hook '/home/lemon/Documents/detect_ros2_ws/install/object_detector/share/object_detector/hook/cmake_prefix_path.sh'
[1.034s] Level 1:colcon.colcon_core.environment:checking '/home/lemon/Documents/detect_ros2_ws/install/object_detector/lib'
[1.035s] Level 1:colcon.colcon_core.environment:checking '/home/lemon/Documents/detect_ros2_ws/install/object_detector/bin'
[1.035s] Level 1:colcon.colcon_core.environment:checking '/home/lemon/Documents/detect_ros2_ws/install/object_detector/lib/pkgconfig/object_detector.pc'
[1.035s] Level 1:colcon.colcon_core.environment:checking '/home/lemon/Documents/detect_ros2_ws/install/object_detector/lib/python3.10/site-packages'
[1.035s] Level 1:colcon.colcon_core.environment:checking '/home/lemon/Documents/detect_ros2_ws/install/object_detector/bin'
[1.036s] INFO:colcon.colcon_core.shell:Creating package script '/home/lemon/Documents/detect_ros2_ws/install/object_detector/share/object_detector/package.ps1'
[1.037s] INFO:colcon.colcon_core.shell:Creating package descriptor '/home/lemon/Documents/detect_ros2_ws/install/object_detector/share/object_detector/package.dsv'
[1.039s] INFO:colcon.colcon_core.shell:Creating package script '/home/lemon/Documents/detect_ros2_ws/install/object_detector/share/object_detector/package.sh'
[1.040s] INFO:colcon.colcon_core.shell:Creating package script '/home/lemon/Documents/detect_ros2_ws/install/object_detector/share/object_detector/package.bash'
[1.041s] INFO:colcon.colcon_core.shell:Creating package script '/home/lemon/Documents/detect_ros2_ws/install/object_detector/share/object_detector/package.zsh'
[1.042s] Level 1:colcon.colcon_core.environment:create_file_with_runtime_dependencies(/home/lemon/Documents/detect_ros2_ws/install/object_detector/share/colcon-core/packages/object_detector)
[1.043s] Level 1:colcon.colcon_core.environment:create_environment_scripts_only(object_detector)
[1.044s] Level 1:colcon.colcon_core.environment:checking '/home/lemon/Documents/detect_ros2_ws/install/object_detector' for CMake module files
[1.045s] Level 1:colcon.colcon_core.environment:checking '/home/lemon/Documents/detect_ros2_ws/install/object_detector' for CMake config files
[1.045s] Level 1:colcon.colcon_core.shell:create_environment_hook('object_detector', 'cmake_prefix_path')
[1.045s] INFO:colcon.colcon_core.shell:Creating environment hook '/home/lemon/Documents/detect_ros2_ws/install/object_detector/share/object_detector/hook/cmake_prefix_path.ps1'
[1.047s] INFO:colcon.colcon_core.shell:Creating environment descriptor '/home/lemon/Documents/detect_ros2_ws/install/object_detector/share/object_detector/hook/cmake_prefix_path.dsv'
[1.048s] INFO:colcon.colcon_core.shell:Creating environment hook '/home/lemon/Documents/detect_ros2_ws/install/object_detector/share/object_detector/hook/cmake_prefix_path.sh'
[1.049s] Level 1:colcon.colcon_core.environment:checking '/home/lemon/Documents/detect_ros2_ws/install/object_detector/lib'
[1.049s] Level 1:colcon.colcon_core.environment:checking '/home/lemon/Documents/detect_ros2_ws/install/object_detector/bin'
[1.049s] Level 1:colcon.colcon_core.environment:checking '/home/lemon/Documents/detect_ros2_ws/install/object_detector/lib/pkgconfig/object_detector.pc'
[1.050s] Level 1:colcon.colcon_core.environment:checking '/home/lemon/Documents/detect_ros2_ws/install/object_detector/lib/python3.10/site-packages'
[1.050s] Level 1:colcon.colcon_core.environment:checking '/home/lemon/Documents/detect_ros2_ws/install/object_detector/bin'
[1.051s] INFO:colcon.colcon_core.shell:Creating package script '/home/lemon/Documents/detect_ros2_ws/install/object_detector/share/object_detector/package.ps1'
[1.053s] INFO:colcon.colcon_core.shell:Creating package descriptor '/home/lemon/Documents/detect_ros2_ws/install/object_detector/share/object_detector/package.dsv'
[1.054s] INFO:colcon.colcon_core.shell:Creating package script '/home/lemon/Documents/detect_ros2_ws/install/object_detector/share/object_detector/package.sh'
[1.056s] INFO:colcon.colcon_core.shell:Creating package script '/home/lemon/Documents/detect_ros2_ws/install/object_detector/share/object_detector/package.bash'
[1.059s] INFO:colcon.colcon_core.shell:Creating package script '/home/lemon/Documents/detect_ros2_ws/install/object_detector/share/object_detector/package.zsh'
[1.060s] Level 1:colcon.colcon_core.environment:create_file_with_runtime_dependencies(/home/lemon/Documents/detect_ros2_ws/install/object_detector/share/colcon-core/packages/object_detector)
[1.062s] INFO:colcon.colcon_ros.task.ament_cmake.build:Building ROS package in '/home/lemon/Documents/detect_ros2_ws/src/video_publisher' with build type 'ament_cmake'
[1.062s] INFO:colcon.colcon_cmake.task.cmake.build:Building CMake package in '/home/lemon/Documents/detect_ros2_ws/src/video_publisher'
[1.063s] INFO:colcon.colcon_core.shell:Skip shell extension 'powershell' for command environment: Not usable outside of PowerShell
[1.063s] DEBUG:colcon.colcon_core.shell:Skip shell extension 'dsv' for command environment
[1.094s] DEBUG:colcon.colcon_core.event_handler.log_command:Invoking command in '/home/lemon/Documents/detect_ros2_ws/build/video_publisher': CMAKE_PREFIX_PATH=${CMAKE_PREFIX_PATH}:/opt/ros/humble /usr/bin/cmake --build /home/lemon/Documents/detect_ros2_ws/build/video_publisher -- -j2 -l2
[1.322s] DEBUG:colcon.colcon_core.event_handler.log_command:Invoked command in '/home/lemon/Documents/detect_ros2_ws/build/video_publisher' returned '0': CMAKE_PREFIX_PATH=${CMAKE_PREFIX_PATH}:/opt/ros/humble /usr/bin/cmake --build /home/lemon/Documents/detect_ros2_ws/build/video_publisher -- -j2 -l2
[1.333s] DEBUG:colcon.colcon_core.event_handler.log_command:Invoking command in '/home/lemon/Documents/detect_ros2_ws/build/video_publisher': CMAKE_PREFIX_PATH=${CMAKE_PREFIX_PATH}:/opt/ros/humble /usr/bin/cmake --install /home/lemon/Documents/detect_ros2_ws/build/video_publisher
[1.361s] Level 1:colcon.colcon_core.environment:create_environment_scripts_only(video_publisher)
[1.362s] Level 1:colcon.colcon_core.environment:checking '/home/lemon/Documents/detect_ros2_ws/install/video_publisher' for CMake module files
[1.368s] DEBUG:colcon.colcon_core.event_handler.log_command:Invoked command in '/home/lemon/Documents/detect_ros2_ws/build/video_publisher' returned '0': CMAKE_PREFIX_PATH=${CMAKE_PREFIX_PATH}:/opt/ros/humble /usr/bin/cmake --install /home/lemon/Documents/detect_ros2_ws/build/video_publisher
[1.369s] Level 1:colcon.colcon_core.environment:checking '/home/lemon/Documents/detect_ros2_ws/install/video_publisher' for CMake config files
[1.369s] Level 1:colcon.colcon_core.shell:create_environment_hook('video_publisher', 'cmake_prefix_path')
[1.369s] INFO:colcon.colcon_core.shell:Creating environment hook '/home/lemon/Documents/detect_ros2_ws/install/video_publisher/share/video_publisher/hook/cmake_prefix_path.ps1'
[1.371s] INFO:colcon.colcon_core.shell:Creating environment descriptor '/home/lemon/Documents/detect_ros2_ws/install/video_publisher/share/video_publisher/hook/cmake_prefix_path.dsv'
[1.372s] INFO:colcon.colcon_core.shell:Creating environment hook '/home/lemon/Documents/detect_ros2_ws/install/video_publisher/share/video_publisher/hook/cmake_prefix_path.sh'
[1.373s] Level 1:colcon.colcon_core.environment:checking '/home/lemon/Documents/detect_ros2_ws/install/video_publisher/lib'
[1.373s] Level 1:colcon.colcon_core.environment:checking '/home/lemon/Documents/detect_ros2_ws/install/video_publisher/bin'
[1.374s] Level 1:colcon.colcon_core.environment:checking '/home/lemon/Documents/detect_ros2_ws/install/video_publisher/lib/pkgconfig/video_publisher.pc'
[1.374s] Level 1:colcon.colcon_core.environment:checking '/home/lemon/Documents/detect_ros2_ws/install/video_publisher/lib/python3.10/site-packages'
[1.374s] Level 1:colcon.colcon_core.environment:checking '/home/lemon/Documents/detect_ros2_ws/install/video_publisher/bin'
[1.375s] INFO:colcon.colcon_core.shell:Creating package script '/home/lemon/Documents/detect_ros2_ws/install/video_publisher/share/video_publisher/package.ps1'
[1.386s] INFO:colcon.colcon_core.shell:Creating package descriptor '/home/lemon/Documents/detect_ros2_ws/install/video_publisher/share/video_publisher/package.dsv'
[1.390s] INFO:colcon.colcon_core.shell:Creating package script '/home/lemon/Documents/detect_ros2_ws/install/video_publisher/share/video_publisher/package.sh'
[1.391s] INFO:colcon.colcon_core.shell:Creating package script '/home/lemon/Documents/detect_ros2_ws/install/video_publisher/share/video_publisher/package.bash'
[1.398s] INFO:colcon.colcon_core.shell:Creating package script '/home/lemon/Documents/detect_ros2_ws/install/video_publisher/share/video_publisher/package.zsh'
[1.399s] Level 1:colcon.colcon_core.environment:create_file_with_runtime_dependencies(/home/lemon/Documents/detect_ros2_ws/install/video_publisher/share/colcon-core/packages/video_publisher)
[1.402s] Level 1:colcon.colcon_core.environment:create_environment_scripts_only(video_publisher)
[1.402s] Level 1:colcon.colcon_core.environment:checking '/home/lemon/Documents/detect_ros2_ws/install/video_publisher' for CMake module files
[1.403s] Level 1:colcon.colcon_core.environment:checking '/home/lemon/Documents/detect_ros2_ws/install/video_publisher' for CMake config files
[1.403s] Level 1:colcon.colcon_core.shell:create_environment_hook('video_publisher', 'cmake_prefix_path')
[1.403s] INFO:colcon.colcon_core.shell:Creating environment hook '/home/lemon/Documents/detect_ros2_ws/install/video_publisher/share/video_publisher/hook/cmake_prefix_path.ps1'
[1.412s] INFO:colcon.colcon_core.shell:Creating environment descriptor '/home/lemon/Documents/detect_ros2_ws/install/video_publisher/share/video_publisher/hook/cmake_prefix_path.dsv'
[1.412s] INFO:colcon.colcon_core.shell:Creating environment hook '/home/lemon/Documents/detect_ros2_ws/install/video_publisher/share/video_publisher/hook/cmake_prefix_path.sh'
[1.414s] Level 1:colcon.colcon_core.environment:checking '/home/lemon/Documents/detect_ros2_ws/install/video_publisher/lib'
[1.414s] Level 1:colcon.colcon_core.environment:checking '/home/lemon/Documents/detect_ros2_ws/install/video_publisher/bin'
[1.414s] Level 1:colcon.colcon_core.environment:checking '/home/lemon/Documents/detect_ros2_ws/install/video_publisher/lib/pkgconfig/video_publisher.pc'
[1.414s] Level 1:colcon.colcon_core.environment:checking '/home/lemon/Documents/detect_ros2_ws/install/video_publisher/lib/python3.10/site-packages'
[1.414s] Level 1:colcon.colcon_core.environment:checking '/home/lemon/Documents/detect_ros2_ws/install/video_publisher/bin'
[1.415s] INFO:colcon.colcon_core.shell:Creating package script '/home/lemon/Documents/detect_ros2_ws/install/video_publisher/share/video_publisher/package.ps1'
[1.419s] INFO:colcon.colcon_core.shell:Creating package descriptor '/home/lemon/Documents/detect_ros2_ws/install/video_publisher/share/video_publisher/package.dsv'
[1.420s] INFO:colcon.colcon_core.shell:Creating package script '/home/lemon/Documents/detect_ros2_ws/install/video_publisher/share/video_publisher/package.sh'
[1.424s] INFO:colcon.colcon_core.shell:Creating package script '/home/lemon/Documents/detect_ros2_ws/install/video_publisher/share/video_publisher/package.bash'
[1.425s] INFO:colcon.colcon_core.shell:Creating package script '/home/lemon/Documents/detect_ros2_ws/install/video_publisher/share/video_publisher/package.zsh'
[1.429s] Level 1:colcon.colcon_core.environment:create_file_with_runtime_dependencies(/home/lemon/Documents/detect_ros2_ws/install/video_publisher/share/colcon-core/packages/video_publisher)
[13.709s] DEBUG:colcon.colcon_core.event_handler.log_command:Invoked command in '/home/lemon/Documents/detect_ros2_ws/build/result_viewer' returned '0': CMAKE_PREFIX_PATH=${CMAKE_PREFIX_PATH}:/opt/ros/humble /usr/bin/cmake --build /home/lemon/Documents/detect_ros2_ws/build/result_viewer -- -j2 -l2
[13.712s] DEBUG:colcon.colcon_core.event_handler.log_command:Invoking command in '/home/lemon/Documents/detect_ros2_ws/build/result_viewer': CMAKE_PREFIX_PATH=${CMAKE_PREFIX_PATH}:/opt/ros/humble /usr/bin/cmake --install /home/lemon/Documents/detect_ros2_ws/build/result_viewer
[13.731s] Level 1:colcon.colcon_core.environment:create_environment_scripts_only(result_viewer)
[13.732s] Level 1:colcon.colcon_core.environment:checking '/home/lemon/Documents/detect_ros2_ws/install/result_viewer' for CMake module files
[13.732s] DEBUG:colcon.colcon_core.event_handler.log_command:Invoked command in '/home/lemon/Documents/detect_ros2_ws/build/result_viewer' returned '0': CMAKE_PREFIX_PATH=${CMAKE_PREFIX_PATH}:/opt/ros/humble /usr/bin/cmake --install /home/lemon/Documents/detect_ros2_ws/build/result_viewer
[13.733s] Level 1:colcon.colcon_core.environment:checking '/home/lemon/Documents/detect_ros2_ws/install/result_viewer' for CMake config files
[13.733s] Level 1:colcon.colcon_core.shell:create_environment_hook('result_viewer', 'cmake_prefix_path')
[13.733s] INFO:colcon.colcon_core.shell:Creating environment hook '/home/lemon/Documents/detect_ros2_ws/install/result_viewer/share/result_viewer/hook/cmake_prefix_path.ps1'
[13.734s] INFO:colcon.colcon_core.shell:Creating environment descriptor '/home/lemon/Documents/detect_ros2_ws/install/result_viewer/share/result_viewer/hook/cmake_prefix_path.dsv'
[13.735s] INFO:colcon.colcon_core.shell:Creating environment hook '/home/lemon/Documents/detect_ros2_ws/install/result_viewer/share/result_viewer/hook/cmake_prefix_path.sh'
[13.736s] Level 1:colcon.colcon_core.environment:checking '/home/lemon/Documents/detect_ros2_ws/install/result_viewer/lib'
[13.736s] Level 1:colcon.colcon_core.environment:checking '/home/lemon/Documents/detect_ros2_ws/install/result_viewer/bin'
[13.736s] Level 1:colcon.colcon_core.environment:checking '/home/lemon/Documents/detect_ros2_ws/install/result_viewer/lib/pkgconfig/result_viewer.pc'
[13.737s] Level 1:colcon.colcon_core.environment:checking '/home/lemon/Documents/detect_ros2_ws/install/result_viewer/lib/python3.10/site-packages'
[13.737s] Level 1:colcon.colcon_core.environment:checking '/home/lemon/Documents/detect_ros2_ws/install/result_viewer/bin'
[13.737s] INFO:colcon.colcon_core.shell:Creating package script '/home/lemon/Documents/detect_ros2_ws/install/result_viewer/share/result_viewer/package.ps1'
[13.738s] INFO:colcon.colcon_core.shell:Creating package descriptor '/home/lemon/Documents/detect_ros2_ws/install/result_viewer/share/result_viewer/package.dsv'
[13.739s] INFO:colcon.colcon_core.shell:Creating package script '/home/lemon/Documents/detect_ros2_ws/install/result_viewer/share/result_viewer/package.sh'
[13.740s] INFO:colcon.colcon_core.shell:Creating package script '/home/lemon/Documents/detect_ros2_ws/install/result_viewer/share/result_viewer/package.bash'
[13.740s] INFO:colcon.colcon_core.shell:Creating package script '/home/lemon/Documents/detect_ros2_ws/install/result_viewer/share/result_viewer/package.zsh'
[13.741s] Level 1:colcon.colcon_core.environment:create_file_with_runtime_dependencies(/home/lemon/Documents/detect_ros2_ws/install/result_viewer/share/colcon-core/packages/result_viewer)
[13.742s] Level 1:colcon.colcon_core.environment:create_environment_scripts_only(result_viewer)
[13.743s] Level 1:colcon.colcon_core.environment:checking '/home/lemon/Documents/detect_ros2_ws/install/result_viewer' for CMake module files
[13.743s] Level 1:colcon.colcon_core.environment:checking '/home/lemon/Documents/detect_ros2_ws/install/result_viewer' for CMake config files
[13.743s] Level 1:colcon.colcon_core.shell:create_environment_hook('result_viewer', 'cmake_prefix_path')
[13.744s] INFO:colcon.colcon_core.shell:Creating environment hook '/home/lemon/Documents/detect_ros2_ws/install/result_viewer/share/result_viewer/hook/cmake_prefix_path.ps1'
[13.745s] INFO:colcon.colcon_core.shell:Creating environment descriptor '/home/lemon/Documents/detect_ros2_ws/install/result_viewer/share/result_viewer/hook/cmake_prefix_path.dsv'
[13.745s] INFO:colcon.colcon_core.shell:Creating environment hook '/home/lemon/Documents/detect_ros2_ws/install/result_viewer/share/result_viewer/hook/cmake_prefix_path.sh'
[13.746s] Level 1:colcon.colcon_core.environment:checking '/home/lemon/Documents/detect_ros2_ws/install/result_viewer/lib'
[13.746s] Level 1:colcon.colcon_core.environment:checking '/home/lemon/Documents/detect_ros2_ws/install/result_viewer/bin'
[13.746s] Level 1:colcon.colcon_core.environment:checking '/home/lemon/Documents/detect_ros2_ws/install/result_viewer/lib/pkgconfig/result_viewer.pc'
[13.747s] Level 1:colcon.colcon_core.environment:checking '/home/lemon/Documents/detect_ros2_ws/install/result_viewer/lib/python3.10/site-packages'
[13.747s] Level 1:colcon.colcon_core.environment:checking '/home/lemon/Documents/detect_ros2_ws/install/result_viewer/bin'
[13.747s] INFO:colcon.colcon_core.shell:Creating package script '/home/lemon/Documents/detect_ros2_ws/install/result_viewer/share/result_viewer/package.ps1'
[13.748s] INFO:colcon.colcon_core.shell:Creating package descriptor '/home/lemon/Documents/detect_ros2_ws/install/result_viewer/share/result_viewer/package.dsv'
[13.749s] INFO:colcon.colcon_core.shell:Creating package script '/home/lemon/Documents/detect_ros2_ws/install/result_viewer/share/result_viewer/package.sh'
[13.750s] INFO:colcon.colcon_core.shell:Creating package script '/home/lemon/Documents/detect_ros2_ws/install/result_viewer/share/result_viewer/package.bash'
[13.751s] INFO:colcon.colcon_core.shell:Creating package script '/home/lemon/Documents/detect_ros2_ws/install/result_viewer/share/result_viewer/package.zsh'
[13.752s] Level 1:colcon.colcon_core.environment:create_file_with_runtime_dependencies(/home/lemon/Documents/detect_ros2_ws/install/result_viewer/share/colcon-core/packages/result_viewer)
[13.753s] DEBUG:colcon.colcon_parallel_executor.executor.parallel:closing loop
[13.753s] DEBUG:colcon.colcon_parallel_executor.executor.parallel:loop closed
[13.753s] DEBUG:colcon.colcon_parallel_executor.executor.parallel:run_until_complete finished with '0'
[13.753s] DEBUG:colcon.colcon_core.event_reactor:joining thread
[13.760s] INFO:colcon.colcon_core.plugin_system:Skipping extension 'colcon_notification.desktop_notification.terminal_notifier': Not used on non-Darwin systems
[13.760s] INFO:colcon.colcon_core.plugin_system:Skipping extension 'colcon_notification.desktop_notification.win32': Not used on non-Windows systems
[13.760s] INFO:colcon.colcon_notification.desktop_notification:Sending desktop notification using 'notify2'
[13.795s] DEBUG:colcon.colcon_core.event_reactor:joined thread
[13.796s] INFO:colcon.colcon_core.shell:Creating prefix script '/home/lemon/Documents/detect_ros2_ws/install/local_setup.ps1'
[13.798s] INFO:colcon.colcon_core.shell:Creating prefix util module '/home/lemon/Documents/detect_ros2_ws/install/_local_setup_util_ps1.py'
[13.801s] INFO:colcon.colcon_core.shell:Creating prefix chain script '/home/lemon/Documents/detect_ros2_ws/install/setup.ps1'
[13.804s] INFO:colcon.colcon_core.shell:Creating prefix script '/home/lemon/Documents/detect_ros2_ws/install/local_setup.sh'
[13.805s] INFO:colcon.colcon_core.shell:Creating prefix util module '/home/lemon/Documents/detect_ros2_ws/install/_local_setup_util_sh.py'
[13.806s] INFO:colcon.colcon_core.shell:Creating prefix chain script '/home/lemon/Documents/detect_ros2_ws/install/setup.sh'
[13.808s] INFO:colcon.colcon_core.shell:Creating prefix script '/home/lemon/Documents/detect_ros2_ws/install/local_setup.bash'
[13.809s] INFO:colcon.colcon_core.shell:Creating prefix chain script '/home/lemon/Documents/detect_ros2_ws/install/setup.bash'
[13.812s] INFO:colcon.colcon_core.shell:Creating prefix script '/home/lemon/Documents/detect_ros2_ws/install/local_setup.zsh'
[13.813s] INFO:colcon.colcon_core.shell:Creating prefix chain script '/home/lemon/Documents/detect_ros2_ws/install/setup.zsh'
