[0.147s] DEBUG:colcon:Command line arguments: ['/usr/bin/colcon', 'build']
[0.147s] DEBUG:colcon:Parsed command line arguments: Namespace(log_base=None, log_level=None, verb_name='build', build_base='build', install_base='install', merge_install=False, symlink_install=False, test_result_base=None, continue_on_error=False, executor='parallel', parallel_workers=2, event_handlers=None, ignore_user_meta=False, metas=['./colcon.meta'], base_paths=['.'], packages_ignore=None, packages_ignore_regex=None, paths=None, packages_up_to=None, packages_up_to_regex=None, packages_above=None, packages_above_and_dependencies=None, packages_above_depth=None, packages_select_by_dep=None, packages_skip_by_dep=None, packages_skip_up_to=None, packages_select_build_failed=False, packages_skip_build_finished=False, packages_select_test_failures=False, packages_skip_test_passed=False, packages_select=None, packages_skip=None, packages_select_regex=None, packages_skip_regex=None, packages_start=None, packages_end=None, allow_overriding=[], cmake_args=None, cmake_target=None, cmake_target_skip_unavailable=False, cmake_clean_cache=False, cmake_clean_first=False, cmake_force_configure=False, ament_cmake_args=None, catkin_cmake_args=None, catkin_skip_building_tests=False, verb_parser=<colcon_defaults.argument_parser.defaults.DefaultArgumentsDecorator object at 0x795f2c2238e0>, verb_extension=<colcon_core.verb.build.BuildVerb object at 0x795f2c370ca0>, main=<bound method BuildVerb.main of <colcon_core.verb.build.BuildVerb object at 0x795f2c370ca0>>)
[0.355s] Level 1:colcon.colcon_core.package_discovery:discover_packages(colcon_meta) check parameters
[0.355s] Level 1:colcon.colcon_core.package_discovery:discover_packages(recursive) check parameters
[0.355s] Level 1:colcon.colcon_core.package_discovery:discover_packages(ignore) check parameters
[0.355s] Level 1:colcon.colcon_core.package_discovery:discover_packages(path) check parameters
[0.355s] Level 1:colcon.colcon_core.package_discovery:discover_packages(colcon_meta) discover
[0.355s] Level 1:colcon.colcon_core.package_discovery:discover_packages(recursive) discover
[0.355s] INFO:colcon.colcon_core.package_discovery:Crawling recursively for packages in '/home/lemon/Documents/detect_ros2_ws'
[0.355s] Level 1:colcon.colcon_core.package_identification:_identify(.) by extensions ['ignore', 'ignore_ament_install']
[0.355s] Level 1:colcon.colcon_core.package_identification:_identify(.) by extension 'ignore'
[0.356s] Level 1:colcon.colcon_core.package_identification:_identify(.) by extension 'ignore_ament_install'
[0.356s] Level 1:colcon.colcon_core.package_identification:_identify(.) by extensions ['colcon_pkg']
[0.356s] Level 1:colcon.colcon_core.package_identification:_identify(.) by extension 'colcon_pkg'
[0.356s] Level 1:colcon.colcon_core.package_identification:_identify(.) by extensions ['colcon_meta']
[0.356s] Level 1:colcon.colcon_core.package_identification:_identify(.) by extension 'colcon_meta'
[0.356s] Level 1:colcon.colcon_core.package_identification:_identify(.) by extensions ['ros']
[0.356s] Level 1:colcon.colcon_core.package_identification:_identify(.) by extension 'ros'
[0.369s] Level 1:colcon.colcon_core.package_identification:_identify(.) by extensions ['cmake', 'python']
[0.370s] Level 1:colcon.colcon_core.package_identification:_identify(.) by extension 'cmake'
[0.370s] Level 1:colcon.colcon_core.package_identification:_identify(.) by extension 'python'
[0.370s] Level 1:colcon.colcon_core.package_identification:_identify(.) by extensions ['python_setup_py']
[0.370s] Level 1:colcon.colcon_core.package_identification:_identify(.) by extension 'python_setup_py'
[0.370s] Level 1:colcon.colcon_core.package_identification:_identify(build) by extensions ['ignore', 'ignore_ament_install']
[0.370s] Level 1:colcon.colcon_core.package_identification:_identify(build) by extension 'ignore'
[0.370s] Level 1:colcon.colcon_core.package_identification:_identify(build) ignored
[0.370s] Level 1:colcon.colcon_core.package_identification:_identify(install) by extensions ['ignore', 'ignore_ament_install']
[0.370s] Level 1:colcon.colcon_core.package_identification:_identify(install) by extension 'ignore'
[0.370s] Level 1:colcon.colcon_core.package_identification:_identify(install) ignored
[0.370s] Level 1:colcon.colcon_core.package_identification:_identify(log) by extensions ['ignore', 'ignore_ament_install']
[0.371s] Level 1:colcon.colcon_core.package_identification:_identify(log) by extension 'ignore'
[0.371s] Level 1:colcon.colcon_core.package_identification:_identify(log) ignored
[0.371s] Level 1:colcon.colcon_core.package_identification:_identify(src) by extensions ['ignore', 'ignore_ament_install']
[0.371s] Level 1:colcon.colcon_core.package_identification:_identify(src) by extension 'ignore'
[0.371s] Level 1:colcon.colcon_core.package_identification:_identify(src) by extension 'ignore_ament_install'
[0.371s] Level 1:colcon.colcon_core.package_identification:_identify(src) by extensions ['colcon_pkg']
[0.371s] Level 1:colcon.colcon_core.package_identification:_identify(src) by extension 'colcon_pkg'
[0.371s] Level 1:colcon.colcon_core.package_identification:_identify(src) by extensions ['colcon_meta']
[0.371s] Level 1:colcon.colcon_core.package_identification:_identify(src) by extension 'colcon_meta'
[0.371s] Level 1:colcon.colcon_core.package_identification:_identify(src) by extensions ['ros']
[0.371s] Level 1:colcon.colcon_core.package_identification:_identify(src) by extension 'ros'
[0.371s] Level 1:colcon.colcon_core.package_identification:_identify(src) by extensions ['cmake', 'python']
[0.371s] Level 1:colcon.colcon_core.package_identification:_identify(src) by extension 'cmake'
[0.371s] Level 1:colcon.colcon_core.package_identification:_identify(src) by extension 'python'
[0.371s] Level 1:colcon.colcon_core.package_identification:_identify(src) by extensions ['python_setup_py']
[0.371s] Level 1:colcon.colcon_core.package_identification:_identify(src) by extension 'python_setup_py'
[0.371s] Level 1:colcon.colcon_core.package_identification:_identify(src/detection_launch) by extensions ['ignore', 'ignore_ament_install']
[0.371s] Level 1:colcon.colcon_core.package_identification:_identify(src/detection_launch) by extension 'ignore'
[0.371s] Level 1:colcon.colcon_core.package_identification:_identify(src/detection_launch) by extension 'ignore_ament_install'
[0.372s] Level 1:colcon.colcon_core.package_identification:_identify(src/detection_launch) by extensions ['colcon_pkg']
[0.372s] Level 1:colcon.colcon_core.package_identification:_identify(src/detection_launch) by extension 'colcon_pkg'
[0.372s] Level 1:colcon.colcon_core.package_identification:_identify(src/detection_launch) by extensions ['colcon_meta']
[0.372s] Level 1:colcon.colcon_core.package_identification:_identify(src/detection_launch) by extension 'colcon_meta'
[0.372s] Level 1:colcon.colcon_core.package_identification:_identify(src/detection_launch) by extensions ['ros']
[0.372s] Level 1:colcon.colcon_core.package_identification:_identify(src/detection_launch) by extension 'ros'
[0.375s] DEBUG:colcon.colcon_core.package_identification:Package 'src/detection_launch' with type 'ros.ament_cmake' and name 'detection_launch'
[0.375s] Level 1:colcon.colcon_core.package_identification:_identify(src/object_detector) by extensions ['ignore', 'ignore_ament_install']
[0.375s] Level 1:colcon.colcon_core.package_identification:_identify(src/object_detector) by extension 'ignore'
[0.375s] Level 1:colcon.colcon_core.package_identification:_identify(src/object_detector) by extension 'ignore_ament_install'
[0.375s] Level 1:colcon.colcon_core.package_identification:_identify(src/object_detector) by extensions ['colcon_pkg']
[0.375s] Level 1:colcon.colcon_core.package_identification:_identify(src/object_detector) by extension 'colcon_pkg'
[0.375s] Level 1:colcon.colcon_core.package_identification:_identify(src/object_detector) by extensions ['colcon_meta']
[0.375s] Level 1:colcon.colcon_core.package_identification:_identify(src/object_detector) by extension 'colcon_meta'
[0.375s] Level 1:colcon.colcon_core.package_identification:_identify(src/object_detector) by extensions ['ros']
[0.376s] Level 1:colcon.colcon_core.package_identification:_identify(src/object_detector) by extension 'ros'
[0.377s] DEBUG:colcon.colcon_core.package_identification:Package 'src/object_detector' with type 'ros.ament_cmake' and name 'object_detector'
[0.377s] Level 1:colcon.colcon_core.package_identification:_identify(src/result_viewer) by extensions ['ignore', 'ignore_ament_install']
[0.377s] Level 1:colcon.colcon_core.package_identification:_identify(src/result_viewer) by extension 'ignore'
[0.377s] Level 1:colcon.colcon_core.package_identification:_identify(src/result_viewer) by extension 'ignore_ament_install'
[0.377s] Level 1:colcon.colcon_core.package_identification:_identify(src/result_viewer) by extensions ['colcon_pkg']
[0.377s] Level 1:colcon.colcon_core.package_identification:_identify(src/result_viewer) by extension 'colcon_pkg'
[0.378s] Level 1:colcon.colcon_core.package_identification:_identify(src/result_viewer) by extensions ['colcon_meta']
[0.378s] Level 1:colcon.colcon_core.package_identification:_identify(src/result_viewer) by extension 'colcon_meta'
[0.378s] Level 1:colcon.colcon_core.package_identification:_identify(src/result_viewer) by extensions ['ros']
[0.378s] Level 1:colcon.colcon_core.package_identification:_identify(src/result_viewer) by extension 'ros'
[0.379s] DEBUG:colcon.colcon_core.package_identification:Package 'src/result_viewer' with type 'ros.ament_cmake' and name 'result_viewer'
[0.379s] Level 1:colcon.colcon_core.package_identification:_identify(src/video_publisher) by extensions ['ignore', 'ignore_ament_install']
[0.379s] Level 1:colcon.colcon_core.package_identification:_identify(src/video_publisher) by extension 'ignore'
[0.379s] Level 1:colcon.colcon_core.package_identification:_identify(src/video_publisher) by extension 'ignore_ament_install'
[0.379s] Level 1:colcon.colcon_core.package_identification:_identify(src/video_publisher) by extensions ['colcon_pkg']
[0.379s] Level 1:colcon.colcon_core.package_identification:_identify(src/video_publisher) by extension 'colcon_pkg'
[0.380s] Level 1:colcon.colcon_core.package_identification:_identify(src/video_publisher) by extensions ['colcon_meta']
[0.380s] Level 1:colcon.colcon_core.package_identification:_identify(src/video_publisher) by extension 'colcon_meta'
[0.380s] Level 1:colcon.colcon_core.package_identification:_identify(src/video_publisher) by extensions ['ros']
[0.380s] Level 1:colcon.colcon_core.package_identification:_identify(src/video_publisher) by extension 'ros'
[0.381s] DEBUG:colcon.colcon_core.package_identification:Package 'src/video_publisher' with type 'ros.ament_cmake' and name 'video_publisher'
[0.381s] Level 1:colcon.colcon_core.package_discovery:discover_packages(recursive) using defaults
[0.381s] Level 1:colcon.colcon_core.package_discovery:discover_packages(ignore) discover
[0.381s] Level 1:colcon.colcon_core.package_discovery:discover_packages(ignore) using defaults
[0.381s] Level 1:colcon.colcon_core.package_discovery:discover_packages(path) discover
[0.381s] Level 1:colcon.colcon_core.package_discovery:discover_packages(path) using defaults
[0.406s] Level 1:colcon.colcon_core.package_discovery:discover_packages(prefix_path) check parameters
[0.406s] Level 1:colcon.colcon_core.package_discovery:discover_packages(prefix_path) discover
[0.409s] DEBUG:colcon.colcon_installed_package_information.package_discovery:Found 340 installed packages in /opt/ros/humble
[0.429s] Level 1:colcon.colcon_core.package_discovery:discover_packages(prefix_path) using defaults
[0.487s] Level 5:colcon.colcon_core.verb:set package 'detection_launch' build argument 'cmake_args' from command line to 'None'
[0.487s] Level 5:colcon.colcon_core.verb:set package 'detection_launch' build argument 'cmake_target' from command line to 'None'
[0.488s] Level 5:colcon.colcon_core.verb:set package 'detection_launch' build argument 'cmake_target_skip_unavailable' from command line to 'False'
[0.488s] Level 5:colcon.colcon_core.verb:set package 'detection_launch' build argument 'cmake_clean_cache' from command line to 'False'
[0.488s] Level 5:colcon.colcon_core.verb:set package 'detection_launch' build argument 'cmake_clean_first' from command line to 'False'
[0.488s] Level 5:colcon.colcon_core.verb:set package 'detection_launch' build argument 'cmake_force_configure' from command line to 'False'
[0.488s] Level 5:colcon.colcon_core.verb:set package 'detection_launch' build argument 'ament_cmake_args' from command line to 'None'
[0.488s] Level 5:colcon.colcon_core.verb:set package 'detection_launch' build argument 'catkin_cmake_args' from command line to 'None'
[0.488s] Level 5:colcon.colcon_core.verb:set package 'detection_launch' build argument 'catkin_skip_building_tests' from command line to 'False'
[0.488s] DEBUG:colcon.colcon_core.verb:Building package 'detection_launch' with the following arguments: {'ament_cmake_args': None, 'build_base': '/home/lemon/Documents/detect_ros2_ws/build/detection_launch', 'catkin_cmake_args': None, 'catkin_skip_building_tests': False, 'cmake_args': None, 'cmake_clean_cache': False, 'cmake_clean_first': False, 'cmake_force_configure': False, 'cmake_target': None, 'cmake_target_skip_unavailable': False, 'install_base': '/home/lemon/Documents/detect_ros2_ws/install/detection_launch', 'merge_install': False, 'path': '/home/lemon/Documents/detect_ros2_ws/src/detection_launch', 'symlink_install': False, 'test_result_base': None}
[0.488s] Level 5:colcon.colcon_core.verb:set package 'object_detector' build argument 'cmake_args' from command line to 'None'
[0.488s] Level 5:colcon.colcon_core.verb:set package 'object_detector' build argument 'cmake_target' from command line to 'None'
[0.488s] Level 5:colcon.colcon_core.verb:set package 'object_detector' build argument 'cmake_target_skip_unavailable' from command line to 'False'
[0.488s] Level 5:colcon.colcon_core.verb:set package 'object_detector' build argument 'cmake_clean_cache' from command line to 'False'
[0.488s] Level 5:colcon.colcon_core.verb:set package 'object_detector' build argument 'cmake_clean_first' from command line to 'False'
[0.488s] Level 5:colcon.colcon_core.verb:set package 'object_detector' build argument 'cmake_force_configure' from command line to 'False'
[0.488s] Level 5:colcon.colcon_core.verb:set package 'object_detector' build argument 'ament_cmake_args' from command line to 'None'
[0.488s] Level 5:colcon.colcon_core.verb:set package 'object_detector' build argument 'catkin_cmake_args' from command line to 'None'
[0.488s] Level 5:colcon.colcon_core.verb:set package 'object_detector' build argument 'catkin_skip_building_tests' from command line to 'False'
[0.488s] DEBUG:colcon.colcon_core.verb:Building package 'object_detector' with the following arguments: {'ament_cmake_args': None, 'build_base': '/home/lemon/Documents/detect_ros2_ws/build/object_detector', 'catkin_cmake_args': None, 'catkin_skip_building_tests': False, 'cmake_args': None, 'cmake_clean_cache': False, 'cmake_clean_first': False, 'cmake_force_configure': False, 'cmake_target': None, 'cmake_target_skip_unavailable': False, 'install_base': '/home/lemon/Documents/detect_ros2_ws/install/object_detector', 'merge_install': False, 'path': '/home/lemon/Documents/detect_ros2_ws/src/object_detector', 'symlink_install': False, 'test_result_base': None}
[0.489s] Level 5:colcon.colcon_core.verb:set package 'result_viewer' build argument 'cmake_args' from command line to 'None'
[0.489s] Level 5:colcon.colcon_core.verb:set package 'result_viewer' build argument 'cmake_target' from command line to 'None'
[0.489s] Level 5:colcon.colcon_core.verb:set package 'result_viewer' build argument 'cmake_target_skip_unavailable' from command line to 'False'
[0.489s] Level 5:colcon.colcon_core.verb:set package 'result_viewer' build argument 'cmake_clean_cache' from command line to 'False'
[0.489s] Level 5:colcon.colcon_core.verb:set package 'result_viewer' build argument 'cmake_clean_first' from command line to 'False'
[0.489s] Level 5:colcon.colcon_core.verb:set package 'result_viewer' build argument 'cmake_force_configure' from command line to 'False'
[0.489s] Level 5:colcon.colcon_core.verb:set package 'result_viewer' build argument 'ament_cmake_args' from command line to 'None'
[0.489s] Level 5:colcon.colcon_core.verb:set package 'result_viewer' build argument 'catkin_cmake_args' from command line to 'None'
[0.489s] Level 5:colcon.colcon_core.verb:set package 'result_viewer' build argument 'catkin_skip_building_tests' from command line to 'False'
[0.489s] DEBUG:colcon.colcon_core.verb:Building package 'result_viewer' with the following arguments: {'ament_cmake_args': None, 'build_base': '/home/lemon/Documents/detect_ros2_ws/build/result_viewer', 'catkin_cmake_args': None, 'catkin_skip_building_tests': False, 'cmake_args': None, 'cmake_clean_cache': False, 'cmake_clean_first': False, 'cmake_force_configure': False, 'cmake_target': None, 'cmake_target_skip_unavailable': False, 'install_base': '/home/lemon/Documents/detect_ros2_ws/install/result_viewer', 'merge_install': False, 'path': '/home/lemon/Documents/detect_ros2_ws/src/result_viewer', 'symlink_install': False, 'test_result_base': None}
[0.490s] Level 5:colcon.colcon_core.verb:set package 'video_publisher' build argument 'cmake_args' from command line to 'None'
[0.490s] Level 5:colcon.colcon_core.verb:set package 'video_publisher' build argument 'cmake_target' from command line to 'None'
[0.490s] Level 5:colcon.colcon_core.verb:set package 'video_publisher' build argument 'cmake_target_skip_unavailable' from command line to 'False'
[0.490s] Level 5:colcon.colcon_core.verb:set package 'video_publisher' build argument 'cmake_clean_cache' from command line to 'False'
[0.490s] Level 5:colcon.colcon_core.verb:set package 'video_publisher' build argument 'cmake_clean_first' from command line to 'False'
[0.490s] Level 5:colcon.colcon_core.verb:set package 'video_publisher' build argument 'cmake_force_configure' from command line to 'False'
[0.490s] Level 5:colcon.colcon_core.verb:set package 'video_publisher' build argument 'ament_cmake_args' from command line to 'None'
[0.490s] Level 5:colcon.colcon_core.verb:set package 'video_publisher' build argument 'catkin_cmake_args' from command line to 'None'
[0.490s] Level 5:colcon.colcon_core.verb:set package 'video_publisher' build argument 'catkin_skip_building_tests' from command line to 'False'
[0.490s] DEBUG:colcon.colcon_core.verb:Building package 'video_publisher' with the following arguments: {'ament_cmake_args': None, 'build_base': '/home/lemon/Documents/detect_ros2_ws/build/video_publisher', 'catkin_cmake_args': None, 'catkin_skip_building_tests': False, 'cmake_args': None, 'cmake_clean_cache': False, 'cmake_clean_first': False, 'cmake_force_configure': False, 'cmake_target': None, 'cmake_target_skip_unavailable': False, 'install_base': '/home/lemon/Documents/detect_ros2_ws/install/video_publisher', 'merge_install': False, 'path': '/home/lemon/Documents/detect_ros2_ws/src/video_publisher', 'symlink_install': False, 'test_result_base': None}
[0.490s] INFO:colcon.colcon_core.executor:Executing jobs using 'parallel' executor
[0.491s] DEBUG:colcon.colcon_parallel_executor.executor.parallel:run_until_complete
[0.492s] INFO:colcon.colcon_ros.task.ament_cmake.build:Building ROS package in '/home/lemon/Documents/detect_ros2_ws/src/detection_launch' with build type 'ament_cmake'
[0.492s] INFO:colcon.colcon_cmake.task.cmake.build:Building CMake package in '/home/lemon/Documents/detect_ros2_ws/src/detection_launch'
[0.495s] INFO:colcon.colcon_core.plugin_system:Skipping extension 'colcon_core.shell.bat': Not used on non-Windows systems
[0.495s] INFO:colcon.colcon_core.shell:Skip shell extension 'powershell' for command environment: Not usable outside of PowerShell
[0.495s] DEBUG:colcon.colcon_core.shell:Skip shell extension 'dsv' for command environment
[0.501s] INFO:colcon.colcon_ros.task.ament_cmake.build:Building ROS package in '/home/lemon/Documents/detect_ros2_ws/src/object_detector' with build type 'ament_cmake'
[0.502s] INFO:colcon.colcon_cmake.task.cmake.build:Building CMake package in '/home/lemon/Documents/detect_ros2_ws/src/object_detector'
[0.502s] INFO:colcon.colcon_core.shell:Skip shell extension 'powershell' for command environment: Not usable outside of PowerShell
[0.503s] DEBUG:colcon.colcon_core.shell:Skip shell extension 'dsv' for command environment
[0.517s] DEBUG:colcon.colcon_core.event_handler.log_command:Invoking command in '/home/lemon/Documents/detect_ros2_ws/build/detection_launch': CMAKE_PREFIX_PATH=/opt/ros/humble /usr/bin/cmake --build /home/lemon/Documents/detect_ros2_ws/build/detection_launch -- -j2 -l2
[0.530s] DEBUG:colcon.colcon_core.event_handler.log_command:Invoking command in '/home/lemon/Documents/detect_ros2_ws/build/object_detector': CMAKE_PREFIX_PATH=/opt/ros/humble /usr/bin/cmake --build /home/lemon/Documents/detect_ros2_ws/build/object_detector -- -j2 -l2
[0.573s] DEBUG:colcon.colcon_core.event_handler.log_command:Invoked command in '/home/lemon/Documents/detect_ros2_ws/build/detection_launch' returned '0': CMAKE_PREFIX_PATH=/opt/ros/humble /usr/bin/cmake --build /home/lemon/Documents/detect_ros2_ws/build/detection_launch -- -j2 -l2
[0.596s] DEBUG:colcon.colcon_core.event_handler.log_command:Invoking command in '/home/lemon/Documents/detect_ros2_ws/build/detection_launch': CMAKE_PREFIX_PATH=/opt/ros/humble /usr/bin/cmake --install /home/lemon/Documents/detect_ros2_ws/build/detection_launch
[0.626s] Level 1:colcon.colcon_core.environment:create_environment_scripts_only(detection_launch)
[0.626s] DEBUG:colcon.colcon_core.event_handler.log_command:Invoked command in '/home/lemon/Documents/detect_ros2_ws/build/detection_launch' returned '0': CMAKE_PREFIX_PATH=/opt/ros/humble /usr/bin/cmake --install /home/lemon/Documents/detect_ros2_ws/build/detection_launch
[0.634s] Level 1:colcon.colcon_core.environment:checking '/home/lemon/Documents/detect_ros2_ws/install/detection_launch' for CMake module files
[0.635s] Level 1:colcon.colcon_core.environment:checking '/home/lemon/Documents/detect_ros2_ws/install/detection_launch' for CMake config files
[0.635s] Level 1:colcon.colcon_core.shell:create_environment_hook('detection_launch', 'cmake_prefix_path')
[0.635s] INFO:colcon.colcon_core.shell:Creating environment hook '/home/lemon/Documents/detect_ros2_ws/install/detection_launch/share/detection_launch/hook/cmake_prefix_path.ps1'
[0.638s] INFO:colcon.colcon_core.shell:Creating environment descriptor '/home/lemon/Documents/detect_ros2_ws/install/detection_launch/share/detection_launch/hook/cmake_prefix_path.dsv'
[0.639s] INFO:colcon.colcon_core.shell:Creating environment hook '/home/lemon/Documents/detect_ros2_ws/install/detection_launch/share/detection_launch/hook/cmake_prefix_path.sh'
[0.643s] Level 1:colcon.colcon_core.environment:checking '/home/lemon/Documents/detect_ros2_ws/install/detection_launch/bin'
[0.643s] Level 1:colcon.colcon_core.environment:checking '/home/lemon/Documents/detect_ros2_ws/install/detection_launch/lib/pkgconfig/detection_launch.pc'
[0.644s] Level 1:colcon.colcon_core.environment:checking '/home/lemon/Documents/detect_ros2_ws/install/detection_launch/lib/python3.10/site-packages'
[0.644s] Level 1:colcon.colcon_core.environment:checking '/home/lemon/Documents/detect_ros2_ws/install/detection_launch/bin'
[0.644s] INFO:colcon.colcon_core.shell:Creating package script '/home/lemon/Documents/detect_ros2_ws/install/detection_launch/share/detection_launch/package.ps1'
[0.650s] INFO:colcon.colcon_core.shell:Creating package descriptor '/home/lemon/Documents/detect_ros2_ws/install/detection_launch/share/detection_launch/package.dsv'
[0.652s] INFO:colcon.colcon_core.shell:Creating package script '/home/lemon/Documents/detect_ros2_ws/install/detection_launch/share/detection_launch/package.sh'
[0.654s] INFO:colcon.colcon_core.shell:Creating package script '/home/lemon/Documents/detect_ros2_ws/install/detection_launch/share/detection_launch/package.bash'
[0.656s] INFO:colcon.colcon_core.shell:Creating package script '/home/lemon/Documents/detect_ros2_ws/install/detection_launch/share/detection_launch/package.zsh'
[0.657s] Level 1:colcon.colcon_core.environment:create_file_with_runtime_dependencies(/home/lemon/Documents/detect_ros2_ws/install/detection_launch/share/colcon-core/packages/detection_launch)
[0.659s] Level 1:colcon.colcon_core.environment:create_environment_scripts_only(detection_launch)
[0.659s] Level 1:colcon.colcon_core.environment:checking '/home/lemon/Documents/detect_ros2_ws/install/detection_launch' for CMake module files
[0.660s] Level 1:colcon.colcon_core.environment:checking '/home/lemon/Documents/detect_ros2_ws/install/detection_launch' for CMake config files
[0.660s] Level 1:colcon.colcon_core.shell:create_environment_hook('detection_launch', 'cmake_prefix_path')
[0.660s] INFO:colcon.colcon_core.shell:Creating environment hook '/home/lemon/Documents/detect_ros2_ws/install/detection_launch/share/detection_launch/hook/cmake_prefix_path.ps1'
[0.662s] INFO:colcon.colcon_core.shell:Creating environment descriptor '/home/lemon/Documents/detect_ros2_ws/install/detection_launch/share/detection_launch/hook/cmake_prefix_path.dsv'
[0.663s] INFO:colcon.colcon_core.shell:Creating environment hook '/home/lemon/Documents/detect_ros2_ws/install/detection_launch/share/detection_launch/hook/cmake_prefix_path.sh'
[0.664s] Level 1:colcon.colcon_core.environment:checking '/home/lemon/Documents/detect_ros2_ws/install/detection_launch/bin'
[0.664s] Level 1:colcon.colcon_core.environment:checking '/home/lemon/Documents/detect_ros2_ws/install/detection_launch/lib/pkgconfig/detection_launch.pc'
[0.665s] Level 1:colcon.colcon_core.environment:checking '/home/lemon/Documents/detect_ros2_ws/install/detection_launch/lib/python3.10/site-packages'
[0.665s] Level 1:colcon.colcon_core.environment:checking '/home/lemon/Documents/detect_ros2_ws/install/detection_launch/bin'
[0.665s] INFO:colcon.colcon_core.shell:Creating package script '/home/lemon/Documents/detect_ros2_ws/install/detection_launch/share/detection_launch/package.ps1'
[0.666s] INFO:colcon.colcon_core.shell:Creating package descriptor '/home/lemon/Documents/detect_ros2_ws/install/detection_launch/share/detection_launch/package.dsv'
[0.667s] INFO:colcon.colcon_core.shell:Creating package script '/home/lemon/Documents/detect_ros2_ws/install/detection_launch/share/detection_launch/package.sh'
[0.670s] INFO:colcon.colcon_core.shell:Creating package script '/home/lemon/Documents/detect_ros2_ws/install/detection_launch/share/detection_launch/package.bash'
[0.673s] INFO:colcon.colcon_core.shell:Creating package script '/home/lemon/Documents/detect_ros2_ws/install/detection_launch/share/detection_launch/package.zsh'
[0.674s] Level 1:colcon.colcon_core.environment:create_file_with_runtime_dependencies(/home/lemon/Documents/detect_ros2_ws/install/detection_launch/share/colcon-core/packages/detection_launch)
[0.677s] INFO:colcon.colcon_ros.task.ament_cmake.build:Building ROS package in '/home/lemon/Documents/detect_ros2_ws/src/result_viewer' with build type 'ament_cmake'
[0.677s] INFO:colcon.colcon_cmake.task.cmake.build:Building CMake package in '/home/lemon/Documents/detect_ros2_ws/src/result_viewer'
[0.678s] INFO:colcon.colcon_core.shell:Skip shell extension 'powershell' for command environment: Not usable outside of PowerShell
[0.678s] DEBUG:colcon.colcon_core.shell:Skip shell extension 'dsv' for command environment
[0.697s] DEBUG:colcon.colcon_core.event_handler.log_command:Invoking command in '/home/lemon/Documents/detect_ros2_ws/build/result_viewer': CMAKE_PREFIX_PATH=/opt/ros/humble /usr/bin/cmake --build /home/lemon/Documents/detect_ros2_ws/build/result_viewer -- -j2 -l2
[0.698s] DEBUG:colcon.colcon_core.event_handler.log_command:Invoked command in '/home/lemon/Documents/detect_ros2_ws/build/object_detector' returned '0': CMAKE_PREFIX_PATH=/opt/ros/humble /usr/bin/cmake --build /home/lemon/Documents/detect_ros2_ws/build/object_detector -- -j2 -l2
[0.698s] DEBUG:colcon.colcon_core.event_handler.log_command:Invoking command in '/home/lemon/Documents/detect_ros2_ws/build/object_detector': CMAKE_PREFIX_PATH=/opt/ros/humble /usr/bin/cmake --install /home/lemon/Documents/detect_ros2_ws/build/object_detector
[0.719s] Level 1:colcon.colcon_core.environment:create_environment_scripts_only(object_detector)
[0.719s] Level 1:colcon.colcon_core.environment:checking '/home/lemon/Documents/detect_ros2_ws/install/object_detector' for CMake module files
[0.720s] Level 1:colcon.colcon_core.environment:checking '/home/lemon/Documents/detect_ros2_ws/install/object_detector' for CMake config files
[0.720s] Level 1:colcon.colcon_core.shell:create_environment_hook('object_detector', 'cmake_prefix_path')
[0.721s] INFO:colcon.colcon_core.shell:Creating environment hook '/home/lemon/Documents/detect_ros2_ws/install/object_detector/share/object_detector/hook/cmake_prefix_path.ps1'
[0.726s] DEBUG:colcon.colcon_core.event_handler.log_command:Invoked command in '/home/lemon/Documents/detect_ros2_ws/build/object_detector' returned '0': CMAKE_PREFIX_PATH=/opt/ros/humble /usr/bin/cmake --install /home/lemon/Documents/detect_ros2_ws/build/object_detector
[0.729s] INFO:colcon.colcon_core.shell:Creating environment descriptor '/home/lemon/Documents/detect_ros2_ws/install/object_detector/share/object_detector/hook/cmake_prefix_path.dsv'
[0.732s] INFO:colcon.colcon_core.shell:Creating environment hook '/home/lemon/Documents/detect_ros2_ws/install/object_detector/share/object_detector/hook/cmake_prefix_path.sh'
[0.733s] Level 1:colcon.colcon_core.environment:checking '/home/lemon/Documents/detect_ros2_ws/install/object_detector/lib'
[0.733s] Level 1:colcon.colcon_core.environment:checking '/home/lemon/Documents/detect_ros2_ws/install/object_detector/bin'
[0.734s] Level 1:colcon.colcon_core.environment:checking '/home/lemon/Documents/detect_ros2_ws/install/object_detector/lib/pkgconfig/object_detector.pc'
[0.734s] Level 1:colcon.colcon_core.environment:checking '/home/lemon/Documents/detect_ros2_ws/install/object_detector/lib/python3.10/site-packages'
[0.734s] Level 1:colcon.colcon_core.environment:checking '/home/lemon/Documents/detect_ros2_ws/install/object_detector/bin'
[0.741s] INFO:colcon.colcon_core.shell:Creating package script '/home/lemon/Documents/detect_ros2_ws/install/object_detector/share/object_detector/package.ps1'
[0.742s] INFO:colcon.colcon_core.shell:Creating package descriptor '/home/lemon/Documents/detect_ros2_ws/install/object_detector/share/object_detector/package.dsv'
[0.749s] INFO:colcon.colcon_core.shell:Creating package script '/home/lemon/Documents/detect_ros2_ws/install/object_detector/share/object_detector/package.sh'
[0.753s] INFO:colcon.colcon_core.shell:Creating package script '/home/lemon/Documents/detect_ros2_ws/install/object_detector/share/object_detector/package.bash'
[0.754s] INFO:colcon.colcon_core.shell:Creating package script '/home/lemon/Documents/detect_ros2_ws/install/object_detector/share/object_detector/package.zsh'
[0.754s] Level 1:colcon.colcon_core.environment:create_file_with_runtime_dependencies(/home/lemon/Documents/detect_ros2_ws/install/object_detector/share/colcon-core/packages/object_detector)
[0.755s] Level 1:colcon.colcon_core.environment:create_environment_scripts_only(object_detector)
[0.756s] Level 1:colcon.colcon_core.environment:checking '/home/lemon/Documents/detect_ros2_ws/install/object_detector' for CMake module files
[0.757s] Level 1:colcon.colcon_core.environment:checking '/home/lemon/Documents/detect_ros2_ws/install/object_detector' for CMake config files
[0.757s] Level 1:colcon.colcon_core.shell:create_environment_hook('object_detector', 'cmake_prefix_path')
[0.757s] INFO:colcon.colcon_core.shell:Creating environment hook '/home/lemon/Documents/detect_ros2_ws/install/object_detector/share/object_detector/hook/cmake_prefix_path.ps1'
[0.758s] INFO:colcon.colcon_core.shell:Creating environment descriptor '/home/lemon/Documents/detect_ros2_ws/install/object_detector/share/object_detector/hook/cmake_prefix_path.dsv'
[0.759s] INFO:colcon.colcon_core.shell:Creating environment hook '/home/lemon/Documents/detect_ros2_ws/install/object_detector/share/object_detector/hook/cmake_prefix_path.sh'
[0.761s] Level 1:colcon.colcon_core.environment:checking '/home/lemon/Documents/detect_ros2_ws/install/object_detector/lib'
[0.761s] Level 1:colcon.colcon_core.environment:checking '/home/lemon/Documents/detect_ros2_ws/install/object_detector/bin'
[0.761s] Level 1:colcon.colcon_core.environment:checking '/home/lemon/Documents/detect_ros2_ws/install/object_detector/lib/pkgconfig/object_detector.pc'
[0.763s] Level 1:colcon.colcon_core.environment:checking '/home/lemon/Documents/detect_ros2_ws/install/object_detector/lib/python3.10/site-packages'
[0.763s] Level 1:colcon.colcon_core.environment:checking '/home/lemon/Documents/detect_ros2_ws/install/object_detector/bin'
[0.764s] INFO:colcon.colcon_core.shell:Creating package script '/home/lemon/Documents/detect_ros2_ws/install/object_detector/share/object_detector/package.ps1'
[0.767s] INFO:colcon.colcon_core.shell:Creating package descriptor '/home/lemon/Documents/detect_ros2_ws/install/object_detector/share/object_detector/package.dsv'
[0.769s] INFO:colcon.colcon_core.shell:Creating package script '/home/lemon/Documents/detect_ros2_ws/install/object_detector/share/object_detector/package.sh'
[0.772s] INFO:colcon.colcon_core.shell:Creating package script '/home/lemon/Documents/detect_ros2_ws/install/object_detector/share/object_detector/package.bash'
[0.775s] INFO:colcon.colcon_core.shell:Creating package script '/home/lemon/Documents/detect_ros2_ws/install/object_detector/share/object_detector/package.zsh'
[0.776s] Level 1:colcon.colcon_core.environment:create_file_with_runtime_dependencies(/home/lemon/Documents/detect_ros2_ws/install/object_detector/share/colcon-core/packages/object_detector)
[0.777s] INFO:colcon.colcon_ros.task.ament_cmake.build:Building ROS package in '/home/lemon/Documents/detect_ros2_ws/src/video_publisher' with build type 'ament_cmake'
[0.777s] INFO:colcon.colcon_cmake.task.cmake.build:Building CMake package in '/home/lemon/Documents/detect_ros2_ws/src/video_publisher'
[0.778s] INFO:colcon.colcon_core.shell:Skip shell extension 'powershell' for command environment: Not usable outside of PowerShell
[0.778s] DEBUG:colcon.colcon_core.shell:Skip shell extension 'dsv' for command environment
[0.803s] DEBUG:colcon.colcon_core.event_handler.log_command:Invoking command in '/home/lemon/Documents/detect_ros2_ws/build/video_publisher': CMAKE_PREFIX_PATH=/opt/ros/humble /usr/bin/cmake --build /home/lemon/Documents/detect_ros2_ws/build/video_publisher -- -j2 -l2
[0.875s] DEBUG:colcon.colcon_core.event_handler.log_command:Invoked command in '/home/lemon/Documents/detect_ros2_ws/build/result_viewer' returned '0': CMAKE_PREFIX_PATH=/opt/ros/humble /usr/bin/cmake --build /home/lemon/Documents/detect_ros2_ws/build/result_viewer -- -j2 -l2
[0.875s] DEBUG:colcon.colcon_core.event_handler.log_command:Invoking command in '/home/lemon/Documents/detect_ros2_ws/build/result_viewer': CMAKE_PREFIX_PATH=/opt/ros/humble /usr/bin/cmake --install /home/lemon/Documents/detect_ros2_ws/build/result_viewer
[0.911s] Level 1:colcon.colcon_core.environment:create_environment_scripts_only(result_viewer)
[0.914s] Level 1:colcon.colcon_core.environment:checking '/home/lemon/Documents/detect_ros2_ws/install/result_viewer' for CMake module files
[0.915s] DEBUG:colcon.colcon_core.event_handler.log_command:Invoked command in '/home/lemon/Documents/detect_ros2_ws/build/result_viewer' returned '0': CMAKE_PREFIX_PATH=/opt/ros/humble /usr/bin/cmake --install /home/lemon/Documents/detect_ros2_ws/build/result_viewer
[0.918s] Level 1:colcon.colcon_core.environment:checking '/home/lemon/Documents/detect_ros2_ws/install/result_viewer' for CMake config files
[0.919s] Level 1:colcon.colcon_core.shell:create_environment_hook('result_viewer', 'cmake_prefix_path')
[0.920s] INFO:colcon.colcon_core.shell:Creating environment hook '/home/lemon/Documents/detect_ros2_ws/install/result_viewer/share/result_viewer/hook/cmake_prefix_path.ps1'
[0.926s] INFO:colcon.colcon_core.shell:Creating environment descriptor '/home/lemon/Documents/detect_ros2_ws/install/result_viewer/share/result_viewer/hook/cmake_prefix_path.dsv'
[0.927s] INFO:colcon.colcon_core.shell:Creating environment hook '/home/lemon/Documents/detect_ros2_ws/install/result_viewer/share/result_viewer/hook/cmake_prefix_path.sh'
[0.933s] Level 1:colcon.colcon_core.environment:checking '/home/lemon/Documents/detect_ros2_ws/install/result_viewer/lib'
[0.934s] Level 1:colcon.colcon_core.environment:checking '/home/lemon/Documents/detect_ros2_ws/install/result_viewer/bin'
[0.934s] Level 1:colcon.colcon_core.environment:checking '/home/lemon/Documents/detect_ros2_ws/install/result_viewer/lib/pkgconfig/result_viewer.pc'
[0.934s] Level 1:colcon.colcon_core.environment:checking '/home/lemon/Documents/detect_ros2_ws/install/result_viewer/lib/python3.10/site-packages'
[0.935s] Level 1:colcon.colcon_core.environment:checking '/home/lemon/Documents/detect_ros2_ws/install/result_viewer/bin'
[0.936s] INFO:colcon.colcon_core.shell:Creating package script '/home/lemon/Documents/detect_ros2_ws/install/result_viewer/share/result_viewer/package.ps1'
[0.939s] INFO:colcon.colcon_core.shell:Creating package descriptor '/home/lemon/Documents/detect_ros2_ws/install/result_viewer/share/result_viewer/package.dsv'
[0.944s] INFO:colcon.colcon_core.shell:Creating package script '/home/lemon/Documents/detect_ros2_ws/install/result_viewer/share/result_viewer/package.sh'
[0.948s] INFO:colcon.colcon_core.shell:Creating package script '/home/lemon/Documents/detect_ros2_ws/install/result_viewer/share/result_viewer/package.bash'
[0.951s] INFO:colcon.colcon_core.shell:Creating package script '/home/lemon/Documents/detect_ros2_ws/install/result_viewer/share/result_viewer/package.zsh'
[0.954s] Level 1:colcon.colcon_core.environment:create_file_with_runtime_dependencies(/home/lemon/Documents/detect_ros2_ws/install/result_viewer/share/colcon-core/packages/result_viewer)
[0.955s] Level 1:colcon.colcon_core.environment:create_environment_scripts_only(result_viewer)
[0.960s] Level 1:colcon.colcon_core.environment:checking '/home/lemon/Documents/detect_ros2_ws/install/result_viewer' for CMake module files
[0.961s] Level 1:colcon.colcon_core.environment:checking '/home/lemon/Documents/detect_ros2_ws/install/result_viewer' for CMake config files
[0.967s] Level 1:colcon.colcon_core.shell:create_environment_hook('result_viewer', 'cmake_prefix_path')
[0.968s] INFO:colcon.colcon_core.shell:Creating environment hook '/home/lemon/Documents/detect_ros2_ws/install/result_viewer/share/result_viewer/hook/cmake_prefix_path.ps1'
[0.971s] INFO:colcon.colcon_core.shell:Creating environment descriptor '/home/lemon/Documents/detect_ros2_ws/install/result_viewer/share/result_viewer/hook/cmake_prefix_path.dsv'
[0.974s] INFO:colcon.colcon_core.shell:Creating environment hook '/home/lemon/Documents/detect_ros2_ws/install/result_viewer/share/result_viewer/hook/cmake_prefix_path.sh'
[0.977s] Level 1:colcon.colcon_core.environment:checking '/home/lemon/Documents/detect_ros2_ws/install/result_viewer/lib'
[0.977s] Level 1:colcon.colcon_core.environment:checking '/home/lemon/Documents/detect_ros2_ws/install/result_viewer/bin'
[0.978s] Level 1:colcon.colcon_core.environment:checking '/home/lemon/Documents/detect_ros2_ws/install/result_viewer/lib/pkgconfig/result_viewer.pc'
[0.982s] Level 1:colcon.colcon_core.environment:checking '/home/lemon/Documents/detect_ros2_ws/install/result_viewer/lib/python3.10/site-packages'
[0.983s] Level 1:colcon.colcon_core.environment:checking '/home/lemon/Documents/detect_ros2_ws/install/result_viewer/bin'
[0.983s] INFO:colcon.colcon_core.shell:Creating package script '/home/lemon/Documents/detect_ros2_ws/install/result_viewer/share/result_viewer/package.ps1'
[0.986s] INFO:colcon.colcon_core.shell:Creating package descriptor '/home/lemon/Documents/detect_ros2_ws/install/result_viewer/share/result_viewer/package.dsv'
[0.987s] INFO:colcon.colcon_core.shell:Creating package script '/home/lemon/Documents/detect_ros2_ws/install/result_viewer/share/result_viewer/package.sh'
[0.989s] INFO:colcon.colcon_core.shell:Creating package script '/home/lemon/Documents/detect_ros2_ws/install/result_viewer/share/result_viewer/package.bash'
[0.990s] INFO:colcon.colcon_core.shell:Creating package script '/home/lemon/Documents/detect_ros2_ws/install/result_viewer/share/result_viewer/package.zsh'
[0.992s] Level 1:colcon.colcon_core.environment:create_file_with_runtime_dependencies(/home/lemon/Documents/detect_ros2_ws/install/result_viewer/share/colcon-core/packages/result_viewer)
[0.997s] DEBUG:colcon.colcon_core.event_handler.log_command:Invoked command in '/home/lemon/Documents/detect_ros2_ws/build/video_publisher' returned '0': CMAKE_PREFIX_PATH=/opt/ros/humble /usr/bin/cmake --build /home/lemon/Documents/detect_ros2_ws/build/video_publisher -- -j2 -l2
[1.001s] DEBUG:colcon.colcon_core.event_handler.log_command:Invoking command in '/home/lemon/Documents/detect_ros2_ws/build/video_publisher': CMAKE_PREFIX_PATH=/opt/ros/humble /usr/bin/cmake --install /home/lemon/Documents/detect_ros2_ws/build/video_publisher
[1.027s] Level 1:colcon.colcon_core.environment:create_environment_scripts_only(video_publisher)
[1.027s] Level 1:colcon.colcon_core.environment:checking '/home/lemon/Documents/detect_ros2_ws/install/video_publisher' for CMake module files
[1.028s] Level 1:colcon.colcon_core.environment:checking '/home/lemon/Documents/detect_ros2_ws/install/video_publisher' for CMake config files
[1.029s] Level 1:colcon.colcon_core.shell:create_environment_hook('video_publisher', 'cmake_prefix_path')
[1.029s] INFO:colcon.colcon_core.shell:Creating environment hook '/home/lemon/Documents/detect_ros2_ws/install/video_publisher/share/video_publisher/hook/cmake_prefix_path.ps1'
[1.031s] DEBUG:colcon.colcon_core.event_handler.log_command:Invoked command in '/home/lemon/Documents/detect_ros2_ws/build/video_publisher' returned '0': CMAKE_PREFIX_PATH=/opt/ros/humble /usr/bin/cmake --install /home/lemon/Documents/detect_ros2_ws/build/video_publisher
[1.031s] INFO:colcon.colcon_core.shell:Creating environment descriptor '/home/lemon/Documents/detect_ros2_ws/install/video_publisher/share/video_publisher/hook/cmake_prefix_path.dsv'
[1.033s] INFO:colcon.colcon_core.shell:Creating environment hook '/home/lemon/Documents/detect_ros2_ws/install/video_publisher/share/video_publisher/hook/cmake_prefix_path.sh'
[1.035s] Level 1:colcon.colcon_core.environment:checking '/home/lemon/Documents/detect_ros2_ws/install/video_publisher/lib'
[1.035s] Level 1:colcon.colcon_core.environment:checking '/home/lemon/Documents/detect_ros2_ws/install/video_publisher/bin'
[1.035s] Level 1:colcon.colcon_core.environment:checking '/home/lemon/Documents/detect_ros2_ws/install/video_publisher/lib/pkgconfig/video_publisher.pc'
[1.036s] Level 1:colcon.colcon_core.environment:checking '/home/lemon/Documents/detect_ros2_ws/install/video_publisher/lib/python3.10/site-packages'
[1.036s] Level 1:colcon.colcon_core.environment:checking '/home/lemon/Documents/detect_ros2_ws/install/video_publisher/bin'
[1.037s] INFO:colcon.colcon_core.shell:Creating package script '/home/lemon/Documents/detect_ros2_ws/install/video_publisher/share/video_publisher/package.ps1'
[1.038s] INFO:colcon.colcon_core.shell:Creating package descriptor '/home/lemon/Documents/detect_ros2_ws/install/video_publisher/share/video_publisher/package.dsv'
[1.039s] INFO:colcon.colcon_core.shell:Creating package script '/home/lemon/Documents/detect_ros2_ws/install/video_publisher/share/video_publisher/package.sh'
[1.040s] INFO:colcon.colcon_core.shell:Creating package script '/home/lemon/Documents/detect_ros2_ws/install/video_publisher/share/video_publisher/package.bash'
[1.041s] INFO:colcon.colcon_core.shell:Creating package script '/home/lemon/Documents/detect_ros2_ws/install/video_publisher/share/video_publisher/package.zsh'
[1.042s] Level 1:colcon.colcon_core.environment:create_file_with_runtime_dependencies(/home/lemon/Documents/detect_ros2_ws/install/video_publisher/share/colcon-core/packages/video_publisher)
[1.043s] Level 1:colcon.colcon_core.environment:create_environment_scripts_only(video_publisher)
[1.043s] Level 1:colcon.colcon_core.environment:checking '/home/lemon/Documents/detect_ros2_ws/install/video_publisher' for CMake module files
[1.044s] Level 1:colcon.colcon_core.environment:checking '/home/lemon/Documents/detect_ros2_ws/install/video_publisher' for CMake config files
[1.044s] Level 1:colcon.colcon_core.shell:create_environment_hook('video_publisher', 'cmake_prefix_path')
[1.045s] INFO:colcon.colcon_core.shell:Creating environment hook '/home/lemon/Documents/detect_ros2_ws/install/video_publisher/share/video_publisher/hook/cmake_prefix_path.ps1'
[1.046s] INFO:colcon.colcon_core.shell:Creating environment descriptor '/home/lemon/Documents/detect_ros2_ws/install/video_publisher/share/video_publisher/hook/cmake_prefix_path.dsv'
[1.047s] INFO:colcon.colcon_core.shell:Creating environment hook '/home/lemon/Documents/detect_ros2_ws/install/video_publisher/share/video_publisher/hook/cmake_prefix_path.sh'
[1.049s] Level 1:colcon.colcon_core.environment:checking '/home/lemon/Documents/detect_ros2_ws/install/video_publisher/lib'
[1.049s] Level 1:colcon.colcon_core.environment:checking '/home/lemon/Documents/detect_ros2_ws/install/video_publisher/bin'
[1.049s] Level 1:colcon.colcon_core.environment:checking '/home/lemon/Documents/detect_ros2_ws/install/video_publisher/lib/pkgconfig/video_publisher.pc'
[1.050s] Level 1:colcon.colcon_core.environment:checking '/home/lemon/Documents/detect_ros2_ws/install/video_publisher/lib/python3.10/site-packages'
[1.050s] Level 1:colcon.colcon_core.environment:checking '/home/lemon/Documents/detect_ros2_ws/install/video_publisher/bin'
[1.050s] INFO:colcon.colcon_core.shell:Creating package script '/home/lemon/Documents/detect_ros2_ws/install/video_publisher/share/video_publisher/package.ps1'
[1.051s] INFO:colcon.colcon_core.shell:Creating package descriptor '/home/lemon/Documents/detect_ros2_ws/install/video_publisher/share/video_publisher/package.dsv'
[1.052s] INFO:colcon.colcon_core.shell:Creating package script '/home/lemon/Documents/detect_ros2_ws/install/video_publisher/share/video_publisher/package.sh'
[1.053s] INFO:colcon.colcon_core.shell:Creating package script '/home/lemon/Documents/detect_ros2_ws/install/video_publisher/share/video_publisher/package.bash'
[1.054s] INFO:colcon.colcon_core.shell:Creating package script '/home/lemon/Documents/detect_ros2_ws/install/video_publisher/share/video_publisher/package.zsh'
[1.056s] Level 1:colcon.colcon_core.environment:create_file_with_runtime_dependencies(/home/lemon/Documents/detect_ros2_ws/install/video_publisher/share/colcon-core/packages/video_publisher)
[1.057s] DEBUG:colcon.colcon_parallel_executor.executor.parallel:closing loop
[1.058s] DEBUG:colcon.colcon_parallel_executor.executor.parallel:loop closed
[1.058s] DEBUG:colcon.colcon_parallel_executor.executor.parallel:run_until_complete finished with '0'
[1.058s] DEBUG:colcon.colcon_core.event_reactor:joining thread
[1.067s] INFO:colcon.colcon_core.plugin_system:Skipping extension 'colcon_notification.desktop_notification.terminal_notifier': Not used on non-Darwin systems
[1.067s] INFO:colcon.colcon_core.plugin_system:Skipping extension 'colcon_notification.desktop_notification.win32': Not used on non-Windows systems
[1.067s] INFO:colcon.colcon_notification.desktop_notification:Sending desktop notification using 'notify2'
[1.100s] DEBUG:colcon.colcon_core.event_reactor:joined thread
[1.101s] INFO:colcon.colcon_core.shell:Creating prefix script '/home/lemon/Documents/detect_ros2_ws/install/local_setup.ps1'
[1.103s] INFO:colcon.colcon_core.shell:Creating prefix util module '/home/lemon/Documents/detect_ros2_ws/install/_local_setup_util_ps1.py'
[1.106s] INFO:colcon.colcon_core.shell:Creating prefix chain script '/home/lemon/Documents/detect_ros2_ws/install/setup.ps1'
[1.108s] INFO:colcon.colcon_core.shell:Creating prefix script '/home/lemon/Documents/detect_ros2_ws/install/local_setup.sh'
[1.109s] INFO:colcon.colcon_core.shell:Creating prefix util module '/home/lemon/Documents/detect_ros2_ws/install/_local_setup_util_sh.py'
[1.112s] INFO:colcon.colcon_core.shell:Creating prefix chain script '/home/lemon/Documents/detect_ros2_ws/install/setup.sh'
[1.114s] INFO:colcon.colcon_core.shell:Creating prefix script '/home/lemon/Documents/detect_ros2_ws/install/local_setup.bash'
[1.115s] INFO:colcon.colcon_core.shell:Creating prefix chain script '/home/lemon/Documents/detect_ros2_ws/install/setup.bash'
[1.117s] INFO:colcon.colcon_core.shell:Creating prefix script '/home/lemon/Documents/detect_ros2_ws/install/local_setup.zsh'
[1.118s] INFO:colcon.colcon_core.shell:Creating prefix chain script '/home/lemon/Documents/detect_ros2_ws/install/setup.zsh'
