[0.180s] DEBUG:colcon:Command line arguments: ['/usr/bin/colcon', 'build']
[0.180s] DEBUG:colcon:Parsed command line arguments: Namespace(log_base=None, log_level=None, verb_name='build', build_base='build', install_base='install', merge_install=False, symlink_install=False, test_result_base=None, continue_on_error=False, executor='parallel', parallel_workers=2, event_handlers=None, ignore_user_meta=False, metas=['./colcon.meta'], base_paths=['.'], packages_ignore=None, packages_ignore_regex=None, paths=None, packages_up_to=None, packages_up_to_regex=None, packages_above=None, packages_above_and_dependencies=None, packages_above_depth=None, packages_select_by_dep=None, packages_skip_by_dep=None, packages_skip_up_to=None, packages_select_build_failed=False, packages_skip_build_finished=False, packages_select_test_failures=False, packages_skip_test_passed=False, packages_select=None, packages_skip=None, packages_select_regex=None, packages_skip_regex=None, packages_start=None, packages_end=None, allow_overriding=[], cmake_args=None, cmake_target=None, cmake_target_skip_unavailable=False, cmake_clean_cache=False, cmake_clean_first=False, cmake_force_configure=False, ament_cmake_args=None, catkin_cmake_args=None, catkin_skip_building_tests=False, verb_parser=<colcon_defaults.argument_parser.defaults.DefaultArgumentsDecorator object at 0x760b68f278b0>, verb_extension=<colcon_core.verb.build.BuildVerb object at 0x760b69078c70>, main=<bound method BuildVerb.main of <colcon_core.verb.build.BuildVerb object at 0x760b69078c70>>)
[0.418s] Level 1:colcon.colcon_core.package_discovery:discover_packages(colcon_meta) check parameters
[0.418s] Level 1:colcon.colcon_core.package_discovery:discover_packages(recursive) check parameters
[0.418s] Level 1:colcon.colcon_core.package_discovery:discover_packages(ignore) check parameters
[0.418s] Level 1:colcon.colcon_core.package_discovery:discover_packages(path) check parameters
[0.418s] Level 1:colcon.colcon_core.package_discovery:discover_packages(colcon_meta) discover
[0.418s] Level 1:colcon.colcon_core.package_discovery:discover_packages(recursive) discover
[0.418s] INFO:colcon.colcon_core.package_discovery:Crawling recursively for packages in '/home/lemon/Documents/detect_ros2_ws'
[0.418s] Level 1:colcon.colcon_core.package_identification:_identify(.) by extensions ['ignore', 'ignore_ament_install']
[0.419s] Level 1:colcon.colcon_core.package_identification:_identify(.) by extension 'ignore'
[0.419s] Level 1:colcon.colcon_core.package_identification:_identify(.) by extension 'ignore_ament_install'
[0.419s] Level 1:colcon.colcon_core.package_identification:_identify(.) by extensions ['colcon_pkg']
[0.419s] Level 1:colcon.colcon_core.package_identification:_identify(.) by extension 'colcon_pkg'
[0.419s] Level 1:colcon.colcon_core.package_identification:_identify(.) by extensions ['colcon_meta']
[0.419s] Level 1:colcon.colcon_core.package_identification:_identify(.) by extension 'colcon_meta'
[0.419s] Level 1:colcon.colcon_core.package_identification:_identify(.) by extensions ['ros']
[0.419s] Level 1:colcon.colcon_core.package_identification:_identify(.) by extension 'ros'
[0.432s] Level 1:colcon.colcon_core.package_identification:_identify(.) by extensions ['cmake', 'python']
[0.432s] Level 1:colcon.colcon_core.package_identification:_identify(.) by extension 'cmake'
[0.433s] Level 1:colcon.colcon_core.package_identification:_identify(.) by extension 'python'
[0.433s] Level 1:colcon.colcon_core.package_identification:_identify(.) by extensions ['python_setup_py']
[0.433s] Level 1:colcon.colcon_core.package_identification:_identify(.) by extension 'python_setup_py'
[0.433s] Level 1:colcon.colcon_core.package_identification:_identify(build) by extensions ['ignore', 'ignore_ament_install']
[0.433s] Level 1:colcon.colcon_core.package_identification:_identify(build) by extension 'ignore'
[0.433s] Level 1:colcon.colcon_core.package_identification:_identify(build) ignored
[0.433s] Level 1:colcon.colcon_core.package_identification:_identify(install) by extensions ['ignore', 'ignore_ament_install']
[0.433s] Level 1:colcon.colcon_core.package_identification:_identify(install) by extension 'ignore'
[0.433s] Level 1:colcon.colcon_core.package_identification:_identify(install) ignored
[0.433s] Level 1:colcon.colcon_core.package_identification:_identify(log) by extensions ['ignore', 'ignore_ament_install']
[0.433s] Level 1:colcon.colcon_core.package_identification:_identify(log) by extension 'ignore'
[0.434s] Level 1:colcon.colcon_core.package_identification:_identify(log) ignored
[0.434s] Level 1:colcon.colcon_core.package_identification:_identify(src) by extensions ['ignore', 'ignore_ament_install']
[0.434s] Level 1:colcon.colcon_core.package_identification:_identify(src) by extension 'ignore'
[0.434s] Level 1:colcon.colcon_core.package_identification:_identify(src) by extension 'ignore_ament_install'
[0.434s] Level 1:colcon.colcon_core.package_identification:_identify(src) by extensions ['colcon_pkg']
[0.434s] Level 1:colcon.colcon_core.package_identification:_identify(src) by extension 'colcon_pkg'
[0.434s] Level 1:colcon.colcon_core.package_identification:_identify(src) by extensions ['colcon_meta']
[0.434s] Level 1:colcon.colcon_core.package_identification:_identify(src) by extension 'colcon_meta'
[0.434s] Level 1:colcon.colcon_core.package_identification:_identify(src) by extensions ['ros']
[0.434s] Level 1:colcon.colcon_core.package_identification:_identify(src) by extension 'ros'
[0.434s] Level 1:colcon.colcon_core.package_identification:_identify(src) by extensions ['cmake', 'python']
[0.434s] Level 1:colcon.colcon_core.package_identification:_identify(src) by extension 'cmake'
[0.434s] Level 1:colcon.colcon_core.package_identification:_identify(src) by extension 'python'
[0.434s] Level 1:colcon.colcon_core.package_identification:_identify(src) by extensions ['python_setup_py']
[0.434s] Level 1:colcon.colcon_core.package_identification:_identify(src) by extension 'python_setup_py'
[0.434s] Level 1:colcon.colcon_core.package_identification:_identify(src/detection_launch) by extensions ['ignore', 'ignore_ament_install']
[0.434s] Level 1:colcon.colcon_core.package_identification:_identify(src/detection_launch) by extension 'ignore'
[0.434s] Level 1:colcon.colcon_core.package_identification:_identify(src/detection_launch) by extension 'ignore_ament_install'
[0.435s] Level 1:colcon.colcon_core.package_identification:_identify(src/detection_launch) by extensions ['colcon_pkg']
[0.435s] Level 1:colcon.colcon_core.package_identification:_identify(src/detection_launch) by extension 'colcon_pkg'
[0.435s] Level 1:colcon.colcon_core.package_identification:_identify(src/detection_launch) by extensions ['colcon_meta']
[0.435s] Level 1:colcon.colcon_core.package_identification:_identify(src/detection_launch) by extension 'colcon_meta'
[0.435s] Level 1:colcon.colcon_core.package_identification:_identify(src/detection_launch) by extensions ['ros']
[0.435s] Level 1:colcon.colcon_core.package_identification:_identify(src/detection_launch) by extension 'ros'
[0.438s] DEBUG:colcon.colcon_core.package_identification:Package 'src/detection_launch' with type 'ros.ament_cmake' and name 'detection_launch'
[0.438s] Level 1:colcon.colcon_core.package_identification:_identify(src/object_detector) by extensions ['ignore', 'ignore_ament_install']
[0.438s] Level 1:colcon.colcon_core.package_identification:_identify(src/object_detector) by extension 'ignore'
[0.438s] Level 1:colcon.colcon_core.package_identification:_identify(src/object_detector) by extension 'ignore_ament_install'
[0.438s] Level 1:colcon.colcon_core.package_identification:_identify(src/object_detector) by extensions ['colcon_pkg']
[0.438s] Level 1:colcon.colcon_core.package_identification:_identify(src/object_detector) by extension 'colcon_pkg'
[0.438s] Level 1:colcon.colcon_core.package_identification:_identify(src/object_detector) by extensions ['colcon_meta']
[0.438s] Level 1:colcon.colcon_core.package_identification:_identify(src/object_detector) by extension 'colcon_meta'
[0.438s] Level 1:colcon.colcon_core.package_identification:_identify(src/object_detector) by extensions ['ros']
[0.439s] Level 1:colcon.colcon_core.package_identification:_identify(src/object_detector) by extension 'ros'
[0.440s] DEBUG:colcon.colcon_core.package_identification:Package 'src/object_detector' with type 'ros.ament_cmake' and name 'object_detector'
[0.440s] Level 1:colcon.colcon_core.package_identification:_identify(src/result_viewer) by extensions ['ignore', 'ignore_ament_install']
[0.440s] Level 1:colcon.colcon_core.package_identification:_identify(src/result_viewer) by extension 'ignore'
[0.440s] Level 1:colcon.colcon_core.package_identification:_identify(src/result_viewer) by extension 'ignore_ament_install'
[0.440s] Level 1:colcon.colcon_core.package_identification:_identify(src/result_viewer) by extensions ['colcon_pkg']
[0.440s] Level 1:colcon.colcon_core.package_identification:_identify(src/result_viewer) by extension 'colcon_pkg'
[0.441s] Level 1:colcon.colcon_core.package_identification:_identify(src/result_viewer) by extensions ['colcon_meta']
[0.441s] Level 1:colcon.colcon_core.package_identification:_identify(src/result_viewer) by extension 'colcon_meta'
[0.441s] Level 1:colcon.colcon_core.package_identification:_identify(src/result_viewer) by extensions ['ros']
[0.441s] Level 1:colcon.colcon_core.package_identification:_identify(src/result_viewer) by extension 'ros'
[0.442s] DEBUG:colcon.colcon_core.package_identification:Package 'src/result_viewer' with type 'ros.ament_cmake' and name 'result_viewer'
[0.442s] Level 1:colcon.colcon_core.package_identification:_identify(src/video_publisher) by extensions ['ignore', 'ignore_ament_install']
[0.442s] Level 1:colcon.colcon_core.package_identification:_identify(src/video_publisher) by extension 'ignore'
[0.442s] Level 1:colcon.colcon_core.package_identification:_identify(src/video_publisher) by extension 'ignore_ament_install'
[0.442s] Level 1:colcon.colcon_core.package_identification:_identify(src/video_publisher) by extensions ['colcon_pkg']
[0.442s] Level 1:colcon.colcon_core.package_identification:_identify(src/video_publisher) by extension 'colcon_pkg'
[0.442s] Level 1:colcon.colcon_core.package_identification:_identify(src/video_publisher) by extensions ['colcon_meta']
[0.442s] Level 1:colcon.colcon_core.package_identification:_identify(src/video_publisher) by extension 'colcon_meta'
[0.443s] Level 1:colcon.colcon_core.package_identification:_identify(src/video_publisher) by extensions ['ros']
[0.443s] Level 1:colcon.colcon_core.package_identification:_identify(src/video_publisher) by extension 'ros'
[0.444s] DEBUG:colcon.colcon_core.package_identification:Package 'src/video_publisher' with type 'ros.ament_cmake' and name 'video_publisher'
[0.444s] Level 1:colcon.colcon_core.package_discovery:discover_packages(recursive) using defaults
[0.444s] Level 1:colcon.colcon_core.package_discovery:discover_packages(ignore) discover
[0.444s] Level 1:colcon.colcon_core.package_discovery:discover_packages(ignore) using defaults
[0.444s] Level 1:colcon.colcon_core.package_discovery:discover_packages(path) discover
[0.444s] Level 1:colcon.colcon_core.package_discovery:discover_packages(path) using defaults
[0.480s] Level 1:colcon.colcon_core.package_discovery:discover_packages(prefix_path) check parameters
[0.480s] Level 1:colcon.colcon_core.package_discovery:discover_packages(prefix_path) discover
[0.485s] DEBUG:colcon.colcon_installed_package_information.package_discovery:Found 4 installed packages in /home/lemon/Documents/detect_ros2_ws/install
[0.487s] DEBUG:colcon.colcon_installed_package_information.package_discovery:Found 340 installed packages in /opt/ros/humble
[0.507s] Level 1:colcon.colcon_core.package_discovery:discover_packages(prefix_path) using defaults
[0.568s] Level 5:colcon.colcon_core.verb:set package 'detection_launch' build argument 'cmake_args' from command line to 'None'
[0.568s] Level 5:colcon.colcon_core.verb:set package 'detection_launch' build argument 'cmake_target' from command line to 'None'
[0.568s] Level 5:colcon.colcon_core.verb:set package 'detection_launch' build argument 'cmake_target_skip_unavailable' from command line to 'False'
[0.568s] Level 5:colcon.colcon_core.verb:set package 'detection_launch' build argument 'cmake_clean_cache' from command line to 'False'
[0.568s] Level 5:colcon.colcon_core.verb:set package 'detection_launch' build argument 'cmake_clean_first' from command line to 'False'
[0.568s] Level 5:colcon.colcon_core.verb:set package 'detection_launch' build argument 'cmake_force_configure' from command line to 'False'
[0.568s] Level 5:colcon.colcon_core.verb:set package 'detection_launch' build argument 'ament_cmake_args' from command line to 'None'
[0.568s] Level 5:colcon.colcon_core.verb:set package 'detection_launch' build argument 'catkin_cmake_args' from command line to 'None'
[0.568s] Level 5:colcon.colcon_core.verb:set package 'detection_launch' build argument 'catkin_skip_building_tests' from command line to 'False'
[0.568s] DEBUG:colcon.colcon_core.verb:Building package 'detection_launch' with the following arguments: {'ament_cmake_args': None, 'build_base': '/home/lemon/Documents/detect_ros2_ws/build/detection_launch', 'catkin_cmake_args': None, 'catkin_skip_building_tests': False, 'cmake_args': None, 'cmake_clean_cache': False, 'cmake_clean_first': False, 'cmake_force_configure': False, 'cmake_target': None, 'cmake_target_skip_unavailable': False, 'install_base': '/home/lemon/Documents/detect_ros2_ws/install/detection_launch', 'merge_install': False, 'path': '/home/lemon/Documents/detect_ros2_ws/src/detection_launch', 'symlink_install': False, 'test_result_base': None}
[0.568s] Level 5:colcon.colcon_core.verb:set package 'object_detector' build argument 'cmake_args' from command line to 'None'
[0.568s] Level 5:colcon.colcon_core.verb:set package 'object_detector' build argument 'cmake_target' from command line to 'None'
[0.569s] Level 5:colcon.colcon_core.verb:set package 'object_detector' build argument 'cmake_target_skip_unavailable' from command line to 'False'
[0.569s] Level 5:colcon.colcon_core.verb:set package 'object_detector' build argument 'cmake_clean_cache' from command line to 'False'
[0.569s] Level 5:colcon.colcon_core.verb:set package 'object_detector' build argument 'cmake_clean_first' from command line to 'False'
[0.569s] Level 5:colcon.colcon_core.verb:set package 'object_detector' build argument 'cmake_force_configure' from command line to 'False'
[0.569s] Level 5:colcon.colcon_core.verb:set package 'object_detector' build argument 'ament_cmake_args' from command line to 'None'
[0.569s] Level 5:colcon.colcon_core.verb:set package 'object_detector' build argument 'catkin_cmake_args' from command line to 'None'
[0.569s] Level 5:colcon.colcon_core.verb:set package 'object_detector' build argument 'catkin_skip_building_tests' from command line to 'False'
[0.569s] DEBUG:colcon.colcon_core.verb:Building package 'object_detector' with the following arguments: {'ament_cmake_args': None, 'build_base': '/home/lemon/Documents/detect_ros2_ws/build/object_detector', 'catkin_cmake_args': None, 'catkin_skip_building_tests': False, 'cmake_args': None, 'cmake_clean_cache': False, 'cmake_clean_first': False, 'cmake_force_configure': False, 'cmake_target': None, 'cmake_target_skip_unavailable': False, 'install_base': '/home/lemon/Documents/detect_ros2_ws/install/object_detector', 'merge_install': False, 'path': '/home/lemon/Documents/detect_ros2_ws/src/object_detector', 'symlink_install': False, 'test_result_base': None}
[0.569s] Level 5:colcon.colcon_core.verb:set package 'result_viewer' build argument 'cmake_args' from command line to 'None'
[0.569s] Level 5:colcon.colcon_core.verb:set package 'result_viewer' build argument 'cmake_target' from command line to 'None'
[0.569s] Level 5:colcon.colcon_core.verb:set package 'result_viewer' build argument 'cmake_target_skip_unavailable' from command line to 'False'
[0.569s] Level 5:colcon.colcon_core.verb:set package 'result_viewer' build argument 'cmake_clean_cache' from command line to 'False'
[0.569s] Level 5:colcon.colcon_core.verb:set package 'result_viewer' build argument 'cmake_clean_first' from command line to 'False'
[0.569s] Level 5:colcon.colcon_core.verb:set package 'result_viewer' build argument 'cmake_force_configure' from command line to 'False'
[0.569s] Level 5:colcon.colcon_core.verb:set package 'result_viewer' build argument 'ament_cmake_args' from command line to 'None'
[0.569s] Level 5:colcon.colcon_core.verb:set package 'result_viewer' build argument 'catkin_cmake_args' from command line to 'None'
[0.569s] Level 5:colcon.colcon_core.verb:set package 'result_viewer' build argument 'catkin_skip_building_tests' from command line to 'False'
[0.569s] DEBUG:colcon.colcon_core.verb:Building package 'result_viewer' with the following arguments: {'ament_cmake_args': None, 'build_base': '/home/lemon/Documents/detect_ros2_ws/build/result_viewer', 'catkin_cmake_args': None, 'catkin_skip_building_tests': False, 'cmake_args': None, 'cmake_clean_cache': False, 'cmake_clean_first': False, 'cmake_force_configure': False, 'cmake_target': None, 'cmake_target_skip_unavailable': False, 'install_base': '/home/lemon/Documents/detect_ros2_ws/install/result_viewer', 'merge_install': False, 'path': '/home/lemon/Documents/detect_ros2_ws/src/result_viewer', 'symlink_install': False, 'test_result_base': None}
[0.570s] Level 5:colcon.colcon_core.verb:set package 'video_publisher' build argument 'cmake_args' from command line to 'None'
[0.570s] Level 5:colcon.colcon_core.verb:set package 'video_publisher' build argument 'cmake_target' from command line to 'None'
[0.570s] Level 5:colcon.colcon_core.verb:set package 'video_publisher' build argument 'cmake_target_skip_unavailable' from command line to 'False'
[0.570s] Level 5:colcon.colcon_core.verb:set package 'video_publisher' build argument 'cmake_clean_cache' from command line to 'False'
[0.570s] Level 5:colcon.colcon_core.verb:set package 'video_publisher' build argument 'cmake_clean_first' from command line to 'False'
[0.570s] Level 5:colcon.colcon_core.verb:set package 'video_publisher' build argument 'cmake_force_configure' from command line to 'False'
[0.570s] Level 5:colcon.colcon_core.verb:set package 'video_publisher' build argument 'ament_cmake_args' from command line to 'None'
[0.570s] Level 5:colcon.colcon_core.verb:set package 'video_publisher' build argument 'catkin_cmake_args' from command line to 'None'
[0.570s] Level 5:colcon.colcon_core.verb:set package 'video_publisher' build argument 'catkin_skip_building_tests' from command line to 'False'
[0.570s] DEBUG:colcon.colcon_core.verb:Building package 'video_publisher' with the following arguments: {'ament_cmake_args': None, 'build_base': '/home/lemon/Documents/detect_ros2_ws/build/video_publisher', 'catkin_cmake_args': None, 'catkin_skip_building_tests': False, 'cmake_args': None, 'cmake_clean_cache': False, 'cmake_clean_first': False, 'cmake_force_configure': False, 'cmake_target': None, 'cmake_target_skip_unavailable': False, 'install_base': '/home/lemon/Documents/detect_ros2_ws/install/video_publisher', 'merge_install': False, 'path': '/home/lemon/Documents/detect_ros2_ws/src/video_publisher', 'symlink_install': False, 'test_result_base': None}
[0.570s] INFO:colcon.colcon_core.executor:Executing jobs using 'parallel' executor
[0.571s] DEBUG:colcon.colcon_parallel_executor.executor.parallel:run_until_complete
[0.572s] INFO:colcon.colcon_ros.task.ament_cmake.build:Building ROS package in '/home/lemon/Documents/detect_ros2_ws/src/detection_launch' with build type 'ament_cmake'
[0.572s] INFO:colcon.colcon_cmake.task.cmake.build:Building CMake package in '/home/lemon/Documents/detect_ros2_ws/src/detection_launch'
[0.577s] INFO:colcon.colcon_core.plugin_system:Skipping extension 'colcon_core.shell.bat': Not used on non-Windows systems
[0.577s] INFO:colcon.colcon_core.shell:Skip shell extension 'powershell' for command environment: Not usable outside of PowerShell
[0.577s] DEBUG:colcon.colcon_core.shell:Skip shell extension 'dsv' for command environment
[0.585s] INFO:colcon.colcon_ros.task.ament_cmake.build:Building ROS package in '/home/lemon/Documents/detect_ros2_ws/src/object_detector' with build type 'ament_cmake'
[0.585s] INFO:colcon.colcon_cmake.task.cmake.build:Building CMake package in '/home/lemon/Documents/detect_ros2_ws/src/object_detector'
[0.586s] INFO:colcon.colcon_core.shell:Skip shell extension 'powershell' for command environment: Not usable outside of PowerShell
[0.586s] DEBUG:colcon.colcon_core.shell:Skip shell extension 'dsv' for command environment
[0.602s] DEBUG:colcon.colcon_core.event_handler.log_command:Invoking command in '/home/lemon/Documents/detect_ros2_ws/build/detection_launch': CMAKE_PREFIX_PATH=${CMAKE_PREFIX_PATH}:/opt/ros/humble /usr/bin/cmake --build /home/lemon/Documents/detect_ros2_ws/build/detection_launch -- -j2 -l2
[0.614s] DEBUG:colcon.colcon_core.event_handler.log_command:Invoking command in '/home/lemon/Documents/detect_ros2_ws/build/object_detector': CMAKE_PREFIX_PATH=${CMAKE_PREFIX_PATH}:/opt/ros/humble /usr/bin/cmake --build /home/lemon/Documents/detect_ros2_ws/build/object_detector -- -j2 -l2
[0.695s] DEBUG:colcon.colcon_core.event_handler.log_command:Invoked command in '/home/lemon/Documents/detect_ros2_ws/build/detection_launch' returned '0': CMAKE_PREFIX_PATH=${CMAKE_PREFIX_PATH}:/opt/ros/humble /usr/bin/cmake --build /home/lemon/Documents/detect_ros2_ws/build/detection_launch -- -j2 -l2
[0.728s] DEBUG:colcon.colcon_core.event_handler.log_command:Invoking command in '/home/lemon/Documents/detect_ros2_ws/build/detection_launch': CMAKE_PREFIX_PATH=${CMAKE_PREFIX_PATH}:/opt/ros/humble /usr/bin/cmake --install /home/lemon/Documents/detect_ros2_ws/build/detection_launch
[0.740s] Level 1:colcon.colcon_core.environment:create_environment_scripts_only(detection_launch)
[0.746s] DEBUG:colcon.colcon_core.event_handler.log_command:Invoked command in '/home/lemon/Documents/detect_ros2_ws/build/detection_launch' returned '0': CMAKE_PREFIX_PATH=${CMAKE_PREFIX_PATH}:/opt/ros/humble /usr/bin/cmake --install /home/lemon/Documents/detect_ros2_ws/build/detection_launch
[0.755s] Level 1:colcon.colcon_core.environment:checking '/home/lemon/Documents/detect_ros2_ws/install/detection_launch' for CMake module files
[0.755s] Level 1:colcon.colcon_core.environment:checking '/home/lemon/Documents/detect_ros2_ws/install/detection_launch' for CMake config files
[0.756s] Level 1:colcon.colcon_core.shell:create_environment_hook('detection_launch', 'cmake_prefix_path')
[0.756s] INFO:colcon.colcon_core.shell:Creating environment hook '/home/lemon/Documents/detect_ros2_ws/install/detection_launch/share/detection_launch/hook/cmake_prefix_path.ps1'
[0.757s] INFO:colcon.colcon_core.shell:Creating environment descriptor '/home/lemon/Documents/detect_ros2_ws/install/detection_launch/share/detection_launch/hook/cmake_prefix_path.dsv'
[0.758s] INFO:colcon.colcon_core.shell:Creating environment hook '/home/lemon/Documents/detect_ros2_ws/install/detection_launch/share/detection_launch/hook/cmake_prefix_path.sh'
[0.759s] Level 1:colcon.colcon_core.environment:checking '/home/lemon/Documents/detect_ros2_ws/install/detection_launch/bin'
[0.759s] Level 1:colcon.colcon_core.environment:checking '/home/lemon/Documents/detect_ros2_ws/install/detection_launch/lib/pkgconfig/detection_launch.pc'
[0.760s] Level 1:colcon.colcon_core.environment:checking '/home/lemon/Documents/detect_ros2_ws/install/detection_launch/lib/python3.10/site-packages'
[0.760s] Level 1:colcon.colcon_core.environment:checking '/home/lemon/Documents/detect_ros2_ws/install/detection_launch/bin'
[0.760s] INFO:colcon.colcon_core.shell:Creating package script '/home/lemon/Documents/detect_ros2_ws/install/detection_launch/share/detection_launch/package.ps1'
[0.762s] INFO:colcon.colcon_core.shell:Creating package descriptor '/home/lemon/Documents/detect_ros2_ws/install/detection_launch/share/detection_launch/package.dsv'
[0.763s] INFO:colcon.colcon_core.shell:Creating package script '/home/lemon/Documents/detect_ros2_ws/install/detection_launch/share/detection_launch/package.sh'
[0.764s] INFO:colcon.colcon_core.shell:Creating package script '/home/lemon/Documents/detect_ros2_ws/install/detection_launch/share/detection_launch/package.bash'
[0.765s] INFO:colcon.colcon_core.shell:Creating package script '/home/lemon/Documents/detect_ros2_ws/install/detection_launch/share/detection_launch/package.zsh'
[0.766s] Level 1:colcon.colcon_core.environment:create_file_with_runtime_dependencies(/home/lemon/Documents/detect_ros2_ws/install/detection_launch/share/colcon-core/packages/detection_launch)
[0.768s] Level 1:colcon.colcon_core.environment:create_environment_scripts_only(detection_launch)
[0.768s] Level 1:colcon.colcon_core.environment:checking '/home/lemon/Documents/detect_ros2_ws/install/detection_launch' for CMake module files
[0.768s] Level 1:colcon.colcon_core.environment:checking '/home/lemon/Documents/detect_ros2_ws/install/detection_launch' for CMake config files
[0.769s] Level 1:colcon.colcon_core.shell:create_environment_hook('detection_launch', 'cmake_prefix_path')
[0.769s] INFO:colcon.colcon_core.shell:Creating environment hook '/home/lemon/Documents/detect_ros2_ws/install/detection_launch/share/detection_launch/hook/cmake_prefix_path.ps1'
[0.770s] INFO:colcon.colcon_core.shell:Creating environment descriptor '/home/lemon/Documents/detect_ros2_ws/install/detection_launch/share/detection_launch/hook/cmake_prefix_path.dsv'
[0.770s] INFO:colcon.colcon_core.shell:Creating environment hook '/home/lemon/Documents/detect_ros2_ws/install/detection_launch/share/detection_launch/hook/cmake_prefix_path.sh'
[0.771s] Level 1:colcon.colcon_core.environment:checking '/home/lemon/Documents/detect_ros2_ws/install/detection_launch/bin'
[0.771s] Level 1:colcon.colcon_core.environment:checking '/home/lemon/Documents/detect_ros2_ws/install/detection_launch/lib/pkgconfig/detection_launch.pc'
[0.772s] Level 1:colcon.colcon_core.environment:checking '/home/lemon/Documents/detect_ros2_ws/install/detection_launch/lib/python3.10/site-packages'
[0.772s] Level 1:colcon.colcon_core.environment:checking '/home/lemon/Documents/detect_ros2_ws/install/detection_launch/bin'
[0.772s] INFO:colcon.colcon_core.shell:Creating package script '/home/lemon/Documents/detect_ros2_ws/install/detection_launch/share/detection_launch/package.ps1'
[0.775s] INFO:colcon.colcon_core.shell:Creating package descriptor '/home/lemon/Documents/detect_ros2_ws/install/detection_launch/share/detection_launch/package.dsv'
[0.776s] INFO:colcon.colcon_core.shell:Creating package script '/home/lemon/Documents/detect_ros2_ws/install/detection_launch/share/detection_launch/package.sh'
[0.778s] INFO:colcon.colcon_core.shell:Creating package script '/home/lemon/Documents/detect_ros2_ws/install/detection_launch/share/detection_launch/package.bash'
[0.779s] INFO:colcon.colcon_core.shell:Creating package script '/home/lemon/Documents/detect_ros2_ws/install/detection_launch/share/detection_launch/package.zsh'
[0.780s] Level 1:colcon.colcon_core.environment:create_file_with_runtime_dependencies(/home/lemon/Documents/detect_ros2_ws/install/detection_launch/share/colcon-core/packages/detection_launch)
[0.782s] INFO:colcon.colcon_ros.task.ament_cmake.build:Building ROS package in '/home/lemon/Documents/detect_ros2_ws/src/result_viewer' with build type 'ament_cmake'
[0.782s] INFO:colcon.colcon_cmake.task.cmake.build:Building CMake package in '/home/lemon/Documents/detect_ros2_ws/src/result_viewer'
[0.782s] INFO:colcon.colcon_core.shell:Skip shell extension 'powershell' for command environment: Not usable outside of PowerShell
[0.782s] DEBUG:colcon.colcon_core.shell:Skip shell extension 'dsv' for command environment
[0.803s] DEBUG:colcon.colcon_core.event_handler.log_command:Invoked command in '/home/lemon/Documents/detect_ros2_ws/build/object_detector' returned '0': CMAKE_PREFIX_PATH=${CMAKE_PREFIX_PATH}:/opt/ros/humble /usr/bin/cmake --build /home/lemon/Documents/detect_ros2_ws/build/object_detector -- -j2 -l2
[0.807s] DEBUG:colcon.colcon_core.event_handler.log_command:Invoking command in '/home/lemon/Documents/detect_ros2_ws/build/object_detector': CMAKE_PREFIX_PATH=${CMAKE_PREFIX_PATH}:/opt/ros/humble /usr/bin/cmake --install /home/lemon/Documents/detect_ros2_ws/build/object_detector
[0.827s] DEBUG:colcon.colcon_core.event_handler.log_command:Invoking command in '/home/lemon/Documents/detect_ros2_ws/build/result_viewer': CMAKE_PREFIX_PATH=${CMAKE_PREFIX_PATH}:/opt/ros/humble /usr/bin/cmake --build /home/lemon/Documents/detect_ros2_ws/build/result_viewer -- -j2 -l2
[0.840s] Level 1:colcon.colcon_core.environment:create_environment_scripts_only(object_detector)
[0.840s] Level 1:colcon.colcon_core.environment:checking '/home/lemon/Documents/detect_ros2_ws/install/object_detector' for CMake module files
[0.841s] Level 1:colcon.colcon_core.environment:checking '/home/lemon/Documents/detect_ros2_ws/install/object_detector' for CMake config files
[0.841s] DEBUG:colcon.colcon_core.event_handler.log_command:Invoked command in '/home/lemon/Documents/detect_ros2_ws/build/object_detector' returned '0': CMAKE_PREFIX_PATH=${CMAKE_PREFIX_PATH}:/opt/ros/humble /usr/bin/cmake --install /home/lemon/Documents/detect_ros2_ws/build/object_detector
[0.843s] Level 1:colcon.colcon_core.shell:create_environment_hook('object_detector', 'cmake_prefix_path')
[0.843s] INFO:colcon.colcon_core.shell:Creating environment hook '/home/lemon/Documents/detect_ros2_ws/install/object_detector/share/object_detector/hook/cmake_prefix_path.ps1'
[0.847s] INFO:colcon.colcon_core.shell:Creating environment descriptor '/home/lemon/Documents/detect_ros2_ws/install/object_detector/share/object_detector/hook/cmake_prefix_path.dsv'
[0.848s] INFO:colcon.colcon_core.shell:Creating environment hook '/home/lemon/Documents/detect_ros2_ws/install/object_detector/share/object_detector/hook/cmake_prefix_path.sh'
[0.849s] Level 1:colcon.colcon_core.environment:checking '/home/lemon/Documents/detect_ros2_ws/install/object_detector/lib'
[0.849s] Level 1:colcon.colcon_core.environment:checking '/home/lemon/Documents/detect_ros2_ws/install/object_detector/bin'
[0.849s] Level 1:colcon.colcon_core.environment:checking '/home/lemon/Documents/detect_ros2_ws/install/object_detector/lib/pkgconfig/object_detector.pc'
[0.850s] Level 1:colcon.colcon_core.environment:checking '/home/lemon/Documents/detect_ros2_ws/install/object_detector/lib/python3.10/site-packages'
[0.850s] Level 1:colcon.colcon_core.environment:checking '/home/lemon/Documents/detect_ros2_ws/install/object_detector/bin'
[0.850s] INFO:colcon.colcon_core.shell:Creating package script '/home/lemon/Documents/detect_ros2_ws/install/object_detector/share/object_detector/package.ps1'
[0.856s] INFO:colcon.colcon_core.shell:Creating package descriptor '/home/lemon/Documents/detect_ros2_ws/install/object_detector/share/object_detector/package.dsv'
[0.857s] INFO:colcon.colcon_core.shell:Creating package script '/home/lemon/Documents/detect_ros2_ws/install/object_detector/share/object_detector/package.sh'
[0.860s] INFO:colcon.colcon_core.shell:Creating package script '/home/lemon/Documents/detect_ros2_ws/install/object_detector/share/object_detector/package.bash'
[0.861s] INFO:colcon.colcon_core.shell:Creating package script '/home/lemon/Documents/detect_ros2_ws/install/object_detector/share/object_detector/package.zsh'
[0.864s] Level 1:colcon.colcon_core.environment:create_file_with_runtime_dependencies(/home/lemon/Documents/detect_ros2_ws/install/object_detector/share/colcon-core/packages/object_detector)
[0.865s] Level 1:colcon.colcon_core.environment:create_environment_scripts_only(object_detector)
[0.865s] Level 1:colcon.colcon_core.environment:checking '/home/lemon/Documents/detect_ros2_ws/install/object_detector' for CMake module files
[0.866s] Level 1:colcon.colcon_core.environment:checking '/home/lemon/Documents/detect_ros2_ws/install/object_detector' for CMake config files
[0.866s] Level 1:colcon.colcon_core.shell:create_environment_hook('object_detector', 'cmake_prefix_path')
[0.867s] INFO:colcon.colcon_core.shell:Creating environment hook '/home/lemon/Documents/detect_ros2_ws/install/object_detector/share/object_detector/hook/cmake_prefix_path.ps1'
[0.873s] INFO:colcon.colcon_core.shell:Creating environment descriptor '/home/lemon/Documents/detect_ros2_ws/install/object_detector/share/object_detector/hook/cmake_prefix_path.dsv'
[0.874s] INFO:colcon.colcon_core.shell:Creating environment hook '/home/lemon/Documents/detect_ros2_ws/install/object_detector/share/object_detector/hook/cmake_prefix_path.sh'
[0.876s] Level 1:colcon.colcon_core.environment:checking '/home/lemon/Documents/detect_ros2_ws/install/object_detector/lib'
[0.876s] Level 1:colcon.colcon_core.environment:checking '/home/lemon/Documents/detect_ros2_ws/install/object_detector/bin'
[0.876s] Level 1:colcon.colcon_core.environment:checking '/home/lemon/Documents/detect_ros2_ws/install/object_detector/lib/pkgconfig/object_detector.pc'
[0.877s] Level 1:colcon.colcon_core.environment:checking '/home/lemon/Documents/detect_ros2_ws/install/object_detector/lib/python3.10/site-packages'
[0.877s] Level 1:colcon.colcon_core.environment:checking '/home/lemon/Documents/detect_ros2_ws/install/object_detector/bin'
[0.877s] INFO:colcon.colcon_core.shell:Creating package script '/home/lemon/Documents/detect_ros2_ws/install/object_detector/share/object_detector/package.ps1'
[0.881s] INFO:colcon.colcon_core.shell:Creating package descriptor '/home/lemon/Documents/detect_ros2_ws/install/object_detector/share/object_detector/package.dsv'
[0.882s] INFO:colcon.colcon_core.shell:Creating package script '/home/lemon/Documents/detect_ros2_ws/install/object_detector/share/object_detector/package.sh'
[0.886s] INFO:colcon.colcon_core.shell:Creating package script '/home/lemon/Documents/detect_ros2_ws/install/object_detector/share/object_detector/package.bash'
[0.887s] INFO:colcon.colcon_core.shell:Creating package script '/home/lemon/Documents/detect_ros2_ws/install/object_detector/share/object_detector/package.zsh'
[0.890s] Level 1:colcon.colcon_core.environment:create_file_with_runtime_dependencies(/home/lemon/Documents/detect_ros2_ws/install/object_detector/share/colcon-core/packages/object_detector)
[0.891s] INFO:colcon.colcon_ros.task.ament_cmake.build:Building ROS package in '/home/lemon/Documents/detect_ros2_ws/src/video_publisher' with build type 'ament_cmake'
[0.891s] INFO:colcon.colcon_cmake.task.cmake.build:Building CMake package in '/home/lemon/Documents/detect_ros2_ws/src/video_publisher'
[0.891s] INFO:colcon.colcon_core.shell:Skip shell extension 'powershell' for command environment: Not usable outside of PowerShell
[0.891s] DEBUG:colcon.colcon_core.shell:Skip shell extension 'dsv' for command environment
[0.937s] DEBUG:colcon.colcon_core.event_handler.log_command:Invoking command in '/home/lemon/Documents/detect_ros2_ws/build/video_publisher': CMAKE_PREFIX_PATH=${CMAKE_PREFIX_PATH}:/opt/ros/humble /usr/bin/cmake --build /home/lemon/Documents/detect_ros2_ws/build/video_publisher -- -j2 -l2
[1.030s] DEBUG:colcon.colcon_core.event_handler.log_command:Invoked command in '/home/lemon/Documents/detect_ros2_ws/build/result_viewer' returned '0': CMAKE_PREFIX_PATH=${CMAKE_PREFIX_PATH}:/opt/ros/humble /usr/bin/cmake --build /home/lemon/Documents/detect_ros2_ws/build/result_viewer -- -j2 -l2
[1.039s] DEBUG:colcon.colcon_core.event_handler.log_command:Invoking command in '/home/lemon/Documents/detect_ros2_ws/build/result_viewer': CMAKE_PREFIX_PATH=${CMAKE_PREFIX_PATH}:/opt/ros/humble /usr/bin/cmake --install /home/lemon/Documents/detect_ros2_ws/build/result_viewer
[1.057s] Level 1:colcon.colcon_core.environment:create_environment_scripts_only(result_viewer)
[1.058s] Level 1:colcon.colcon_core.environment:checking '/home/lemon/Documents/detect_ros2_ws/install/result_viewer' for CMake module files
[1.059s] Level 1:colcon.colcon_core.environment:checking '/home/lemon/Documents/detect_ros2_ws/install/result_viewer' for CMake config files
[1.061s] Level 1:colcon.colcon_core.shell:create_environment_hook('result_viewer', 'cmake_prefix_path')
[1.062s] INFO:colcon.colcon_core.shell:Creating environment hook '/home/lemon/Documents/detect_ros2_ws/install/result_viewer/share/result_viewer/hook/cmake_prefix_path.ps1'
[1.062s] DEBUG:colcon.colcon_core.event_handler.log_command:Invoked command in '/home/lemon/Documents/detect_ros2_ws/build/result_viewer' returned '0': CMAKE_PREFIX_PATH=${CMAKE_PREFIX_PATH}:/opt/ros/humble /usr/bin/cmake --install /home/lemon/Documents/detect_ros2_ws/build/result_viewer
[1.065s] INFO:colcon.colcon_core.shell:Creating environment descriptor '/home/lemon/Documents/detect_ros2_ws/install/result_viewer/share/result_viewer/hook/cmake_prefix_path.dsv'
[1.066s] INFO:colcon.colcon_core.shell:Creating environment hook '/home/lemon/Documents/detect_ros2_ws/install/result_viewer/share/result_viewer/hook/cmake_prefix_path.sh'
[1.072s] Level 1:colcon.colcon_core.environment:checking '/home/lemon/Documents/detect_ros2_ws/install/result_viewer/lib'
[1.072s] Level 1:colcon.colcon_core.environment:checking '/home/lemon/Documents/detect_ros2_ws/install/result_viewer/bin'
[1.072s] Level 1:colcon.colcon_core.environment:checking '/home/lemon/Documents/detect_ros2_ws/install/result_viewer/lib/pkgconfig/result_viewer.pc'
[1.072s] Level 1:colcon.colcon_core.environment:checking '/home/lemon/Documents/detect_ros2_ws/install/result_viewer/lib/python3.10/site-packages'
[1.072s] Level 1:colcon.colcon_core.environment:checking '/home/lemon/Documents/detect_ros2_ws/install/result_viewer/bin'
[1.073s] INFO:colcon.colcon_core.shell:Creating package script '/home/lemon/Documents/detect_ros2_ws/install/result_viewer/share/result_viewer/package.ps1'
[1.074s] INFO:colcon.colcon_core.shell:Creating package descriptor '/home/lemon/Documents/detect_ros2_ws/install/result_viewer/share/result_viewer/package.dsv'
[1.075s] INFO:colcon.colcon_core.shell:Creating package script '/home/lemon/Documents/detect_ros2_ws/install/result_viewer/share/result_viewer/package.sh'
[1.076s] INFO:colcon.colcon_core.shell:Creating package script '/home/lemon/Documents/detect_ros2_ws/install/result_viewer/share/result_viewer/package.bash'
[1.076s] INFO:colcon.colcon_core.shell:Creating package script '/home/lemon/Documents/detect_ros2_ws/install/result_viewer/share/result_viewer/package.zsh'
[1.077s] Level 1:colcon.colcon_core.environment:create_file_with_runtime_dependencies(/home/lemon/Documents/detect_ros2_ws/install/result_viewer/share/colcon-core/packages/result_viewer)
[1.078s] Level 1:colcon.colcon_core.environment:create_environment_scripts_only(result_viewer)
[1.079s] Level 1:colcon.colcon_core.environment:checking '/home/lemon/Documents/detect_ros2_ws/install/result_viewer' for CMake module files
[1.079s] Level 1:colcon.colcon_core.environment:checking '/home/lemon/Documents/detect_ros2_ws/install/result_viewer' for CMake config files
[1.079s] Level 1:colcon.colcon_core.shell:create_environment_hook('result_viewer', 'cmake_prefix_path')
[1.080s] INFO:colcon.colcon_core.shell:Creating environment hook '/home/lemon/Documents/detect_ros2_ws/install/result_viewer/share/result_viewer/hook/cmake_prefix_path.ps1'
[1.081s] INFO:colcon.colcon_core.shell:Creating environment descriptor '/home/lemon/Documents/detect_ros2_ws/install/result_viewer/share/result_viewer/hook/cmake_prefix_path.dsv'
[1.081s] INFO:colcon.colcon_core.shell:Creating environment hook '/home/lemon/Documents/detect_ros2_ws/install/result_viewer/share/result_viewer/hook/cmake_prefix_path.sh'
[1.082s] Level 1:colcon.colcon_core.environment:checking '/home/lemon/Documents/detect_ros2_ws/install/result_viewer/lib'
[1.083s] Level 1:colcon.colcon_core.environment:checking '/home/lemon/Documents/detect_ros2_ws/install/result_viewer/bin'
[1.083s] Level 1:colcon.colcon_core.environment:checking '/home/lemon/Documents/detect_ros2_ws/install/result_viewer/lib/pkgconfig/result_viewer.pc'
[1.083s] Level 1:colcon.colcon_core.environment:checking '/home/lemon/Documents/detect_ros2_ws/install/result_viewer/lib/python3.10/site-packages'
[1.083s] Level 1:colcon.colcon_core.environment:checking '/home/lemon/Documents/detect_ros2_ws/install/result_viewer/bin'
[1.084s] INFO:colcon.colcon_core.shell:Creating package script '/home/lemon/Documents/detect_ros2_ws/install/result_viewer/share/result_viewer/package.ps1'
[1.085s] INFO:colcon.colcon_core.shell:Creating package descriptor '/home/lemon/Documents/detect_ros2_ws/install/result_viewer/share/result_viewer/package.dsv'
[1.086s] INFO:colcon.colcon_core.shell:Creating package script '/home/lemon/Documents/detect_ros2_ws/install/result_viewer/share/result_viewer/package.sh'
[1.087s] INFO:colcon.colcon_core.shell:Creating package script '/home/lemon/Documents/detect_ros2_ws/install/result_viewer/share/result_viewer/package.bash'
[1.088s] INFO:colcon.colcon_core.shell:Creating package script '/home/lemon/Documents/detect_ros2_ws/install/result_viewer/share/result_viewer/package.zsh'
[1.089s] Level 1:colcon.colcon_core.environment:create_file_with_runtime_dependencies(/home/lemon/Documents/detect_ros2_ws/install/result_viewer/share/colcon-core/packages/result_viewer)
[1.108s] DEBUG:colcon.colcon_core.event_handler.log_command:Invoked command in '/home/lemon/Documents/detect_ros2_ws/build/video_publisher' returned '0': CMAKE_PREFIX_PATH=${CMAKE_PREFIX_PATH}:/opt/ros/humble /usr/bin/cmake --build /home/lemon/Documents/detect_ros2_ws/build/video_publisher -- -j2 -l2
[1.109s] DEBUG:colcon.colcon_core.event_handler.log_command:Invoking command in '/home/lemon/Documents/detect_ros2_ws/build/video_publisher': CMAKE_PREFIX_PATH=${CMAKE_PREFIX_PATH}:/opt/ros/humble /usr/bin/cmake --install /home/lemon/Documents/detect_ros2_ws/build/video_publisher
[1.136s] Level 1:colcon.colcon_core.environment:create_environment_scripts_only(video_publisher)
[1.139s] Level 1:colcon.colcon_core.environment:checking '/home/lemon/Documents/detect_ros2_ws/install/video_publisher' for CMake module files
[1.137s] DEBUG:colcon.colcon_core.event_handler.log_command:Invoked command in '/home/lemon/Documents/detect_ros2_ws/build/video_publisher' returned '0': CMAKE_PREFIX_PATH=${CMAKE_PREFIX_PATH}:/opt/ros/humble /usr/bin/cmake --install /home/lemon/Documents/detect_ros2_ws/build/video_publisher
[1.140s] Level 1:colcon.colcon_core.environment:checking '/home/lemon/Documents/detect_ros2_ws/install/video_publisher' for CMake config files
[1.140s] Level 1:colcon.colcon_core.shell:create_environment_hook('video_publisher', 'cmake_prefix_path')
[1.140s] INFO:colcon.colcon_core.shell:Creating environment hook '/home/lemon/Documents/detect_ros2_ws/install/video_publisher/share/video_publisher/hook/cmake_prefix_path.ps1'
[1.141s] INFO:colcon.colcon_core.shell:Creating environment descriptor '/home/lemon/Documents/detect_ros2_ws/install/video_publisher/share/video_publisher/hook/cmake_prefix_path.dsv'
[1.142s] INFO:colcon.colcon_core.shell:Creating environment hook '/home/lemon/Documents/detect_ros2_ws/install/video_publisher/share/video_publisher/hook/cmake_prefix_path.sh'
[1.143s] Level 1:colcon.colcon_core.environment:checking '/home/lemon/Documents/detect_ros2_ws/install/video_publisher/lib'
[1.143s] Level 1:colcon.colcon_core.environment:checking '/home/lemon/Documents/detect_ros2_ws/install/video_publisher/bin'
[1.143s] Level 1:colcon.colcon_core.environment:checking '/home/lemon/Documents/detect_ros2_ws/install/video_publisher/lib/pkgconfig/video_publisher.pc'
[1.144s] Level 1:colcon.colcon_core.environment:checking '/home/lemon/Documents/detect_ros2_ws/install/video_publisher/lib/python3.10/site-packages'
[1.145s] Level 1:colcon.colcon_core.environment:checking '/home/lemon/Documents/detect_ros2_ws/install/video_publisher/bin'
[1.145s] INFO:colcon.colcon_core.shell:Creating package script '/home/lemon/Documents/detect_ros2_ws/install/video_publisher/share/video_publisher/package.ps1'
[1.146s] INFO:colcon.colcon_core.shell:Creating package descriptor '/home/lemon/Documents/detect_ros2_ws/install/video_publisher/share/video_publisher/package.dsv'
[1.147s] INFO:colcon.colcon_core.shell:Creating package script '/home/lemon/Documents/detect_ros2_ws/install/video_publisher/share/video_publisher/package.sh'
[1.149s] INFO:colcon.colcon_core.shell:Creating package script '/home/lemon/Documents/detect_ros2_ws/install/video_publisher/share/video_publisher/package.bash'
[1.150s] INFO:colcon.colcon_core.shell:Creating package script '/home/lemon/Documents/detect_ros2_ws/install/video_publisher/share/video_publisher/package.zsh'
[1.151s] Level 1:colcon.colcon_core.environment:create_file_with_runtime_dependencies(/home/lemon/Documents/detect_ros2_ws/install/video_publisher/share/colcon-core/packages/video_publisher)
[1.152s] Level 1:colcon.colcon_core.environment:create_environment_scripts_only(video_publisher)
[1.152s] Level 1:colcon.colcon_core.environment:checking '/home/lemon/Documents/detect_ros2_ws/install/video_publisher' for CMake module files
[1.153s] Level 1:colcon.colcon_core.environment:checking '/home/lemon/Documents/detect_ros2_ws/install/video_publisher' for CMake config files
[1.153s] Level 1:colcon.colcon_core.shell:create_environment_hook('video_publisher', 'cmake_prefix_path')
[1.153s] INFO:colcon.colcon_core.shell:Creating environment hook '/home/lemon/Documents/detect_ros2_ws/install/video_publisher/share/video_publisher/hook/cmake_prefix_path.ps1'
[1.154s] INFO:colcon.colcon_core.shell:Creating environment descriptor '/home/lemon/Documents/detect_ros2_ws/install/video_publisher/share/video_publisher/hook/cmake_prefix_path.dsv'
[1.155s] INFO:colcon.colcon_core.shell:Creating environment hook '/home/lemon/Documents/detect_ros2_ws/install/video_publisher/share/video_publisher/hook/cmake_prefix_path.sh'
[1.156s] Level 1:colcon.colcon_core.environment:checking '/home/lemon/Documents/detect_ros2_ws/install/video_publisher/lib'
[1.156s] Level 1:colcon.colcon_core.environment:checking '/home/lemon/Documents/detect_ros2_ws/install/video_publisher/bin'
[1.156s] Level 1:colcon.colcon_core.environment:checking '/home/lemon/Documents/detect_ros2_ws/install/video_publisher/lib/pkgconfig/video_publisher.pc'
[1.156s] Level 1:colcon.colcon_core.environment:checking '/home/lemon/Documents/detect_ros2_ws/install/video_publisher/lib/python3.10/site-packages'
[1.157s] Level 1:colcon.colcon_core.environment:checking '/home/lemon/Documents/detect_ros2_ws/install/video_publisher/bin'
[1.157s] INFO:colcon.colcon_core.shell:Creating package script '/home/lemon/Documents/detect_ros2_ws/install/video_publisher/share/video_publisher/package.ps1'
[1.159s] INFO:colcon.colcon_core.shell:Creating package descriptor '/home/lemon/Documents/detect_ros2_ws/install/video_publisher/share/video_publisher/package.dsv'
[1.161s] INFO:colcon.colcon_core.shell:Creating package script '/home/lemon/Documents/detect_ros2_ws/install/video_publisher/share/video_publisher/package.sh'
[1.162s] INFO:colcon.colcon_core.shell:Creating package script '/home/lemon/Documents/detect_ros2_ws/install/video_publisher/share/video_publisher/package.bash'
[1.163s] INFO:colcon.colcon_core.shell:Creating package script '/home/lemon/Documents/detect_ros2_ws/install/video_publisher/share/video_publisher/package.zsh'
[1.164s] Level 1:colcon.colcon_core.environment:create_file_with_runtime_dependencies(/home/lemon/Documents/detect_ros2_ws/install/video_publisher/share/colcon-core/packages/video_publisher)
[1.166s] DEBUG:colcon.colcon_parallel_executor.executor.parallel:closing loop
[1.166s] DEBUG:colcon.colcon_parallel_executor.executor.parallel:loop closed
[1.166s] DEBUG:colcon.colcon_parallel_executor.executor.parallel:run_until_complete finished with '0'
[1.166s] DEBUG:colcon.colcon_core.event_reactor:joining thread
[1.177s] INFO:colcon.colcon_core.plugin_system:Skipping extension 'colcon_notification.desktop_notification.terminal_notifier': Not used on non-Darwin systems
[1.177s] INFO:colcon.colcon_core.plugin_system:Skipping extension 'colcon_notification.desktop_notification.win32': Not used on non-Windows systems
[1.178s] INFO:colcon.colcon_notification.desktop_notification:Sending desktop notification using 'notify2'
[1.207s] DEBUG:colcon.colcon_core.event_reactor:joined thread
[1.208s] INFO:colcon.colcon_core.shell:Creating prefix script '/home/lemon/Documents/detect_ros2_ws/install/local_setup.ps1'
[1.214s] INFO:colcon.colcon_core.shell:Creating prefix util module '/home/lemon/Documents/detect_ros2_ws/install/_local_setup_util_ps1.py'
[1.217s] INFO:colcon.colcon_core.shell:Creating prefix chain script '/home/lemon/Documents/detect_ros2_ws/install/setup.ps1'
[1.225s] INFO:colcon.colcon_core.shell:Creating prefix script '/home/lemon/Documents/detect_ros2_ws/install/local_setup.sh'
[1.226s] INFO:colcon.colcon_core.shell:Creating prefix util module '/home/lemon/Documents/detect_ros2_ws/install/_local_setup_util_sh.py'
[1.229s] INFO:colcon.colcon_core.shell:Creating prefix chain script '/home/lemon/Documents/detect_ros2_ws/install/setup.sh'
[1.232s] INFO:colcon.colcon_core.shell:Creating prefix script '/home/lemon/Documents/detect_ros2_ws/install/local_setup.bash'
[1.234s] INFO:colcon.colcon_core.shell:Creating prefix chain script '/home/lemon/Documents/detect_ros2_ws/install/setup.bash'
[1.240s] INFO:colcon.colcon_core.shell:Creating prefix script '/home/lemon/Documents/detect_ros2_ws/install/local_setup.zsh'
[1.241s] INFO:colcon.colcon_core.shell:Creating prefix chain script '/home/lemon/Documents/detect_ros2_ws/install/setup.zsh'
